[2018-06-28 23:17:57,344] INFO KafkaConfig values: 
	advertised.host.name = null
	advertised.listeners = null
	advertised.port = null
	alter.config.policy.class.name = null
	authorizer.class.name = 
	auto.create.topics.enable = true
	auto.leader.rebalance.enable = true
	background.threads = 10
	broker.id = 0
	broker.id.generation.enable = true
	broker.rack = null
	compression.type = producer
	connections.max.idle.ms = 600000
	controlled.shutdown.enable = true
	controlled.shutdown.max.retries = 3
	controlled.shutdown.retry.backoff.ms = 5000
	controller.socket.timeout.ms = 30000
	create.topic.policy.class.name = null
	default.replication.factor = 1
	delete.records.purgatory.purge.interval.requests = 1
	delete.topic.enable = true
	fetch.purgatory.purge.interval.requests = 1000
	group.initial.rebalance.delay.ms = 0
	group.max.session.timeout.ms = 300000
	group.min.session.timeout.ms = 6000
	host.name = 
	inter.broker.listener.name = null
	inter.broker.protocol.version = 1.0-IV0
	leader.imbalance.check.interval.seconds = 300
	leader.imbalance.per.broker.percentage = 10
	listener.security.protocol.map = PLAINTEXT:PLAINTEXT,SSL:SSL,SASL_PLAINTEXT:SASL_PLAINTEXT,SASL_SSL:SASL_SSL
	listeners = null
	log.cleaner.backoff.ms = 15000
	log.cleaner.dedupe.buffer.size = 134217728
	log.cleaner.delete.retention.ms = 86400000
	log.cleaner.enable = true
	log.cleaner.io.buffer.load.factor = 0.9
	log.cleaner.io.buffer.size = 524288
	log.cleaner.io.max.bytes.per.second = 1.7976931348623157E308
	log.cleaner.min.cleanable.ratio = 0.5
	log.cleaner.min.compaction.lag.ms = 0
	log.cleaner.threads = 1
	log.cleanup.policy = [delete]
	log.dir = /tmp/kafka-logs
	log.dirs = /tmp/kafka-logs
	log.flush.interval.messages = 9223372036854775807
	log.flush.interval.ms = null
	log.flush.offset.checkpoint.interval.ms = 60000
	log.flush.scheduler.interval.ms = 9223372036854775807
	log.flush.start.offset.checkpoint.interval.ms = 60000
	log.index.interval.bytes = 4096
	log.index.size.max.bytes = 10485760
	log.message.format.version = 1.0-IV0
	log.message.timestamp.difference.max.ms = 9223372036854775807
	log.message.timestamp.type = CreateTime
	log.preallocate = false
	log.retention.bytes = -1
	log.retention.check.interval.ms = 300000
	log.retention.hours = 168
	log.retention.minutes = null
	log.retention.ms = null
	log.roll.hours = 168
	log.roll.jitter.hours = 0
	log.roll.jitter.ms = null
	log.roll.ms = null
	log.segment.bytes = 1073741824
	log.segment.delete.delay.ms = 60000
	max.connections.per.ip = 2147483647
	max.connections.per.ip.overrides = 
	message.max.bytes = 1000012
	metric.reporters = []
	metrics.num.samples = 2
	metrics.recording.level = INFO
	metrics.sample.window.ms = 30000
	min.insync.replicas = 1
	num.io.threads = 8
	num.network.threads = 3
	num.partitions = 1
	num.recovery.threads.per.data.dir = 1
	num.replica.fetchers = 1
	offset.metadata.max.bytes = 4096
	offsets.commit.required.acks = -1
	offsets.commit.timeout.ms = 5000
	offsets.load.buffer.size = 5242880
	offsets.retention.check.interval.ms = 600000
	offsets.retention.minutes = 1440
	offsets.topic.compression.codec = 0
	offsets.topic.num.partitions = 50
	offsets.topic.replication.factor = 1
	offsets.topic.segment.bytes = 104857600
	port = 9092
	principal.builder.class = null
	producer.purgatory.purge.interval.requests = 1000
	queued.max.request.bytes = -1
	queued.max.requests = 500
	quota.consumer.default = 9223372036854775807
	quota.producer.default = 9223372036854775807
	quota.window.num = 11
	quota.window.size.seconds = 1
	replica.fetch.backoff.ms = 1000
	replica.fetch.max.bytes = 1048576
	replica.fetch.min.bytes = 1
	replica.fetch.response.max.bytes = 10485760
	replica.fetch.wait.max.ms = 500
	replica.high.watermark.checkpoint.interval.ms = 5000
	replica.lag.time.max.ms = 10000
	replica.socket.receive.buffer.bytes = 65536
	replica.socket.timeout.ms = 30000
	replication.quota.window.num = 11
	replication.quota.window.size.seconds = 1
	request.timeout.ms = 30000
	reserved.broker.max.id = 1000
	sasl.enabled.mechanisms = [GSSAPI]
	sasl.kerberos.kinit.cmd = /usr/bin/kinit
	sasl.kerberos.min.time.before.relogin = 60000
	sasl.kerberos.principal.to.local.rules = [DEFAULT]
	sasl.kerberos.service.name = null
	sasl.kerberos.ticket.renew.jitter = 0.05
	sasl.kerberos.ticket.renew.window.factor = 0.8
	sasl.mechanism.inter.broker.protocol = GSSAPI
	security.inter.broker.protocol = PLAINTEXT
	socket.receive.buffer.bytes = 102400
	socket.request.max.bytes = 104857600
	socket.send.buffer.bytes = 102400
	ssl.cipher.suites = null
	ssl.client.auth = none
	ssl.enabled.protocols = [TLSv1.2, TLSv1.1, TLSv1]
	ssl.endpoint.identification.algorithm = null
	ssl.key.password = null
	ssl.keymanager.algorithm = SunX509
	ssl.keystore.location = null
	ssl.keystore.password = null
	ssl.keystore.type = JKS
	ssl.protocol = TLS
	ssl.provider = null
	ssl.secure.random.implementation = null
	ssl.trustmanager.algorithm = PKIX
	ssl.truststore.location = null
	ssl.truststore.password = null
	ssl.truststore.type = JKS
	transaction.abort.timed.out.transaction.cleanup.interval.ms = 60000
	transaction.max.timeout.ms = 900000
	transaction.remove.expired.transaction.cleanup.interval.ms = 3600000
	transaction.state.log.load.buffer.size = 5242880
	transaction.state.log.min.isr = 1
	transaction.state.log.num.partitions = 50
	transaction.state.log.replication.factor = 1
	transaction.state.log.segment.bytes = 104857600
	transactional.id.expiration.ms = 604800000
	unclean.leader.election.enable = false
	zookeeper.connect = localhost:2181
	zookeeper.connection.timeout.ms = 6000
	zookeeper.session.timeout.ms = 6000
	zookeeper.set.acl = false
	zookeeper.sync.time.ms = 2000
 (kafka.server.KafkaConfig)
[2018-06-28 23:17:57,431] INFO starting (kafka.server.KafkaServer)
[2018-06-28 23:17:57,433] INFO Connecting to zookeeper on localhost:2181 (kafka.server.KafkaServer)
[2018-06-28 23:17:57,464] INFO Starting ZkClient event thread. (org.I0Itec.zkclient.ZkEventThread)
[2018-06-28 23:17:57,473] INFO Client environment:zookeeper.version=3.4.10-39d3a4f269333c922ed3db283be479f9deacaa0f, built on 03/23/2017 10:13 GMT (org.apache.zookeeper.ZooKeeper)
[2018-06-28 23:17:57,473] INFO Client environment:host.name=10.0.0.9 (org.apache.zookeeper.ZooKeeper)
[2018-06-28 23:17:57,473] INFO Client environment:java.version=1.8.0_171 (org.apache.zookeeper.ZooKeeper)
[2018-06-28 23:17:57,473] INFO Client environment:java.vendor=Oracle Corporation (org.apache.zookeeper.ZooKeeper)
[2018-06-28 23:17:57,473] INFO Client environment:java.home=/usr/lib/jvm/java-8-openjdk-amd64/jre (org.apache.zookeeper.ZooKeeper)
[2018-06-28 23:17:57,474] INFO Client environment:java.class.path=:/home/bt-intern5/Coding/Python/Iris/bin/../res/Apps/kafka/bin/../libs/aopalliance-repackaged-2.5.0-b32.jar:/home/bt-intern5/Coding/Python/Iris/bin/../res/Apps/kafka/bin/../libs/argparse4j-0.7.0.jar:/home/bt-intern5/Coding/Python/Iris/bin/../res/Apps/kafka/bin/../libs/commons-lang3-3.5.jar:/home/bt-intern5/Coding/Python/Iris/bin/../res/Apps/kafka/bin/../libs/connect-api-1.0.0.jar:/home/bt-intern5/Coding/Python/Iris/bin/../res/Apps/kafka/bin/../libs/connect-file-1.0.0.jar:/home/bt-intern5/Coding/Python/Iris/bin/../res/Apps/kafka/bin/../libs/connect-json-1.0.0.jar:/home/bt-intern5/Coding/Python/Iris/bin/../res/Apps/kafka/bin/../libs/connect-runtime-1.0.0.jar:/home/bt-intern5/Coding/Python/Iris/bin/../res/Apps/kafka/bin/../libs/connect-transforms-1.0.0.jar:/home/bt-intern5/Coding/Python/Iris/bin/../res/Apps/kafka/bin/../libs/guava-20.0.jar:/home/bt-intern5/Coding/Python/Iris/bin/../res/Apps/kafka/bin/../libs/hk2-api-2.5.0-b32.jar:/home/bt-intern5/Coding/Python/Iris/bin/../res/Apps/kafka/bin/../libs/hk2-locator-2.5.0-b32.jar:/home/bt-intern5/Coding/Python/Iris/bin/../res/Apps/kafka/bin/../libs/hk2-utils-2.5.0-b32.jar:/home/bt-intern5/Coding/Python/Iris/bin/../res/Apps/kafka/bin/../libs/jackson-annotations-2.9.1.jar:/home/bt-intern5/Coding/Python/Iris/bin/../res/Apps/kafka/bin/../libs/jackson-core-2.9.1.jar:/home/bt-intern5/Coding/Python/Iris/bin/../res/Apps/kafka/bin/../libs/jackson-databind-2.9.1.jar:/home/bt-intern5/Coding/Python/Iris/bin/../res/Apps/kafka/bin/../libs/jackson-jaxrs-base-2.9.1.jar:/home/bt-intern5/Coding/Python/Iris/bin/../res/Apps/kafka/bin/../libs/jackson-jaxrs-json-provider-2.9.1.jar:/home/bt-intern5/Coding/Python/Iris/bin/../res/Apps/kafka/bin/../libs/jackson-module-jaxb-annotations-2.9.1.jar:/home/bt-intern5/Coding/Python/Iris/bin/../res/Apps/kafka/bin/../libs/javassist-3.20.0-GA.jar:/home/bt-intern5/Coding/Python/Iris/bin/../res/Apps/kafka/bin/../libs/javassist-3.21.0-GA.jar:/home/bt-intern5/Coding/Python/Iris/bin/../res/Apps/kafka/bin/../libs/javax.annotation-api-1.2.jar:/home/bt-intern5/Coding/Python/Iris/bin/../res/Apps/kafka/bin/../libs/javax.inject-1.jar:/home/bt-intern5/Coding/Python/Iris/bin/../res/Apps/kafka/bin/../libs/javax.inject-2.5.0-b32.jar:/home/bt-intern5/Coding/Python/Iris/bin/../res/Apps/kafka/bin/../libs/javax.servlet-api-3.1.0.jar:/home/bt-intern5/Coding/Python/Iris/bin/../res/Apps/kafka/bin/../libs/javax.ws.rs-api-2.0.1.jar:/home/bt-intern5/Coding/Python/Iris/bin/../res/Apps/kafka/bin/../libs/jersey-client-2.25.1.jar:/home/bt-intern5/Coding/Python/Iris/bin/../res/Apps/kafka/bin/../libs/jersey-common-2.25.1.jar:/home/bt-intern5/Coding/Python/Iris/bin/../res/Apps/kafka/bin/../libs/jersey-container-servlet-2.25.1.jar:/home/bt-intern5/Coding/Python/Iris/bin/../res/Apps/kafka/bin/../libs/jersey-container-servlet-core-2.25.1.jar:/home/bt-intern5/Coding/Python/Iris/bin/../res/Apps/kafka/bin/../libs/jersey-guava-2.25.1.jar:/home/bt-intern5/Coding/Python/Iris/bin/../res/Apps/kafka/bin/../libs/jersey-media-jaxb-2.25.1.jar:/home/bt-intern5/Coding/Python/Iris/bin/../res/Apps/kafka/bin/../libs/jersey-server-2.25.1.jar:/home/bt-intern5/Coding/Python/Iris/bin/../res/Apps/kafka/bin/../libs/jetty-continuation-9.2.22.v20170606.jar:/home/bt-intern5/Coding/Python/Iris/bin/../res/Apps/kafka/bin/../libs/jetty-http-9.2.22.v20170606.jar:/home/bt-intern5/Coding/Python/Iris/bin/../res/Apps/kafka/bin/../libs/jetty-io-9.2.22.v20170606.jar:/home/bt-intern5/Coding/Python/Iris/bin/../res/Apps/kafka/bin/../libs/jetty-security-9.2.22.v20170606.jar:/home/bt-intern5/Coding/Python/Iris/bin/../res/Apps/kafka/bin/../libs/jetty-server-9.2.22.v20170606.jar:/home/bt-intern5/Coding/Python/Iris/bin/../res/Apps/kafka/bin/../libs/jetty-servlet-9.2.22.v20170606.jar:/home/bt-intern5/Coding/Python/Iris/bin/../res/Apps/kafka/bin/../libs/jetty-servlets-9.2.22.v20170606.jar:/home/bt-intern5/Coding/Python/Iris/bin/../res/Apps/kafka/bin/../libs/jetty-util-9.2.22.v20170606.jar:/home/bt-intern5/Coding/Python/Iris/bin/../res/Apps/kafka/bin/../libs/jopt-simple-5.0.4.jar:/home/bt-intern5/Coding/Python/Iris/bin/../res/Apps/kafka/bin/../libs/kafka_2.12-1.0.0.jar:/home/bt-intern5/Coding/Python/Iris/bin/../res/Apps/kafka/bin/../libs/kafka_2.12-1.0.0-sources.jar:/home/bt-intern5/Coding/Python/Iris/bin/../res/Apps/kafka/bin/../libs/kafka_2.12-1.0.0-test-sources.jar:/home/bt-intern5/Coding/Python/Iris/bin/../res/Apps/kafka/bin/../libs/kafka-clients-1.0.0.jar:/home/bt-intern5/Coding/Python/Iris/bin/../res/Apps/kafka/bin/../libs/kafka-log4j-appender-1.0.0.jar:/home/bt-intern5/Coding/Python/Iris/bin/../res/Apps/kafka/bin/../libs/kafka-streams-1.0.0.jar:/home/bt-intern5/Coding/Python/Iris/bin/../res/Apps/kafka/bin/../libs/kafka-streams-examples-1.0.0.jar:/home/bt-intern5/Coding/Python/Iris/bin/../res/Apps/kafka/bin/../libs/kafka-tools-1.0.0.jar:/home/bt-intern5/Coding/Python/Iris/bin/../res/Apps/kafka/bin/../libs/log4j-1.2.17.jar:/home/bt-intern5/Coding/Python/Iris/bin/../res/Apps/kafka/bin/../libs/lz4-java-1.4.jar:/home/bt-intern5/Coding/Python/Iris/bin/../res/Apps/kafka/bin/../libs/maven-artifact-3.5.0.jar:/home/bt-intern5/Coding/Python/Iris/bin/../res/Apps/kafka/bin/../libs/metrics-core-2.2.0.jar:/home/bt-intern5/Coding/Python/Iris/bin/../res/Apps/kafka/bin/../libs/osgi-resource-locator-1.0.1.jar:/home/bt-intern5/Coding/Python/Iris/bin/../res/Apps/kafka/bin/../libs/plexus-utils-3.0.24.jar:/home/bt-intern5/Coding/Python/Iris/bin/../res/Apps/kafka/bin/../libs/reflections-0.9.11.jar:/home/bt-intern5/Coding/Python/Iris/bin/../res/Apps/kafka/bin/../libs/rocksdbjni-5.7.3.jar:/home/bt-intern5/Coding/Python/Iris/bin/../res/Apps/kafka/bin/../libs/scala-library-2.12.3.jar:/home/bt-intern5/Coding/Python/Iris/bin/../res/Apps/kafka/bin/../libs/slf4j-api-1.7.25.jar:/home/bt-intern5/Coding/Python/Iris/bin/../res/Apps/kafka/bin/../libs/slf4j-log4j12-1.7.25.jar:/home/bt-intern5/Coding/Python/Iris/bin/../res/Apps/kafka/bin/../libs/snappy-java-1.1.4.jar:/home/bt-intern5/Coding/Python/Iris/bin/../res/Apps/kafka/bin/../libs/validation-api-1.1.0.Final.jar:/home/bt-intern5/Coding/Python/Iris/bin/../res/Apps/kafka/bin/../libs/zkclient-0.10.jar:/home/bt-intern5/Coding/Python/Iris/bin/../res/Apps/kafka/bin/../libs/zookeeper-3.4.10.jar (org.apache.zookeeper.ZooKeeper)
[2018-06-28 23:17:57,474] INFO Client environment:java.library.path=/usr/local/cuda-9.0/LIB64:/opt/intel/compilers_and_libraries_2018.1.163/linux/tbb/lib/intel64_lin/gcc4.7:/opt/intel/compilers_and_libraries_2018.1.163/linux/compiler/lib/intel64_lin:/opt/intel/compilers_and_libraries_2018.1.163/linux/mkl/lib/intel64_lin::/usr/local/cuda/lib64:/usr/java/packages/lib/amd64:/usr/lib/x86_64-linux-gnu/jni:/lib/x86_64-linux-gnu:/usr/lib/x86_64-linux-gnu:/usr/lib/jni:/lib:/usr/lib (org.apache.zookeeper.ZooKeeper)
[2018-06-28 23:17:57,474] INFO Client environment:java.io.tmpdir=/tmp (org.apache.zookeeper.ZooKeeper)
[2018-06-28 23:17:57,474] INFO Client environment:java.compiler=<NA> (org.apache.zookeeper.ZooKeeper)
[2018-06-28 23:17:57,474] INFO Client environment:os.name=Linux (org.apache.zookeeper.ZooKeeper)
[2018-06-28 23:17:57,474] INFO Client environment:os.arch=amd64 (org.apache.zookeeper.ZooKeeper)
[2018-06-28 23:17:57,474] INFO Client environment:os.version=4.15.0-1013-azure (org.apache.zookeeper.ZooKeeper)
[2018-06-28 23:17:57,475] INFO Client environment:user.name=bt-intern5 (org.apache.zookeeper.ZooKeeper)
[2018-06-28 23:17:57,475] INFO Client environment:user.home=/home/bt-intern5 (org.apache.zookeeper.ZooKeeper)
[2018-06-28 23:17:57,475] INFO Client environment:user.dir=/home/bt-intern5/Coding/Python/Iris/bin (org.apache.zookeeper.ZooKeeper)
[2018-06-28 23:17:57,475] INFO Initiating client connection, connectString=localhost:2181 sessionTimeout=6000 watcher=org.I0Itec.zkclient.ZkClient@1b1473ab (org.apache.zookeeper.ZooKeeper)
[2018-06-28 23:17:57,487] INFO Waiting for keeper state SyncConnected (org.I0Itec.zkclient.ZkClient)
[2018-06-28 23:17:57,490] INFO Opening socket connection to server localhost/127.0.0.1:2181. Will not attempt to authenticate using SASL (unknown error) (org.apache.zookeeper.ClientCnxn)
[2018-06-28 23:17:57,495] INFO Socket connection established to localhost/127.0.0.1:2181, initiating session (org.apache.zookeeper.ClientCnxn)
[2018-06-28 23:17:57,509] INFO Session establishment complete on server localhost/127.0.0.1:2181, sessionid = 0x16446e9f5e3002b, negotiated timeout = 6000 (org.apache.zookeeper.ClientCnxn)
[2018-06-28 23:17:57,511] INFO zookeeper state changed (SyncConnected) (org.I0Itec.zkclient.ZkClient)
[2018-06-28 23:17:57,702] INFO Cluster ID = tFvsgjtbQCGBYE6S_lo-TA (kafka.server.KafkaServer)
[2018-06-28 23:17:57,744] INFO [ThrottledRequestReaper-Fetch]: Starting (kafka.server.ClientQuotaManager$ThrottledRequestReaper)
[2018-06-28 23:17:57,744] INFO [ThrottledRequestReaper-Produce]: Starting (kafka.server.ClientQuotaManager$ThrottledRequestReaper)
[2018-06-28 23:17:57,748] INFO [ThrottledRequestReaper-Request]: Starting (kafka.server.ClientQuotaManager$ThrottledRequestReaper)
[2018-06-28 23:17:57,819] INFO Loading logs. (kafka.log.LogManager)
[2018-06-28 23:17:57,937] INFO Loading producer state from offset 0 for partition __consumer_offsets-30 with message format version 2 (kafka.log.Log)
[2018-06-28 23:17:57,952] INFO Completed load of log __consumer_offsets-30 with 1 log segments, log start offset 0 and log end offset 0 in 92 ms (kafka.log.Log)
[2018-06-28 23:17:57,976] INFO Loading producer state from offset 0 for partition __consumer_offsets-4 with message format version 2 (kafka.log.Log)
[2018-06-28 23:17:57,977] INFO Completed load of log __consumer_offsets-4 with 1 log segments, log start offset 0 and log end offset 0 in 10 ms (kafka.log.Log)
[2018-06-28 23:17:57,985] INFO Loading producer state from offset 0 for partition __consumer_offsets-47 with message format version 2 (kafka.log.Log)
[2018-06-28 23:17:57,986] INFO Completed load of log __consumer_offsets-47 with 1 log segments, log start offset 0 and log end offset 0 in 2 ms (kafka.log.Log)
[2018-06-28 23:17:58,004] INFO Loading producer state from offset 0 for partition __consumer_offsets-3 with message format version 2 (kafka.log.Log)
[2018-06-28 23:17:58,005] INFO Completed load of log __consumer_offsets-3 with 1 log segments, log start offset 0 and log end offset 0 in 3 ms (kafka.log.Log)
[2018-06-28 23:17:58,014] INFO Loading producer state from offset 0 for partition __consumer_offsets-16 with message format version 2 (kafka.log.Log)
[2018-06-28 23:17:58,017] INFO Completed load of log __consumer_offsets-16 with 1 log segments, log start offset 0 and log end offset 0 in 2 ms (kafka.log.Log)
[2018-06-28 23:17:58,039] INFO Loading producer state from offset 0 for partition __consumer_offsets-9 with message format version 2 (kafka.log.Log)
[2018-06-28 23:17:58,042] INFO Completed load of log __consumer_offsets-9 with 1 log segments, log start offset 0 and log end offset 0 in 5 ms (kafka.log.Log)
[2018-06-28 23:17:58,060] INFO Loading producer state from offset 0 for partition __consumer_offsets-7 with message format version 2 (kafka.log.Log)
[2018-06-28 23:17:58,062] INFO Completed load of log __consumer_offsets-7 with 1 log segments, log start offset 0 and log end offset 0 in 2 ms (kafka.log.Log)
[2018-06-28 23:17:58,066] INFO Loading producer state from offset 0 for partition Generalizer-0 with message format version 2 (kafka.log.Log)
[2018-06-28 23:17:58,067] INFO Completed load of log Generalizer-0 with 1 log segments, log start offset 0 and log end offset 0 in 2 ms (kafka.log.Log)
[2018-06-28 23:17:58,076] INFO Loading producer state from offset 0 for partition __consumer_offsets-14 with message format version 2 (kafka.log.Log)
[2018-06-28 23:17:58,077] INFO Completed load of log __consumer_offsets-14 with 1 log segments, log start offset 0 and log end offset 0 in 2 ms (kafka.log.Log)
[2018-06-28 23:17:58,084] INFO Loading producer state from offset 0 for partition __consumer_offsets-8 with message format version 2 (kafka.log.Log)
[2018-06-28 23:17:58,085] INFO Completed load of log __consumer_offsets-8 with 1 log segments, log start offset 0 and log end offset 0 in 2 ms (kafka.log.Log)
[2018-06-28 23:17:58,092] INFO Loading producer state from offset 0 for partition __consumer_offsets-18 with message format version 2 (kafka.log.Log)
[2018-06-28 23:17:58,092] INFO Completed load of log __consumer_offsets-18 with 1 log segments, log start offset 0 and log end offset 0 in 1 ms (kafka.log.Log)
[2018-06-28 23:17:58,099] INFO Loading producer state from offset 0 for partition __consumer_offsets-36 with message format version 2 (kafka.log.Log)
[2018-06-28 23:17:58,101] INFO Completed load of log __consumer_offsets-36 with 1 log segments, log start offset 0 and log end offset 0 in 3 ms (kafka.log.Log)
[2018-06-28 23:17:58,108] INFO Loading producer state from offset 0 for partition __consumer_offsets-38 with message format version 2 (kafka.log.Log)
[2018-06-28 23:17:58,108] INFO Completed load of log __consumer_offsets-38 with 1 log segments, log start offset 0 and log end offset 0 in 2 ms (kafka.log.Log)
[2018-06-28 23:17:58,127] INFO Loading producer state from offset 0 for partition __consumer_offsets-40 with message format version 2 (kafka.log.Log)
[2018-06-28 23:17:58,127] INFO Completed load of log __consumer_offsets-40 with 1 log segments, log start offset 0 and log end offset 0 in 10 ms (kafka.log.Log)
[2018-06-28 23:17:58,137] INFO Loading producer state from offset 0 for partition __consumer_offsets-28 with message format version 2 (kafka.log.Log)
[2018-06-28 23:17:58,140] INFO Completed load of log __consumer_offsets-28 with 1 log segments, log start offset 0 and log end offset 0 in 6 ms (kafka.log.Log)
[2018-06-28 23:17:58,147] INFO Loading producer state from offset 0 for partition __consumer_offsets-32 with message format version 2 (kafka.log.Log)
[2018-06-28 23:17:58,148] INFO Completed load of log __consumer_offsets-32 with 1 log segments, log start offset 0 and log end offset 0 in 1 ms (kafka.log.Log)
[2018-06-28 23:17:58,151] INFO Loading producer state from offset 0 for partition __consumer_offsets-31 with message format version 2 (kafka.log.Log)
[2018-06-28 23:17:58,152] INFO Completed load of log __consumer_offsets-31 with 1 log segments, log start offset 0 and log end offset 0 in 1 ms (kafka.log.Log)
[2018-06-28 23:17:58,175] INFO Loading producer state from offset 0 for partition bay-0 with message format version 2 (kafka.log.Log)
[2018-06-28 23:17:58,176] INFO Completed load of log bay-0.92740590ca024e7c9059e02c7d12e623-delete with 1 log segments, log start offset 0 and log end offset 0 in 1 ms (kafka.log.Log)
[2018-06-28 23:17:58,187] INFO Loading producer state from offset 0 for partition __consumer_offsets-35 with message format version 2 (kafka.log.Log)
[2018-06-28 23:17:58,188] INFO Completed load of log __consumer_offsets-35 with 1 log segments, log start offset 0 and log end offset 0 in 2 ms (kafka.log.Log)
[2018-06-28 23:17:58,196] INFO Loading producer state from offset 0 for partition __consumer_offsets-6 with message format version 2 (kafka.log.Log)
[2018-06-28 23:17:58,196] INFO Completed load of log __consumer_offsets-6 with 1 log segments, log start offset 0 and log end offset 0 in 1 ms (kafka.log.Log)
[2018-06-28 23:17:58,204] INFO Loading producer state from offset 0 for partition __consumer_offsets-34 with message format version 2 (kafka.log.Log)
[2018-06-28 23:17:58,205] INFO Completed load of log __consumer_offsets-34 with 1 log segments, log start offset 0 and log end offset 0 in 4 ms (kafka.log.Log)
[2018-06-28 23:17:58,217] INFO Loading producer state from offset 0 for partition __consumer_offsets-10 with message format version 2 (kafka.log.Log)
[2018-06-28 23:17:58,218] INFO Completed load of log __consumer_offsets-10 with 1 log segments, log start offset 0 and log end offset 0 in 6 ms (kafka.log.Log)
[2018-06-28 23:17:58,227] INFO Loading producer state from offset 0 for partition __consumer_offsets-42 with message format version 2 (kafka.log.Log)
[2018-06-28 23:17:58,228] INFO Completed load of log __consumer_offsets-42 with 1 log segments, log start offset 0 and log end offset 0 in 2 ms (kafka.log.Log)
[2018-06-28 23:17:58,231] INFO Loading producer state from offset 0 for partition __consumer_offsets-46 with message format version 2 (kafka.log.Log)
[2018-06-28 23:17:58,232] INFO Completed load of log __consumer_offsets-46 with 1 log segments, log start offset 0 and log end offset 0 in 1 ms (kafka.log.Log)
[2018-06-28 23:17:58,248] INFO Loading producer state from offset 0 for partition __consumer_offsets-37 with message format version 2 (kafka.log.Log)
[2018-06-28 23:17:58,248] INFO Completed load of log __consumer_offsets-37 with 1 log segments, log start offset 0 and log end offset 0 in 7 ms (kafka.log.Log)
[2018-06-28 23:17:58,252] INFO Loading producer state from offset 0 for partition __consumer_offsets-48 with message format version 2 (kafka.log.Log)
[2018-06-28 23:17:58,252] INFO Completed load of log __consumer_offsets-48 with 1 log segments, log start offset 0 and log end offset 0 in 1 ms (kafka.log.Log)
[2018-06-28 23:17:58,264] INFO Loading producer state from offset 0 for partition __consumer_offsets-23 with message format version 2 (kafka.log.Log)
[2018-06-28 23:17:58,265] INFO Completed load of log __consumer_offsets-23 with 1 log segments, log start offset 0 and log end offset 0 in 10 ms (kafka.log.Log)
[2018-06-28 23:17:58,274] INFO Loading producer state from offset 0 for partition __consumer_offsets-39 with message format version 2 (kafka.log.Log)
[2018-06-28 23:17:58,274] INFO Completed load of log __consumer_offsets-39 with 1 log segments, log start offset 0 and log end offset 0 in 2 ms (kafka.log.Log)
[2018-06-28 23:17:58,294] INFO Loading producer state from offset 0 for partition __consumer_offsets-49 with message format version 2 (kafka.log.Log)
[2018-06-28 23:17:58,294] INFO Completed load of log __consumer_offsets-49 with 1 log segments, log start offset 0 and log end offset 0 in 1 ms (kafka.log.Log)
[2018-06-28 23:17:58,307] INFO Loading producer state from offset 0 for partition __consumer_offsets-44 with message format version 2 (kafka.log.Log)
[2018-06-28 23:17:58,307] INFO Completed load of log __consumer_offsets-44 with 1 log segments, log start offset 0 and log end offset 0 in 1 ms (kafka.log.Log)
[2018-06-28 23:17:58,311] INFO Loading producer state from offset 0 for partition __consumer_offsets-15 with message format version 2 (kafka.log.Log)
[2018-06-28 23:17:58,311] INFO Completed load of log __consumer_offsets-15 with 1 log segments, log start offset 0 and log end offset 0 in 1 ms (kafka.log.Log)
[2018-06-28 23:17:58,320] INFO Loading producer state from offset 0 for partition __consumer_offsets-0 with message format version 2 (kafka.log.Log)
[2018-06-28 23:17:58,321] INFO Completed load of log __consumer_offsets-0 with 1 log segments, log start offset 0 and log end offset 0 in 2 ms (kafka.log.Log)
[2018-06-28 23:17:58,327] INFO Loading producer state from offset 0 for partition __consumer_offsets-27 with message format version 2 (kafka.log.Log)
[2018-06-28 23:17:58,328] INFO Completed load of log __consumer_offsets-27 with 1 log segments, log start offset 0 and log end offset 0 in 1 ms (kafka.log.Log)
[2018-06-28 23:17:58,340] INFO Loading producer state from offset 0 for partition __consumer_offsets-20 with message format version 2 (kafka.log.Log)
[2018-06-28 23:17:58,340] INFO Completed load of log __consumer_offsets-20 with 1 log segments, log start offset 0 and log end offset 0 in 2 ms (kafka.log.Log)
[2018-06-28 23:17:58,346] INFO Loading producer state from offset 0 for partition __consumer_offsets-13 with message format version 2 (kafka.log.Log)
[2018-06-28 23:17:58,346] INFO Completed load of log __consumer_offsets-13 with 1 log segments, log start offset 0 and log end offset 0 in 2 ms (kafka.log.Log)
[2018-06-28 23:17:58,349] INFO Loading producer state from offset 0 for partition __consumer_offsets-5 with message format version 2 (kafka.log.Log)
[2018-06-28 23:17:58,352] INFO Completed load of log __consumer_offsets-5 with 1 log segments, log start offset 0 and log end offset 0 in 1 ms (kafka.log.Log)
[2018-06-28 23:17:58,366] INFO Loading producer state from offset 0 for partition __consumer_offsets-24 with message format version 2 (kafka.log.Log)
[2018-06-28 23:17:58,367] INFO Completed load of log __consumer_offsets-24 with 1 log segments, log start offset 0 and log end offset 0 in 2 ms (kafka.log.Log)
[2018-06-28 23:17:58,375] INFO Loading producer state from offset 0 for partition __consumer_offsets-17 with message format version 2 (kafka.log.Log)
[2018-06-28 23:17:58,377] INFO Completed load of log __consumer_offsets-17 with 1 log segments, log start offset 0 and log end offset 0 in 4 ms (kafka.log.Log)
[2018-06-28 23:17:58,391] INFO Loading producer state from offset 0 for partition __consumer_offsets-25 with message format version 2 (kafka.log.Log)
[2018-06-28 23:17:58,391] INFO Completed load of log __consumer_offsets-25 with 1 log segments, log start offset 0 and log end offset 0 in 1 ms (kafka.log.Log)
[2018-06-28 23:17:58,426] INFO Cleared latest Set(EpochEntry(1,0)) entries from epoch cache based on passed offset 0 leaving 0 in EpochFile for partition bay-0 (kafka.server.epoch.LeaderEpochFileCache)
[2018-06-28 23:17:58,448] INFO Loading producer state from offset 0 for partition bay-0 with message format version 2 (kafka.log.Log)
[2018-06-28 23:17:58,464] INFO Completed load of log bay-0.ed54d490d8dc4c9f81bd55b4629f14f9-delete with 1 log segments, log start offset 0 and log end offset 0 in 67 ms (kafka.log.Log)
[2018-06-28 23:17:58,467] INFO Loading producer state from offset 0 for partition __consumer_offsets-11 with message format version 2 (kafka.log.Log)
[2018-06-28 23:17:58,467] INFO Completed load of log __consumer_offsets-11 with 1 log segments, log start offset 0 and log end offset 0 in 1 ms (kafka.log.Log)
[2018-06-28 23:17:58,470] INFO Loading producer state from offset 0 for partition __consumer_offsets-33 with message format version 2 (kafka.log.Log)
[2018-06-28 23:17:58,470] INFO Completed load of log __consumer_offsets-33 with 1 log segments, log start offset 0 and log end offset 0 in 1 ms (kafka.log.Log)
[2018-06-28 23:17:58,476] INFO Loading producer state from offset 0 for partition __consumer_offsets-22 with message format version 2 (kafka.log.Log)
[2018-06-28 23:17:58,476] INFO Completed load of log __consumer_offsets-22 with 1 log segments, log start offset 0 and log end offset 0 in 4 ms (kafka.log.Log)
[2018-06-28 23:17:58,479] INFO Loading producer state from offset 0 for partition __consumer_offsets-43 with message format version 2 (kafka.log.Log)
[2018-06-28 23:17:58,479] INFO Completed load of log __consumer_offsets-43 with 1 log segments, log start offset 0 and log end offset 0 in 1 ms (kafka.log.Log)
[2018-06-28 23:17:58,481] INFO Loading producer state from offset 0 for partition __consumer_offsets-19 with message format version 2 (kafka.log.Log)
[2018-06-28 23:17:58,482] INFO Completed load of log __consumer_offsets-19 with 1 log segments, log start offset 0 and log end offset 0 in 2 ms (kafka.log.Log)
[2018-06-28 23:17:58,484] INFO Loading producer state from offset 0 for partition __consumer_offsets-2 with message format version 2 (kafka.log.Log)
[2018-06-28 23:17:58,485] INFO Completed load of log __consumer_offsets-2 with 1 log segments, log start offset 0 and log end offset 0 in 2 ms (kafka.log.Log)
[2018-06-28 23:17:58,487] INFO Loading producer state from offset 0 for partition FrameFeeder-0 with message format version 2 (kafka.log.Log)
[2018-06-28 23:17:58,487] INFO Completed load of log FrameFeeder-0 with 1 log segments, log start offset 0 and log end offset 0 in 1 ms (kafka.log.Log)
[2018-06-28 23:17:58,490] INFO Loading producer state from offset 0 for partition __consumer_offsets-12 with message format version 2 (kafka.log.Log)
[2018-06-28 23:17:58,490] INFO Completed load of log __consumer_offsets-12 with 1 log segments, log start offset 0 and log end offset 0 in 1 ms (kafka.log.Log)
[2018-06-28 23:17:58,498] INFO Loading producer state from offset 0 for partition __consumer_offsets-41 with message format version 2 (kafka.log.Log)
[2018-06-28 23:17:58,499] INFO Completed load of log __consumer_offsets-41 with 1 log segments, log start offset 0 and log end offset 0 in 7 ms (kafka.log.Log)
[2018-06-28 23:17:58,503] INFO Loading producer state from offset 0 for partition __consumer_offsets-45 with message format version 2 (kafka.log.Log)
[2018-06-28 23:17:58,503] INFO Completed load of log __consumer_offsets-45 with 1 log segments, log start offset 0 and log end offset 0 in 3 ms (kafka.log.Log)
[2018-06-28 23:17:58,505] INFO Loading producer state from offset 0 for partition __consumer_offsets-29 with message format version 2 (kafka.log.Log)
[2018-06-28 23:17:58,506] INFO Completed load of log __consumer_offsets-29 with 1 log segments, log start offset 0 and log end offset 0 in 2 ms (kafka.log.Log)
[2018-06-28 23:17:58,511] INFO Loading producer state from offset 0 for partition __consumer_offsets-1 with message format version 2 (kafka.log.Log)
[2018-06-28 23:17:58,512] INFO Completed load of log __consumer_offsets-1 with 1 log segments, log start offset 0 and log end offset 0 in 5 ms (kafka.log.Log)
[2018-06-28 23:17:58,514] INFO Loading producer state from offset 0 for partition __consumer_offsets-21 with message format version 2 (kafka.log.Log)
[2018-06-28 23:17:58,514] INFO Completed load of log __consumer_offsets-21 with 1 log segments, log start offset 0 and log end offset 0 in 1 ms (kafka.log.Log)
[2018-06-28 23:17:58,517] INFO Loading producer state from offset 0 for partition Labeler-0 with message format version 2 (kafka.log.Log)
[2018-06-28 23:17:58,518] INFO Completed load of log Labeler-0 with 1 log segments, log start offset 0 and log end offset 0 in 2 ms (kafka.log.Log)
[2018-06-28 23:17:58,522] INFO Loading producer state from offset 0 for partition __consumer_offsets-26 with message format version 2 (kafka.log.Log)
[2018-06-28 23:17:58,522] INFO Completed load of log __consumer_offsets-26 with 1 log segments, log start offset 0 and log end offset 0 in 1 ms (kafka.log.Log)
[2018-06-28 23:17:58,526] INFO Logs loading complete in 707 ms. (kafka.log.LogManager)
[2018-06-28 23:17:58,587] INFO Starting log cleanup with a period of 300000 ms. (kafka.log.LogManager)
[2018-06-28 23:17:58,588] INFO Starting log flusher with a default period of 9223372036854775807 ms. (kafka.log.LogManager)
[2018-06-28 23:17:58,849] INFO Awaiting socket connections on 0.0.0.0:9092. (kafka.network.Acceptor)
[2018-06-28 23:17:58,852] INFO [SocketServer brokerId=0] Started 1 acceptor threads (kafka.network.SocketServer)
[2018-06-28 23:17:58,874] INFO [ExpirationReaper-0-Produce]: Starting (kafka.server.DelayedOperationPurgatory$ExpiredOperationReaper)
[2018-06-28 23:17:58,874] INFO [ExpirationReaper-0-DeleteRecords]: Starting (kafka.server.DelayedOperationPurgatory$ExpiredOperationReaper)
[2018-06-28 23:17:58,881] INFO [ExpirationReaper-0-Fetch]: Starting (kafka.server.DelayedOperationPurgatory$ExpiredOperationReaper)
[2018-06-28 23:17:58,885] INFO [LogDirFailureHandler]: Starting (kafka.server.ReplicaManager$LogDirFailureHandler)
[2018-06-28 23:17:58,952] INFO [ExpirationReaper-0-Heartbeat]: Starting (kafka.server.DelayedOperationPurgatory$ExpiredOperationReaper)
[2018-06-28 23:17:58,953] INFO [ExpirationReaper-0-topic]: Starting (kafka.server.DelayedOperationPurgatory$ExpiredOperationReaper)
[2018-06-28 23:17:58,957] INFO [ExpirationReaper-0-Rebalance]: Starting (kafka.server.DelayedOperationPurgatory$ExpiredOperationReaper)
[2018-06-28 23:17:58,968] INFO Creating /controller (is it secure? false) (kafka.utils.ZKCheckedEphemeral)
[2018-06-28 23:17:58,980] INFO Result of znode creation is: OK (kafka.utils.ZKCheckedEphemeral)
[2018-06-28 23:17:58,982] INFO [GroupCoordinator 0]: Starting up. (kafka.coordinator.group.GroupCoordinator)
[2018-06-28 23:17:58,983] INFO [GroupCoordinator 0]: Startup complete. (kafka.coordinator.group.GroupCoordinator)
[2018-06-28 23:17:58,995] INFO [GroupMetadataManager brokerId=0] Removed 0 expired offsets in 6 milliseconds. (kafka.coordinator.group.GroupMetadataManager)
[2018-06-28 23:17:59,003] INFO [ProducerId Manager 0]: Acquired new producerId block (brokerId:0,blockStartProducerId:9000,blockEndProducerId:9999) by writing to Zk with path version 10 (kafka.coordinator.transaction.ProducerIdManager)
[2018-06-28 23:17:59,065] INFO [TransactionCoordinator id=0] Starting up. (kafka.coordinator.transaction.TransactionCoordinator)
[2018-06-28 23:17:59,074] INFO [TransactionCoordinator id=0] Startup complete. (kafka.coordinator.transaction.TransactionCoordinator)
[2018-06-28 23:17:59,074] INFO [Transaction Marker Channel Manager 0]: Starting (kafka.coordinator.transaction.TransactionMarkerChannelManager)
[2018-06-28 23:17:59,235] INFO Creating /brokers/ids/0 (is it secure? false) (kafka.utils.ZKCheckedEphemeral)
[2018-06-28 23:17:59,251] INFO Result of znode creation is: OK (kafka.utils.ZKCheckedEphemeral)
[2018-06-28 23:17:59,251] INFO Registered broker 0 at path /brokers/ids/0 with addresses: EndPoint(10.0.0.9,9092,ListenerName(PLAINTEXT),PLAINTEXT) (kafka.utils.ZkUtils)
[2018-06-28 23:17:59,259] INFO Kafka version : 1.0.0 (org.apache.kafka.common.utils.AppInfoParser)
[2018-06-28 23:17:59,259] INFO Kafka commitId : aaa7af6d4a11b29d (org.apache.kafka.common.utils.AppInfoParser)
[2018-06-28 23:17:59,260] INFO [KafkaServer id=0] started (kafka.server.KafkaServer)
[2018-06-28 23:17:59,607] INFO [ReplicaFetcherManager on broker 0] Removed fetcher for partitions __consumer_offsets-22,__consumer_offsets-30,__consumer_offsets-8,__consumer_offsets-21,__consumer_offsets-4,__consumer_offsets-27,__consumer_offsets-7,__consumer_offsets-9,__consumer_offsets-46,__consumer_offsets-25,__consumer_offsets-35,__consumer_offsets-41,__consumer_offsets-33,__consumer_offsets-23,__consumer_offsets-49,__consumer_offsets-47,__consumer_offsets-16,Generalizer-0,__consumer_offsets-28,__consumer_offsets-31,__consumer_offsets-36,__consumer_offsets-42,__consumer_offsets-3,__consumer_offsets-18,__consumer_offsets-37,__consumer_offsets-15,__consumer_offsets-24,__consumer_offsets-38,__consumer_offsets-17,__consumer_offsets-48,__consumer_offsets-19,__consumer_offsets-11,__consumer_offsets-13,__consumer_offsets-2,__consumer_offsets-43,__consumer_offsets-6,FrameFeeder-0,__consumer_offsets-14,__consumer_offsets-20,__consumer_offsets-0,__consumer_offsets-44,__consumer_offsets-39,__consumer_offsets-12,__consumer_offsets-45,__consumer_offsets-1,__consumer_offsets-5,__consumer_offsets-26,Labeler-0,__consumer_offsets-29,__consumer_offsets-34,__consumer_offsets-10,__consumer_offsets-32,__consumer_offsets-40 (kafka.server.ReplicaFetcherManager)
[2018-06-28 23:17:59,629] INFO Replica loaded for partition __consumer_offsets-0 with initial high watermark 0 (kafka.cluster.Replica)
[2018-06-28 23:17:59,631] INFO [Partition __consumer_offsets-0 broker=0] __consumer_offsets-0 starts at Leader Epoch 4 from offset 0. Previous Leader Epoch was: -1 (kafka.cluster.Partition)
[2018-06-28 23:17:59,647] INFO Replica loaded for partition __consumer_offsets-29 with initial high watermark 0 (kafka.cluster.Replica)
[2018-06-28 23:17:59,647] INFO [Partition __consumer_offsets-29 broker=0] __consumer_offsets-29 starts at Leader Epoch 4 from offset 0. Previous Leader Epoch was: -1 (kafka.cluster.Partition)
[2018-06-28 23:17:59,652] INFO Replica loaded for partition __consumer_offsets-48 with initial high watermark 0 (kafka.cluster.Replica)
[2018-06-28 23:17:59,653] INFO [Partition __consumer_offsets-48 broker=0] __consumer_offsets-48 starts at Leader Epoch 4 from offset 0. Previous Leader Epoch was: -1 (kafka.cluster.Partition)
[2018-06-28 23:17:59,659] INFO Replica loaded for partition __consumer_offsets-10 with initial high watermark 0 (kafka.cluster.Replica)
[2018-06-28 23:17:59,659] INFO [Partition __consumer_offsets-10 broker=0] __consumer_offsets-10 starts at Leader Epoch 4 from offset 0. Previous Leader Epoch was: -1 (kafka.cluster.Partition)
[2018-06-28 23:17:59,664] INFO Replica loaded for partition __consumer_offsets-45 with initial high watermark 0 (kafka.cluster.Replica)
[2018-06-28 23:17:59,664] INFO [Partition __consumer_offsets-45 broker=0] __consumer_offsets-45 starts at Leader Epoch 4 from offset 0. Previous Leader Epoch was: -1 (kafka.cluster.Partition)
[2018-06-28 23:17:59,670] INFO Replica loaded for partition __consumer_offsets-26 with initial high watermark 0 (kafka.cluster.Replica)
[2018-06-28 23:17:59,670] INFO [Partition __consumer_offsets-26 broker=0] __consumer_offsets-26 starts at Leader Epoch 4 from offset 0. Previous Leader Epoch was: -1 (kafka.cluster.Partition)
[2018-06-28 23:17:59,680] INFO Replica loaded for partition __consumer_offsets-7 with initial high watermark 0 (kafka.cluster.Replica)
[2018-06-28 23:17:59,680] INFO [Partition __consumer_offsets-7 broker=0] __consumer_offsets-7 starts at Leader Epoch 4 from offset 0. Previous Leader Epoch was: -1 (kafka.cluster.Partition)
[2018-06-28 23:17:59,684] INFO Replica loaded for partition __consumer_offsets-42 with initial high watermark 0 (kafka.cluster.Replica)
[2018-06-28 23:17:59,684] INFO [Partition __consumer_offsets-42 broker=0] __consumer_offsets-42 starts at Leader Epoch 4 from offset 0. Previous Leader Epoch was: -1 (kafka.cluster.Partition)
[2018-06-28 23:17:59,694] INFO Replica loaded for partition __consumer_offsets-4 with initial high watermark 0 (kafka.cluster.Replica)
[2018-06-28 23:17:59,694] INFO [Partition __consumer_offsets-4 broker=0] __consumer_offsets-4 starts at Leader Epoch 4 from offset 0. Previous Leader Epoch was: -1 (kafka.cluster.Partition)
[2018-06-28 23:17:59,699] INFO Replica loaded for partition __consumer_offsets-23 with initial high watermark 0 (kafka.cluster.Replica)
[2018-06-28 23:17:59,699] INFO [Partition __consumer_offsets-23 broker=0] __consumer_offsets-23 starts at Leader Epoch 4 from offset 0. Previous Leader Epoch was: -1 (kafka.cluster.Partition)
[2018-06-28 23:17:59,704] INFO Replica loaded for partition __consumer_offsets-1 with initial high watermark 0 (kafka.cluster.Replica)
[2018-06-28 23:17:59,704] INFO [Partition __consumer_offsets-1 broker=0] __consumer_offsets-1 starts at Leader Epoch 4 from offset 0. Previous Leader Epoch was: -1 (kafka.cluster.Partition)
[2018-06-28 23:17:59,706] INFO Replica loaded for partition __consumer_offsets-39 with initial high watermark 0 (kafka.cluster.Replica)
[2018-06-28 23:17:59,706] INFO [Partition __consumer_offsets-39 broker=0] __consumer_offsets-39 starts at Leader Epoch 4 from offset 0. Previous Leader Epoch was: -1 (kafka.cluster.Partition)
[2018-06-28 23:17:59,710] INFO Replica loaded for partition __consumer_offsets-20 with initial high watermark 0 (kafka.cluster.Replica)
[2018-06-28 23:17:59,710] INFO [Partition __consumer_offsets-20 broker=0] __consumer_offsets-20 starts at Leader Epoch 4 from offset 0. Previous Leader Epoch was: -1 (kafka.cluster.Partition)
[2018-06-28 23:17:59,713] INFO Replica loaded for partition __consumer_offsets-17 with initial high watermark 0 (kafka.cluster.Replica)
[2018-06-28 23:17:59,713] INFO [Partition __consumer_offsets-17 broker=0] __consumer_offsets-17 starts at Leader Epoch 4 from offset 0. Previous Leader Epoch was: -1 (kafka.cluster.Partition)
[2018-06-28 23:17:59,724] INFO Replica loaded for partition __consumer_offsets-36 with initial high watermark 0 (kafka.cluster.Replica)
[2018-06-28 23:17:59,724] INFO [Partition __consumer_offsets-36 broker=0] __consumer_offsets-36 starts at Leader Epoch 4 from offset 0. Previous Leader Epoch was: -1 (kafka.cluster.Partition)
[2018-06-28 23:17:59,730] INFO Replica loaded for partition __consumer_offsets-14 with initial high watermark 0 (kafka.cluster.Replica)
[2018-06-28 23:17:59,730] INFO [Partition __consumer_offsets-14 broker=0] __consumer_offsets-14 starts at Leader Epoch 4 from offset 0. Previous Leader Epoch was: -1 (kafka.cluster.Partition)
[2018-06-28 23:17:59,735] INFO Replica loaded for partition __consumer_offsets-33 with initial high watermark 0 (kafka.cluster.Replica)
[2018-06-28 23:17:59,735] INFO [Partition __consumer_offsets-33 broker=0] __consumer_offsets-33 starts at Leader Epoch 4 from offset 0. Previous Leader Epoch was: -1 (kafka.cluster.Partition)
[2018-06-28 23:17:59,737] INFO Replica loaded for partition __consumer_offsets-49 with initial high watermark 0 (kafka.cluster.Replica)
[2018-06-28 23:17:59,737] INFO [Partition __consumer_offsets-49 broker=0] __consumer_offsets-49 starts at Leader Epoch 4 from offset 0. Previous Leader Epoch was: -1 (kafka.cluster.Partition)
[2018-06-28 23:17:59,741] INFO Replica loaded for partition __consumer_offsets-11 with initial high watermark 0 (kafka.cluster.Replica)
[2018-06-28 23:17:59,742] INFO [Partition __consumer_offsets-11 broker=0] __consumer_offsets-11 starts at Leader Epoch 4 from offset 0. Previous Leader Epoch was: -1 (kafka.cluster.Partition)
[2018-06-28 23:17:59,751] INFO Replica loaded for partition __consumer_offsets-30 with initial high watermark 0 (kafka.cluster.Replica)
[2018-06-28 23:17:59,751] INFO [Partition __consumer_offsets-30 broker=0] __consumer_offsets-30 starts at Leader Epoch 4 from offset 0. Previous Leader Epoch was: -1 (kafka.cluster.Partition)
[2018-06-28 23:17:59,755] INFO Replica loaded for partition __consumer_offsets-46 with initial high watermark 0 (kafka.cluster.Replica)
[2018-06-28 23:17:59,756] INFO [Partition __consumer_offsets-46 broker=0] __consumer_offsets-46 starts at Leader Epoch 4 from offset 0. Previous Leader Epoch was: -1 (kafka.cluster.Partition)
[2018-06-28 23:17:59,763] INFO Replica loaded for partition __consumer_offsets-27 with initial high watermark 0 (kafka.cluster.Replica)
[2018-06-28 23:17:59,763] INFO [Partition __consumer_offsets-27 broker=0] __consumer_offsets-27 starts at Leader Epoch 4 from offset 0. Previous Leader Epoch was: -1 (kafka.cluster.Partition)
[2018-06-28 23:17:59,771] INFO Replica loaded for partition __consumer_offsets-8 with initial high watermark 0 (kafka.cluster.Replica)
[2018-06-28 23:17:59,771] INFO [Partition __consumer_offsets-8 broker=0] __consumer_offsets-8 starts at Leader Epoch 4 from offset 0. Previous Leader Epoch was: -1 (kafka.cluster.Partition)
[2018-06-28 23:17:59,776] INFO Replica loaded for partition __consumer_offsets-24 with initial high watermark 0 (kafka.cluster.Replica)
[2018-06-28 23:17:59,777] INFO [Partition __consumer_offsets-24 broker=0] __consumer_offsets-24 starts at Leader Epoch 4 from offset 0. Previous Leader Epoch was: -1 (kafka.cluster.Partition)
[2018-06-28 23:17:59,781] INFO Replica loaded for partition __consumer_offsets-43 with initial high watermark 0 (kafka.cluster.Replica)
[2018-06-28 23:17:59,781] INFO [Partition __consumer_offsets-43 broker=0] __consumer_offsets-43 starts at Leader Epoch 4 from offset 0. Previous Leader Epoch was: -1 (kafka.cluster.Partition)
[2018-06-28 23:17:59,786] INFO Replica loaded for partition __consumer_offsets-5 with initial high watermark 0 (kafka.cluster.Replica)
[2018-06-28 23:17:59,786] INFO [Partition __consumer_offsets-5 broker=0] __consumer_offsets-5 starts at Leader Epoch 4 from offset 0. Previous Leader Epoch was: -1 (kafka.cluster.Partition)
[2018-06-28 23:17:59,788] INFO Replica loaded for partition __consumer_offsets-21 with initial high watermark 0 (kafka.cluster.Replica)
[2018-06-28 23:17:59,788] INFO [Partition __consumer_offsets-21 broker=0] __consumer_offsets-21 starts at Leader Epoch 4 from offset 0. Previous Leader Epoch was: -1 (kafka.cluster.Partition)
[2018-06-28 23:17:59,793] INFO Replica loaded for partition __consumer_offsets-2 with initial high watermark 0 (kafka.cluster.Replica)
[2018-06-28 23:17:59,793] INFO [Partition __consumer_offsets-2 broker=0] __consumer_offsets-2 starts at Leader Epoch 4 from offset 0. Previous Leader Epoch was: -1 (kafka.cluster.Partition)
[2018-06-28 23:17:59,795] INFO Replica loaded for partition __consumer_offsets-40 with initial high watermark 0 (kafka.cluster.Replica)
[2018-06-28 23:17:59,796] INFO [Partition __consumer_offsets-40 broker=0] __consumer_offsets-40 starts at Leader Epoch 4 from offset 0. Previous Leader Epoch was: -1 (kafka.cluster.Partition)
[2018-06-28 23:17:59,800] INFO Replica loaded for partition __consumer_offsets-37 with initial high watermark 0 (kafka.cluster.Replica)
[2018-06-28 23:17:59,800] INFO [Partition __consumer_offsets-37 broker=0] __consumer_offsets-37 starts at Leader Epoch 4 from offset 0. Previous Leader Epoch was: -1 (kafka.cluster.Partition)
[2018-06-28 23:17:59,801] INFO Replica loaded for partition __consumer_offsets-18 with initial high watermark 0 (kafka.cluster.Replica)
[2018-06-28 23:17:59,801] INFO [Partition __consumer_offsets-18 broker=0] __consumer_offsets-18 starts at Leader Epoch 4 from offset 0. Previous Leader Epoch was: -1 (kafka.cluster.Partition)
[2018-06-28 23:17:59,805] INFO Replica loaded for partition Labeler-0 with initial high watermark 0 (kafka.cluster.Replica)
[2018-06-28 23:17:59,806] INFO [Partition Labeler-0 broker=0] Labeler-0 starts at Leader Epoch 4 from offset 0. Previous Leader Epoch was: -1 (kafka.cluster.Partition)
[2018-06-28 23:17:59,807] INFO Replica loaded for partition __consumer_offsets-34 with initial high watermark 0 (kafka.cluster.Replica)
[2018-06-28 23:17:59,807] INFO [Partition __consumer_offsets-34 broker=0] __consumer_offsets-34 starts at Leader Epoch 4 from offset 0. Previous Leader Epoch was: -1 (kafka.cluster.Partition)
[2018-06-28 23:17:59,812] INFO Replica loaded for partition __consumer_offsets-15 with initial high watermark 0 (kafka.cluster.Replica)
[2018-06-28 23:17:59,812] INFO [Partition __consumer_offsets-15 broker=0] __consumer_offsets-15 starts at Leader Epoch 4 from offset 0. Previous Leader Epoch was: -1 (kafka.cluster.Partition)
[2018-06-28 23:17:59,818] INFO Replica loaded for partition Generalizer-0 with initial high watermark 0 (kafka.cluster.Replica)
[2018-06-28 23:17:59,818] INFO [Partition Generalizer-0 broker=0] Generalizer-0 starts at Leader Epoch 4 from offset 0. Previous Leader Epoch was: -1 (kafka.cluster.Partition)
[2018-06-28 23:17:59,822] INFO Replica loaded for partition __consumer_offsets-12 with initial high watermark 0 (kafka.cluster.Replica)
[2018-06-28 23:17:59,822] INFO [Partition __consumer_offsets-12 broker=0] __consumer_offsets-12 starts at Leader Epoch 4 from offset 0. Previous Leader Epoch was: -1 (kafka.cluster.Partition)
[2018-06-28 23:17:59,827] INFO Replica loaded for partition __consumer_offsets-31 with initial high watermark 0 (kafka.cluster.Replica)
[2018-06-28 23:17:59,827] INFO [Partition __consumer_offsets-31 broker=0] __consumer_offsets-31 starts at Leader Epoch 4 from offset 0. Previous Leader Epoch was: -1 (kafka.cluster.Partition)
[2018-06-28 23:17:59,833] INFO Replica loaded for partition __consumer_offsets-9 with initial high watermark 0 (kafka.cluster.Replica)
[2018-06-28 23:17:59,833] INFO [Partition __consumer_offsets-9 broker=0] __consumer_offsets-9 starts at Leader Epoch 4 from offset 0. Previous Leader Epoch was: -1 (kafka.cluster.Partition)
[2018-06-28 23:17:59,838] INFO Replica loaded for partition __consumer_offsets-47 with initial high watermark 0 (kafka.cluster.Replica)
[2018-06-28 23:17:59,838] INFO [Partition __consumer_offsets-47 broker=0] __consumer_offsets-47 starts at Leader Epoch 4 from offset 0. Previous Leader Epoch was: -1 (kafka.cluster.Partition)
[2018-06-28 23:17:59,844] INFO Replica loaded for partition __consumer_offsets-19 with initial high watermark 0 (kafka.cluster.Replica)
[2018-06-28 23:17:59,845] INFO [Partition __consumer_offsets-19 broker=0] __consumer_offsets-19 starts at Leader Epoch 4 from offset 0. Previous Leader Epoch was: -1 (kafka.cluster.Partition)
[2018-06-28 23:17:59,850] INFO Replica loaded for partition FrameFeeder-0 with initial high watermark 0 (kafka.cluster.Replica)
[2018-06-28 23:17:59,850] INFO [Partition FrameFeeder-0 broker=0] FrameFeeder-0 starts at Leader Epoch 12 from offset 0. Previous Leader Epoch was: -1 (kafka.cluster.Partition)
[2018-06-28 23:17:59,856] INFO Replica loaded for partition __consumer_offsets-28 with initial high watermark 0 (kafka.cluster.Replica)
[2018-06-28 23:17:59,856] INFO [Partition __consumer_offsets-28 broker=0] __consumer_offsets-28 starts at Leader Epoch 4 from offset 0. Previous Leader Epoch was: -1 (kafka.cluster.Partition)
[2018-06-28 23:17:59,864] INFO Replica loaded for partition __consumer_offsets-38 with initial high watermark 0 (kafka.cluster.Replica)
[2018-06-28 23:17:59,865] INFO [Partition __consumer_offsets-38 broker=0] __consumer_offsets-38 starts at Leader Epoch 4 from offset 0. Previous Leader Epoch was: -1 (kafka.cluster.Partition)
[2018-06-28 23:17:59,867] INFO Replica loaded for partition __consumer_offsets-35 with initial high watermark 0 (kafka.cluster.Replica)
[2018-06-28 23:17:59,868] INFO [Partition __consumer_offsets-35 broker=0] __consumer_offsets-35 starts at Leader Epoch 4 from offset 0. Previous Leader Epoch was: -1 (kafka.cluster.Partition)
[2018-06-28 23:17:59,883] INFO Replica loaded for partition __consumer_offsets-6 with initial high watermark 0 (kafka.cluster.Replica)
[2018-06-28 23:17:59,884] INFO [Partition __consumer_offsets-6 broker=0] __consumer_offsets-6 starts at Leader Epoch 4 from offset 0. Previous Leader Epoch was: -1 (kafka.cluster.Partition)
[2018-06-28 23:17:59,887] INFO Replica loaded for partition __consumer_offsets-44 with initial high watermark 0 (kafka.cluster.Replica)
[2018-06-28 23:17:59,887] INFO [Partition __consumer_offsets-44 broker=0] __consumer_offsets-44 starts at Leader Epoch 4 from offset 0. Previous Leader Epoch was: -1 (kafka.cluster.Partition)
[2018-06-28 23:17:59,889] INFO Replica loaded for partition __consumer_offsets-25 with initial high watermark 0 (kafka.cluster.Replica)
[2018-06-28 23:17:59,889] INFO [Partition __consumer_offsets-25 broker=0] __consumer_offsets-25 starts at Leader Epoch 4 from offset 0. Previous Leader Epoch was: -1 (kafka.cluster.Partition)
[2018-06-28 23:17:59,891] INFO Replica loaded for partition __consumer_offsets-16 with initial high watermark 0 (kafka.cluster.Replica)
[2018-06-28 23:17:59,891] INFO [Partition __consumer_offsets-16 broker=0] __consumer_offsets-16 starts at Leader Epoch 4 from offset 0. Previous Leader Epoch was: -1 (kafka.cluster.Partition)
[2018-06-28 23:17:59,893] INFO Replica loaded for partition __consumer_offsets-22 with initial high watermark 0 (kafka.cluster.Replica)
[2018-06-28 23:17:59,893] INFO [Partition __consumer_offsets-22 broker=0] __consumer_offsets-22 starts at Leader Epoch 4 from offset 0. Previous Leader Epoch was: -1 (kafka.cluster.Partition)
[2018-06-28 23:17:59,895] INFO Replica loaded for partition __consumer_offsets-41 with initial high watermark 0 (kafka.cluster.Replica)
[2018-06-28 23:17:59,895] INFO [Partition __consumer_offsets-41 broker=0] __consumer_offsets-41 starts at Leader Epoch 4 from offset 0. Previous Leader Epoch was: -1 (kafka.cluster.Partition)
[2018-06-28 23:17:59,897] INFO Replica loaded for partition __consumer_offsets-32 with initial high watermark 0 (kafka.cluster.Replica)
[2018-06-28 23:17:59,898] INFO [Partition __consumer_offsets-32 broker=0] __consumer_offsets-32 starts at Leader Epoch 4 from offset 0. Previous Leader Epoch was: -1 (kafka.cluster.Partition)
[2018-06-28 23:17:59,899] INFO Replica loaded for partition __consumer_offsets-3 with initial high watermark 0 (kafka.cluster.Replica)
[2018-06-28 23:17:59,899] INFO [Partition __consumer_offsets-3 broker=0] __consumer_offsets-3 starts at Leader Epoch 4 from offset 0. Previous Leader Epoch was: -1 (kafka.cluster.Partition)
[2018-06-28 23:17:59,901] INFO Replica loaded for partition __consumer_offsets-13 with initial high watermark 0 (kafka.cluster.Replica)
[2018-06-28 23:17:59,902] INFO [Partition __consumer_offsets-13 broker=0] __consumer_offsets-13 starts at Leader Epoch 4 from offset 0. Previous Leader Epoch was: -1 (kafka.cluster.Partition)
[2018-06-28 23:17:59,926] INFO [GroupMetadataManager brokerId=0] Scheduling loading of offsets and group metadata from __consumer_offsets-22 (kafka.coordinator.group.GroupMetadataManager)
[2018-06-28 23:17:59,927] INFO [GroupMetadataManager brokerId=0] Scheduling loading of offsets and group metadata from __consumer_offsets-25 (kafka.coordinator.group.GroupMetadataManager)
[2018-06-28 23:17:59,927] INFO [GroupMetadataManager brokerId=0] Scheduling loading of offsets and group metadata from __consumer_offsets-28 (kafka.coordinator.group.GroupMetadataManager)
[2018-06-28 23:17:59,927] INFO [GroupMetadataManager brokerId=0] Scheduling loading of offsets and group metadata from __consumer_offsets-31 (kafka.coordinator.group.GroupMetadataManager)
[2018-06-28 23:17:59,927] INFO [GroupMetadataManager brokerId=0] Scheduling loading of offsets and group metadata from __consumer_offsets-34 (kafka.coordinator.group.GroupMetadataManager)
[2018-06-28 23:17:59,927] INFO [GroupMetadataManager brokerId=0] Scheduling loading of offsets and group metadata from __consumer_offsets-37 (kafka.coordinator.group.GroupMetadataManager)
[2018-06-28 23:17:59,928] INFO [GroupMetadataManager brokerId=0] Scheduling loading of offsets and group metadata from __consumer_offsets-40 (kafka.coordinator.group.GroupMetadataManager)
[2018-06-28 23:17:59,928] INFO [GroupMetadataManager brokerId=0] Scheduling loading of offsets and group metadata from __consumer_offsets-43 (kafka.coordinator.group.GroupMetadataManager)
[2018-06-28 23:17:59,928] INFO [GroupMetadataManager brokerId=0] Scheduling loading of offsets and group metadata from __consumer_offsets-46 (kafka.coordinator.group.GroupMetadataManager)
[2018-06-28 23:17:59,928] INFO [GroupMetadataManager brokerId=0] Scheduling loading of offsets and group metadata from __consumer_offsets-49 (kafka.coordinator.group.GroupMetadataManager)
[2018-06-28 23:17:59,928] INFO [GroupMetadataManager brokerId=0] Scheduling loading of offsets and group metadata from __consumer_offsets-41 (kafka.coordinator.group.GroupMetadataManager)
[2018-06-28 23:17:59,928] INFO [GroupMetadataManager brokerId=0] Scheduling loading of offsets and group metadata from __consumer_offsets-44 (kafka.coordinator.group.GroupMetadataManager)
[2018-06-28 23:17:59,928] INFO [GroupMetadataManager brokerId=0] Scheduling loading of offsets and group metadata from __consumer_offsets-47 (kafka.coordinator.group.GroupMetadataManager)
[2018-06-28 23:17:59,928] INFO [GroupMetadataManager brokerId=0] Scheduling loading of offsets and group metadata from __consumer_offsets-1 (kafka.coordinator.group.GroupMetadataManager)
[2018-06-28 23:17:59,928] INFO [GroupMetadataManager brokerId=0] Scheduling loading of offsets and group metadata from __consumer_offsets-4 (kafka.coordinator.group.GroupMetadataManager)
[2018-06-28 23:17:59,928] INFO [GroupMetadataManager brokerId=0] Scheduling loading of offsets and group metadata from __consumer_offsets-7 (kafka.coordinator.group.GroupMetadataManager)
[2018-06-28 23:17:59,928] INFO [GroupMetadataManager brokerId=0] Scheduling loading of offsets and group metadata from __consumer_offsets-10 (kafka.coordinator.group.GroupMetadataManager)
[2018-06-28 23:17:59,928] INFO [GroupMetadataManager brokerId=0] Scheduling loading of offsets and group metadata from __consumer_offsets-13 (kafka.coordinator.group.GroupMetadataManager)
[2018-06-28 23:17:59,928] INFO [GroupMetadataManager brokerId=0] Scheduling loading of offsets and group metadata from __consumer_offsets-16 (kafka.coordinator.group.GroupMetadataManager)
[2018-06-28 23:17:59,929] INFO [GroupMetadataManager brokerId=0] Scheduling loading of offsets and group metadata from __consumer_offsets-19 (kafka.coordinator.group.GroupMetadataManager)
[2018-06-28 23:17:59,929] INFO [GroupMetadataManager brokerId=0] Scheduling loading of offsets and group metadata from __consumer_offsets-2 (kafka.coordinator.group.GroupMetadataManager)
[2018-06-28 23:17:59,929] INFO [GroupMetadataManager brokerId=0] Scheduling loading of offsets and group metadata from __consumer_offsets-5 (kafka.coordinator.group.GroupMetadataManager)
[2018-06-28 23:17:59,929] INFO [GroupMetadataManager brokerId=0] Scheduling loading of offsets and group metadata from __consumer_offsets-8 (kafka.coordinator.group.GroupMetadataManager)
[2018-06-28 23:17:59,929] INFO [GroupMetadataManager brokerId=0] Scheduling loading of offsets and group metadata from __consumer_offsets-11 (kafka.coordinator.group.GroupMetadataManager)
[2018-06-28 23:17:59,929] INFO [GroupMetadataManager brokerId=0] Scheduling loading of offsets and group metadata from __consumer_offsets-14 (kafka.coordinator.group.GroupMetadataManager)
[2018-06-28 23:17:59,929] INFO [GroupMetadataManager brokerId=0] Scheduling loading of offsets and group metadata from __consumer_offsets-17 (kafka.coordinator.group.GroupMetadataManager)
[2018-06-28 23:17:59,929] INFO [GroupMetadataManager brokerId=0] Scheduling loading of offsets and group metadata from __consumer_offsets-20 (kafka.coordinator.group.GroupMetadataManager)
[2018-06-28 23:17:59,929] INFO [GroupMetadataManager brokerId=0] Scheduling loading of offsets and group metadata from __consumer_offsets-23 (kafka.coordinator.group.GroupMetadataManager)
[2018-06-28 23:17:59,929] INFO [GroupMetadataManager brokerId=0] Scheduling loading of offsets and group metadata from __consumer_offsets-26 (kafka.coordinator.group.GroupMetadataManager)
[2018-06-28 23:17:59,929] INFO [GroupMetadataManager brokerId=0] Scheduling loading of offsets and group metadata from __consumer_offsets-29 (kafka.coordinator.group.GroupMetadataManager)
[2018-06-28 23:17:59,929] INFO [GroupMetadataManager brokerId=0] Scheduling loading of offsets and group metadata from __consumer_offsets-32 (kafka.coordinator.group.GroupMetadataManager)
[2018-06-28 23:17:59,929] INFO [GroupMetadataManager brokerId=0] Scheduling loading of offsets and group metadata from __consumer_offsets-35 (kafka.coordinator.group.GroupMetadataManager)
[2018-06-28 23:17:59,929] INFO [GroupMetadataManager brokerId=0] Scheduling loading of offsets and group metadata from __consumer_offsets-38 (kafka.coordinator.group.GroupMetadataManager)
[2018-06-28 23:17:59,929] INFO [GroupMetadataManager brokerId=0] Scheduling loading of offsets and group metadata from __consumer_offsets-0 (kafka.coordinator.group.GroupMetadataManager)
[2018-06-28 23:17:59,929] INFO [GroupMetadataManager brokerId=0] Scheduling loading of offsets and group metadata from __consumer_offsets-3 (kafka.coordinator.group.GroupMetadataManager)
[2018-06-28 23:17:59,929] INFO [GroupMetadataManager brokerId=0] Scheduling loading of offsets and group metadata from __consumer_offsets-6 (kafka.coordinator.group.GroupMetadataManager)
[2018-06-28 23:17:59,930] INFO [GroupMetadataManager brokerId=0] Scheduling loading of offsets and group metadata from __consumer_offsets-9 (kafka.coordinator.group.GroupMetadataManager)
[2018-06-28 23:17:59,930] INFO [GroupMetadataManager brokerId=0] Scheduling loading of offsets and group metadata from __consumer_offsets-12 (kafka.coordinator.group.GroupMetadataManager)
[2018-06-28 23:17:59,930] INFO [GroupMetadataManager brokerId=0] Scheduling loading of offsets and group metadata from __consumer_offsets-15 (kafka.coordinator.group.GroupMetadataManager)
[2018-06-28 23:17:59,930] INFO [GroupMetadataManager brokerId=0] Scheduling loading of offsets and group metadata from __consumer_offsets-18 (kafka.coordinator.group.GroupMetadataManager)
[2018-06-28 23:17:59,930] INFO [GroupMetadataManager brokerId=0] Scheduling loading of offsets and group metadata from __consumer_offsets-21 (kafka.coordinator.group.GroupMetadataManager)
[2018-06-28 23:17:59,930] INFO [GroupMetadataManager brokerId=0] Scheduling loading of offsets and group metadata from __consumer_offsets-24 (kafka.coordinator.group.GroupMetadataManager)
[2018-06-28 23:17:59,930] INFO [GroupMetadataManager brokerId=0] Scheduling loading of offsets and group metadata from __consumer_offsets-27 (kafka.coordinator.group.GroupMetadataManager)
[2018-06-28 23:17:59,931] INFO [GroupMetadataManager brokerId=0] Scheduling loading of offsets and group metadata from __consumer_offsets-30 (kafka.coordinator.group.GroupMetadataManager)
[2018-06-28 23:17:59,931] INFO [GroupMetadataManager brokerId=0] Scheduling loading of offsets and group metadata from __consumer_offsets-33 (kafka.coordinator.group.GroupMetadataManager)
[2018-06-28 23:17:59,931] INFO [GroupMetadataManager brokerId=0] Scheduling loading of offsets and group metadata from __consumer_offsets-36 (kafka.coordinator.group.GroupMetadataManager)
[2018-06-28 23:17:59,931] INFO [GroupMetadataManager brokerId=0] Scheduling loading of offsets and group metadata from __consumer_offsets-39 (kafka.coordinator.group.GroupMetadataManager)
[2018-06-28 23:17:59,931] INFO [GroupMetadataManager brokerId=0] Scheduling loading of offsets and group metadata from __consumer_offsets-42 (kafka.coordinator.group.GroupMetadataManager)
[2018-06-28 23:17:59,931] INFO [GroupMetadataManager brokerId=0] Scheduling loading of offsets and group metadata from __consumer_offsets-45 (kafka.coordinator.group.GroupMetadataManager)
[2018-06-28 23:17:59,931] INFO [GroupMetadataManager brokerId=0] Scheduling loading of offsets and group metadata from __consumer_offsets-48 (kafka.coordinator.group.GroupMetadataManager)
[2018-06-28 23:17:59,951] INFO [ReplicaFetcherManager on broker 0] Removed fetcher for partitions __consumer_offsets-22,__consumer_offsets-30,__consumer_offsets-8,__consumer_offsets-21,__consumer_offsets-4,__consumer_offsets-27,__consumer_offsets-7,__consumer_offsets-9,__consumer_offsets-46,__consumer_offsets-25,__consumer_offsets-35,__consumer_offsets-41,__consumer_offsets-33,__consumer_offsets-23,__consumer_offsets-49,__consumer_offsets-47,__consumer_offsets-16,Generalizer-0,__consumer_offsets-28,__consumer_offsets-31,__consumer_offsets-36,__consumer_offsets-42,__consumer_offsets-3,__consumer_offsets-18,__consumer_offsets-37,__consumer_offsets-15,__consumer_offsets-24,__consumer_offsets-38,__consumer_offsets-17,__consumer_offsets-48,__consumer_offsets-19,__consumer_offsets-11,__consumer_offsets-13,__consumer_offsets-2,__consumer_offsets-43,__consumer_offsets-6,FrameFeeder-0,__consumer_offsets-14,__consumer_offsets-20,__consumer_offsets-0,__consumer_offsets-44,__consumer_offsets-39,__consumer_offsets-12,__consumer_offsets-45,__consumer_offsets-1,__consumer_offsets-5,__consumer_offsets-26,Labeler-0,__consumer_offsets-29,__consumer_offsets-34,__consumer_offsets-10,__consumer_offsets-32,__consumer_offsets-40 (kafka.server.ReplicaFetcherManager)
[2018-06-28 23:17:59,951] INFO [Partition __consumer_offsets-0 broker=0] __consumer_offsets-0 starts at Leader Epoch 5 from offset 0. Previous Leader Epoch was: 4 (kafka.cluster.Partition)
[2018-06-28 23:17:59,952] INFO [Partition __consumer_offsets-29 broker=0] __consumer_offsets-29 starts at Leader Epoch 5 from offset 0. Previous Leader Epoch was: 4 (kafka.cluster.Partition)
[2018-06-28 23:17:59,952] INFO [Partition __consumer_offsets-48 broker=0] __consumer_offsets-48 starts at Leader Epoch 5 from offset 0. Previous Leader Epoch was: 4 (kafka.cluster.Partition)
[2018-06-28 23:17:59,953] INFO [Partition __consumer_offsets-10 broker=0] __consumer_offsets-10 starts at Leader Epoch 5 from offset 0. Previous Leader Epoch was: 4 (kafka.cluster.Partition)
[2018-06-28 23:17:59,953] INFO [Partition __consumer_offsets-45 broker=0] __consumer_offsets-45 starts at Leader Epoch 5 from offset 0. Previous Leader Epoch was: 4 (kafka.cluster.Partition)
[2018-06-28 23:17:59,953] INFO [Partition __consumer_offsets-26 broker=0] __consumer_offsets-26 starts at Leader Epoch 5 from offset 0. Previous Leader Epoch was: 4 (kafka.cluster.Partition)
[2018-06-28 23:17:59,953] INFO [Partition __consumer_offsets-7 broker=0] __consumer_offsets-7 starts at Leader Epoch 5 from offset 0. Previous Leader Epoch was: 4 (kafka.cluster.Partition)
[2018-06-28 23:17:59,954] INFO [Partition __consumer_offsets-42 broker=0] __consumer_offsets-42 starts at Leader Epoch 5 from offset 0. Previous Leader Epoch was: 4 (kafka.cluster.Partition)
[2018-06-28 23:17:59,954] INFO [Partition __consumer_offsets-4 broker=0] __consumer_offsets-4 starts at Leader Epoch 5 from offset 0. Previous Leader Epoch was: 4 (kafka.cluster.Partition)
[2018-06-28 23:17:59,954] INFO [Partition __consumer_offsets-23 broker=0] __consumer_offsets-23 starts at Leader Epoch 5 from offset 0. Previous Leader Epoch was: 4 (kafka.cluster.Partition)
[2018-06-28 23:17:59,954] INFO [Partition __consumer_offsets-1 broker=0] __consumer_offsets-1 starts at Leader Epoch 5 from offset 0. Previous Leader Epoch was: 4 (kafka.cluster.Partition)
[2018-06-28 23:17:59,956] INFO [Partition __consumer_offsets-39 broker=0] __consumer_offsets-39 starts at Leader Epoch 5 from offset 0. Previous Leader Epoch was: 4 (kafka.cluster.Partition)
[2018-06-28 23:17:59,956] INFO [Partition __consumer_offsets-20 broker=0] __consumer_offsets-20 starts at Leader Epoch 5 from offset 0. Previous Leader Epoch was: 4 (kafka.cluster.Partition)
[2018-06-28 23:17:59,957] INFO [Partition __consumer_offsets-17 broker=0] __consumer_offsets-17 starts at Leader Epoch 5 from offset 0. Previous Leader Epoch was: 4 (kafka.cluster.Partition)
[2018-06-28 23:17:59,957] INFO [Partition __consumer_offsets-36 broker=0] __consumer_offsets-36 starts at Leader Epoch 5 from offset 0. Previous Leader Epoch was: 4 (kafka.cluster.Partition)
[2018-06-28 23:17:59,957] INFO [Partition __consumer_offsets-14 broker=0] __consumer_offsets-14 starts at Leader Epoch 5 from offset 0. Previous Leader Epoch was: 4 (kafka.cluster.Partition)
[2018-06-28 23:17:59,957] INFO [Partition __consumer_offsets-33 broker=0] __consumer_offsets-33 starts at Leader Epoch 5 from offset 0. Previous Leader Epoch was: 4 (kafka.cluster.Partition)
[2018-06-28 23:17:59,957] INFO [Partition __consumer_offsets-49 broker=0] __consumer_offsets-49 starts at Leader Epoch 5 from offset 0. Previous Leader Epoch was: 4 (kafka.cluster.Partition)
[2018-06-28 23:17:59,958] INFO [Partition __consumer_offsets-11 broker=0] __consumer_offsets-11 starts at Leader Epoch 5 from offset 0. Previous Leader Epoch was: 4 (kafka.cluster.Partition)
[2018-06-28 23:17:59,958] INFO [Partition __consumer_offsets-30 broker=0] __consumer_offsets-30 starts at Leader Epoch 5 from offset 0. Previous Leader Epoch was: 4 (kafka.cluster.Partition)
[2018-06-28 23:17:59,958] INFO [Partition __consumer_offsets-46 broker=0] __consumer_offsets-46 starts at Leader Epoch 5 from offset 0. Previous Leader Epoch was: 4 (kafka.cluster.Partition)
[2018-06-28 23:17:59,959] INFO [Partition __consumer_offsets-27 broker=0] __consumer_offsets-27 starts at Leader Epoch 5 from offset 0. Previous Leader Epoch was: 4 (kafka.cluster.Partition)
[2018-06-28 23:17:59,959] INFO [Partition __consumer_offsets-8 broker=0] __consumer_offsets-8 starts at Leader Epoch 5 from offset 0. Previous Leader Epoch was: 4 (kafka.cluster.Partition)
[2018-06-28 23:17:59,959] INFO [Partition __consumer_offsets-24 broker=0] __consumer_offsets-24 starts at Leader Epoch 5 from offset 0. Previous Leader Epoch was: 4 (kafka.cluster.Partition)
[2018-06-28 23:17:59,959] INFO [Partition __consumer_offsets-43 broker=0] __consumer_offsets-43 starts at Leader Epoch 5 from offset 0. Previous Leader Epoch was: 4 (kafka.cluster.Partition)
[2018-06-28 23:17:59,960] INFO [Partition __consumer_offsets-5 broker=0] __consumer_offsets-5 starts at Leader Epoch 5 from offset 0. Previous Leader Epoch was: 4 (kafka.cluster.Partition)
[2018-06-28 23:17:59,960] INFO [Partition __consumer_offsets-21 broker=0] __consumer_offsets-21 starts at Leader Epoch 5 from offset 0. Previous Leader Epoch was: 4 (kafka.cluster.Partition)
[2018-06-28 23:17:59,960] INFO [Partition __consumer_offsets-2 broker=0] __consumer_offsets-2 starts at Leader Epoch 5 from offset 0. Previous Leader Epoch was: 4 (kafka.cluster.Partition)
[2018-06-28 23:17:59,961] INFO [Partition __consumer_offsets-40 broker=0] __consumer_offsets-40 starts at Leader Epoch 5 from offset 0. Previous Leader Epoch was: 4 (kafka.cluster.Partition)
[2018-06-28 23:17:59,961] INFO [Partition __consumer_offsets-37 broker=0] __consumer_offsets-37 starts at Leader Epoch 5 from offset 0. Previous Leader Epoch was: 4 (kafka.cluster.Partition)
[2018-06-28 23:17:59,961] INFO [Partition __consumer_offsets-18 broker=0] __consumer_offsets-18 starts at Leader Epoch 5 from offset 0. Previous Leader Epoch was: 4 (kafka.cluster.Partition)
[2018-06-28 23:17:59,961] INFO [Partition Labeler-0 broker=0] Labeler-0 starts at Leader Epoch 5 from offset 0. Previous Leader Epoch was: 4 (kafka.cluster.Partition)
[2018-06-28 23:17:59,962] INFO [Partition __consumer_offsets-34 broker=0] __consumer_offsets-34 starts at Leader Epoch 5 from offset 0. Previous Leader Epoch was: 4 (kafka.cluster.Partition)
[2018-06-28 23:17:59,962] INFO [Partition __consumer_offsets-15 broker=0] __consumer_offsets-15 starts at Leader Epoch 5 from offset 0. Previous Leader Epoch was: 4 (kafka.cluster.Partition)
[2018-06-28 23:17:59,962] INFO [Partition Generalizer-0 broker=0] Generalizer-0 starts at Leader Epoch 5 from offset 0. Previous Leader Epoch was: 4 (kafka.cluster.Partition)
[2018-06-28 23:17:59,962] INFO [Partition __consumer_offsets-12 broker=0] __consumer_offsets-12 starts at Leader Epoch 5 from offset 0. Previous Leader Epoch was: 4 (kafka.cluster.Partition)
[2018-06-28 23:17:59,962] INFO [Partition __consumer_offsets-31 broker=0] __consumer_offsets-31 starts at Leader Epoch 5 from offset 0. Previous Leader Epoch was: 4 (kafka.cluster.Partition)
[2018-06-28 23:17:59,963] INFO [Partition __consumer_offsets-9 broker=0] __consumer_offsets-9 starts at Leader Epoch 5 from offset 0. Previous Leader Epoch was: 4 (kafka.cluster.Partition)
[2018-06-28 23:17:59,963] INFO [Partition __consumer_offsets-47 broker=0] __consumer_offsets-47 starts at Leader Epoch 5 from offset 0. Previous Leader Epoch was: 4 (kafka.cluster.Partition)
[2018-06-28 23:17:59,963] INFO [Partition __consumer_offsets-19 broker=0] __consumer_offsets-19 starts at Leader Epoch 5 from offset 0. Previous Leader Epoch was: 4 (kafka.cluster.Partition)
[2018-06-28 23:17:59,963] INFO [Partition FrameFeeder-0 broker=0] FrameFeeder-0 starts at Leader Epoch 13 from offset 0. Previous Leader Epoch was: 12 (kafka.cluster.Partition)
[2018-06-28 23:17:59,963] INFO [Partition __consumer_offsets-28 broker=0] __consumer_offsets-28 starts at Leader Epoch 5 from offset 0. Previous Leader Epoch was: 4 (kafka.cluster.Partition)
[2018-06-28 23:17:59,964] INFO [Partition __consumer_offsets-38 broker=0] __consumer_offsets-38 starts at Leader Epoch 5 from offset 0. Previous Leader Epoch was: 4 (kafka.cluster.Partition)
[2018-06-28 23:17:59,964] INFO [Partition __consumer_offsets-35 broker=0] __consumer_offsets-35 starts at Leader Epoch 5 from offset 0. Previous Leader Epoch was: 4 (kafka.cluster.Partition)
[2018-06-28 23:17:59,965] INFO [GroupMetadataManager brokerId=0] Finished loading offsets and group metadata from __consumer_offsets-22 in 37 milliseconds. (kafka.coordinator.group.GroupMetadataManager)
[2018-06-28 23:17:59,966] INFO [GroupMetadataManager brokerId=0] Finished loading offsets and group metadata from __consumer_offsets-25 in 0 milliseconds. (kafka.coordinator.group.GroupMetadataManager)
[2018-06-28 23:17:59,967] INFO [GroupMetadataManager brokerId=0] Finished loading offsets and group metadata from __consumer_offsets-28 in 1 milliseconds. (kafka.coordinator.group.GroupMetadataManager)
[2018-06-28 23:17:59,967] INFO [GroupMetadataManager brokerId=0] Finished loading offsets and group metadata from __consumer_offsets-31 in 0 milliseconds. (kafka.coordinator.group.GroupMetadataManager)
[2018-06-28 23:17:59,967] INFO [GroupMetadataManager brokerId=0] Finished loading offsets and group metadata from __consumer_offsets-34 in 0 milliseconds. (kafka.coordinator.group.GroupMetadataManager)
[2018-06-28 23:17:59,968] INFO [GroupMetadataManager brokerId=0] Finished loading offsets and group metadata from __consumer_offsets-37 in 0 milliseconds. (kafka.coordinator.group.GroupMetadataManager)
[2018-06-28 23:17:59,968] INFO [GroupMetadataManager brokerId=0] Finished loading offsets and group metadata from __consumer_offsets-40 in 0 milliseconds. (kafka.coordinator.group.GroupMetadataManager)
[2018-06-28 23:17:59,969] INFO [GroupMetadataManager brokerId=0] Finished loading offsets and group metadata from __consumer_offsets-43 in 1 milliseconds. (kafka.coordinator.group.GroupMetadataManager)
[2018-06-28 23:17:59,969] INFO [GroupMetadataManager brokerId=0] Finished loading offsets and group metadata from __consumer_offsets-46 in 0 milliseconds. (kafka.coordinator.group.GroupMetadataManager)
[2018-06-28 23:17:59,969] INFO [GroupMetadataManager brokerId=0] Finished loading offsets and group metadata from __consumer_offsets-49 in 0 milliseconds. (kafka.coordinator.group.GroupMetadataManager)
[2018-06-28 23:17:59,970] INFO [GroupMetadataManager brokerId=0] Finished loading offsets and group metadata from __consumer_offsets-41 in 0 milliseconds. (kafka.coordinator.group.GroupMetadataManager)
[2018-06-28 23:17:59,970] INFO [GroupMetadataManager brokerId=0] Finished loading offsets and group metadata from __consumer_offsets-44 in 0 milliseconds. (kafka.coordinator.group.GroupMetadataManager)
[2018-06-28 23:17:59,970] INFO [GroupMetadataManager brokerId=0] Finished loading offsets and group metadata from __consumer_offsets-47 in 0 milliseconds. (kafka.coordinator.group.GroupMetadataManager)
[2018-06-28 23:17:59,971] INFO [GroupMetadataManager brokerId=0] Finished loading offsets and group metadata from __consumer_offsets-1 in 0 milliseconds. (kafka.coordinator.group.GroupMetadataManager)
[2018-06-28 23:17:59,971] INFO [Partition __consumer_offsets-6 broker=0] __consumer_offsets-6 starts at Leader Epoch 5 from offset 0. Previous Leader Epoch was: 4 (kafka.cluster.Partition)
[2018-06-28 23:17:59,972] INFO [Partition __consumer_offsets-44 broker=0] __consumer_offsets-44 starts at Leader Epoch 5 from offset 0. Previous Leader Epoch was: 4 (kafka.cluster.Partition)
[2018-06-28 23:17:59,972] INFO [Partition __consumer_offsets-25 broker=0] __consumer_offsets-25 starts at Leader Epoch 5 from offset 0. Previous Leader Epoch was: 4 (kafka.cluster.Partition)
[2018-06-28 23:17:59,972] INFO [Partition __consumer_offsets-16 broker=0] __consumer_offsets-16 starts at Leader Epoch 5 from offset 0. Previous Leader Epoch was: 4 (kafka.cluster.Partition)
[2018-06-28 23:17:59,972] INFO [Partition __consumer_offsets-22 broker=0] __consumer_offsets-22 starts at Leader Epoch 5 from offset 0. Previous Leader Epoch was: 4 (kafka.cluster.Partition)
[2018-06-28 23:17:59,972] INFO [Partition __consumer_offsets-41 broker=0] __consumer_offsets-41 starts at Leader Epoch 5 from offset 0. Previous Leader Epoch was: 4 (kafka.cluster.Partition)
[2018-06-28 23:17:59,973] INFO [Partition __consumer_offsets-32 broker=0] __consumer_offsets-32 starts at Leader Epoch 5 from offset 0. Previous Leader Epoch was: 4 (kafka.cluster.Partition)
[2018-06-28 23:17:59,973] INFO [Partition __consumer_offsets-3 broker=0] __consumer_offsets-3 starts at Leader Epoch 5 from offset 0. Previous Leader Epoch was: 4 (kafka.cluster.Partition)
[2018-06-28 23:17:59,973] INFO [Partition __consumer_offsets-13 broker=0] __consumer_offsets-13 starts at Leader Epoch 5 from offset 0. Previous Leader Epoch was: 4 (kafka.cluster.Partition)
[2018-06-28 23:17:59,976] INFO [GroupMetadataManager brokerId=0] Finished loading offsets and group metadata from __consumer_offsets-4 in 5 milliseconds. (kafka.coordinator.group.GroupMetadataManager)
[2018-06-28 23:17:59,976] INFO [GroupMetadataManager brokerId=0] Finished loading offsets and group metadata from __consumer_offsets-7 in 0 milliseconds. (kafka.coordinator.group.GroupMetadataManager)
[2018-06-28 23:17:59,976] INFO [GroupMetadataManager brokerId=0] Finished loading offsets and group metadata from __consumer_offsets-10 in 0 milliseconds. (kafka.coordinator.group.GroupMetadataManager)
[2018-06-28 23:17:59,977] INFO [GroupMetadataManager brokerId=0] Finished loading offsets and group metadata from __consumer_offsets-13 in 1 milliseconds. (kafka.coordinator.group.GroupMetadataManager)
[2018-06-28 23:17:59,977] INFO [GroupMetadataManager brokerId=0] Finished loading offsets and group metadata from __consumer_offsets-16 in 0 milliseconds. (kafka.coordinator.group.GroupMetadataManager)
[2018-06-28 23:17:59,977] INFO [GroupMetadataManager brokerId=0] Finished loading offsets and group metadata from __consumer_offsets-19 in 0 milliseconds. (kafka.coordinator.group.GroupMetadataManager)
[2018-06-28 23:17:59,978] INFO [GroupMetadataManager brokerId=0] Finished loading offsets and group metadata from __consumer_offsets-2 in 0 milliseconds. (kafka.coordinator.group.GroupMetadataManager)
[2018-06-28 23:17:59,978] INFO [GroupMetadataManager brokerId=0] Finished loading offsets and group metadata from __consumer_offsets-5 in 0 milliseconds. (kafka.coordinator.group.GroupMetadataManager)
[2018-06-28 23:17:59,978] INFO [GroupMetadataManager brokerId=0] Finished loading offsets and group metadata from __consumer_offsets-8 in 0 milliseconds. (kafka.coordinator.group.GroupMetadataManager)
[2018-06-28 23:17:59,979] INFO [GroupMetadataManager brokerId=0] Finished loading offsets and group metadata from __consumer_offsets-11 in 0 milliseconds. (kafka.coordinator.group.GroupMetadataManager)
[2018-06-28 23:17:59,979] INFO [GroupMetadataManager brokerId=0] Finished loading offsets and group metadata from __consumer_offsets-14 in 0 milliseconds. (kafka.coordinator.group.GroupMetadataManager)
[2018-06-28 23:17:59,979] INFO [GroupMetadataManager brokerId=0] Finished loading offsets and group metadata from __consumer_offsets-17 in 0 milliseconds. (kafka.coordinator.group.GroupMetadataManager)
[2018-06-28 23:17:59,980] INFO [GroupMetadataManager brokerId=0] Finished loading offsets and group metadata from __consumer_offsets-20 in 0 milliseconds. (kafka.coordinator.group.GroupMetadataManager)
[2018-06-28 23:18:00,003] INFO [GroupMetadataManager brokerId=0] Finished loading offsets and group metadata from __consumer_offsets-23 in 0 milliseconds. (kafka.coordinator.group.GroupMetadataManager)
[2018-06-28 23:18:00,003] INFO [GroupMetadataManager brokerId=0] Finished loading offsets and group metadata from __consumer_offsets-26 in 0 milliseconds. (kafka.coordinator.group.GroupMetadataManager)
[2018-06-28 23:18:00,004] INFO [GroupMetadataManager brokerId=0] Finished loading offsets and group metadata from __consumer_offsets-29 in 0 milliseconds. (kafka.coordinator.group.GroupMetadataManager)
[2018-06-28 23:18:00,004] INFO [GroupMetadataManager brokerId=0] Finished loading offsets and group metadata from __consumer_offsets-32 in 0 milliseconds. (kafka.coordinator.group.GroupMetadataManager)
[2018-06-28 23:18:00,004] INFO [GroupMetadataManager brokerId=0] Finished loading offsets and group metadata from __consumer_offsets-35 in 0 milliseconds. (kafka.coordinator.group.GroupMetadataManager)
[2018-06-28 23:18:00,005] INFO [GroupMetadataManager brokerId=0] Finished loading offsets and group metadata from __consumer_offsets-38 in 1 milliseconds. (kafka.coordinator.group.GroupMetadataManager)
[2018-06-28 23:18:00,005] INFO [GroupMetadataManager brokerId=0] Finished loading offsets and group metadata from __consumer_offsets-0 in 0 milliseconds. (kafka.coordinator.group.GroupMetadataManager)
[2018-06-28 23:18:00,005] INFO [GroupMetadataManager brokerId=0] Finished loading offsets and group metadata from __consumer_offsets-3 in 0 milliseconds. (kafka.coordinator.group.GroupMetadataManager)
[2018-06-28 23:18:00,006] INFO [GroupMetadataManager brokerId=0] Finished loading offsets and group metadata from __consumer_offsets-6 in 0 milliseconds. (kafka.coordinator.group.GroupMetadataManager)
[2018-06-28 23:18:00,006] INFO [GroupMetadataManager brokerId=0] Finished loading offsets and group metadata from __consumer_offsets-9 in 0 milliseconds. (kafka.coordinator.group.GroupMetadataManager)
[2018-06-28 23:18:00,006] INFO [GroupMetadataManager brokerId=0] Finished loading offsets and group metadata from __consumer_offsets-12 in 0 milliseconds. (kafka.coordinator.group.GroupMetadataManager)
[2018-06-28 23:18:00,006] INFO [GroupMetadataManager brokerId=0] Finished loading offsets and group metadata from __consumer_offsets-15 in 0 milliseconds. (kafka.coordinator.group.GroupMetadataManager)
[2018-06-28 23:18:00,007] INFO [GroupMetadataManager brokerId=0] Finished loading offsets and group metadata from __consumer_offsets-18 in 0 milliseconds. (kafka.coordinator.group.GroupMetadataManager)
[2018-06-28 23:18:00,007] INFO [GroupMetadataManager brokerId=0] Finished loading offsets and group metadata from __consumer_offsets-21 in 0 milliseconds. (kafka.coordinator.group.GroupMetadataManager)
[2018-06-28 23:18:00,007] INFO [GroupMetadataManager brokerId=0] Finished loading offsets and group metadata from __consumer_offsets-24 in 0 milliseconds. (kafka.coordinator.group.GroupMetadataManager)
[2018-06-28 23:18:00,008] INFO [GroupMetadataManager brokerId=0] Finished loading offsets and group metadata from __consumer_offsets-27 in 1 milliseconds. (kafka.coordinator.group.GroupMetadataManager)
[2018-06-28 23:18:00,008] INFO [GroupMetadataManager brokerId=0] Finished loading offsets and group metadata from __consumer_offsets-30 in 0 milliseconds. (kafka.coordinator.group.GroupMetadataManager)
[2018-06-28 23:18:00,016] INFO [GroupMetadataManager brokerId=0] Finished loading offsets and group metadata from __consumer_offsets-33 in 0 milliseconds. (kafka.coordinator.group.GroupMetadataManager)
[2018-06-28 23:18:00,016] INFO [GroupMetadataManager brokerId=0] Finished loading offsets and group metadata from __consumer_offsets-36 in 0 milliseconds. (kafka.coordinator.group.GroupMetadataManager)
[2018-06-28 23:18:00,017] INFO [GroupMetadataManager brokerId=0] Finished loading offsets and group metadata from __consumer_offsets-39 in 1 milliseconds. (kafka.coordinator.group.GroupMetadataManager)
[2018-06-28 23:18:00,017] INFO [GroupMetadataManager brokerId=0] Finished loading offsets and group metadata from __consumer_offsets-42 in 0 milliseconds. (kafka.coordinator.group.GroupMetadataManager)
[2018-06-28 23:18:00,017] INFO [GroupMetadataManager brokerId=0] Finished loading offsets and group metadata from __consumer_offsets-45 in 0 milliseconds. (kafka.coordinator.group.GroupMetadataManager)
[2018-06-28 23:18:00,017] INFO [GroupMetadataManager brokerId=0] Finished loading offsets and group metadata from __consumer_offsets-48 in 0 milliseconds. (kafka.coordinator.group.GroupMetadataManager)
[2018-06-28 23:18:06,710] INFO Topic creation {"version":1,"partitions":{"0":[0]}} (kafka.admin.AdminUtils$)
[2018-06-28 23:18:06,730] INFO [KafkaApi-0] Auto creation of topic bay with 1 partitions and replication factor 1 is successful (kafka.server.KafkaApis)
[2018-06-28 23:18:06,773] INFO [ReplicaFetcherManager on broker 0] Removed fetcher for partitions bay-0 (kafka.server.ReplicaFetcherManager)
[2018-06-28 23:18:06,778] INFO Loading producer state from offset 0 for partition bay-0 with message format version 2 (kafka.log.Log)
[2018-06-28 23:18:06,782] INFO Completed load of log bay-0 with 1 log segments, log start offset 0 and log end offset 0 in 5 ms (kafka.log.Log)
[2018-06-28 23:18:06,783] INFO Created log for partition [bay,0] in /tmp/kafka-logs with properties {compression.type -> producer, message.format.version -> 1.0-IV0, file.delete.delay.ms -> 60000, max.message.bytes -> 1000012, min.compaction.lag.ms -> 0, message.timestamp.type -> CreateTime, min.insync.replicas -> 1, segment.jitter.ms -> 0, preallocate -> false, min.cleanable.dirty.ratio -> 0.5, index.interval.bytes -> 4096, unclean.leader.election.enable -> false, retention.bytes -> -1, delete.retention.ms -> 86400000, cleanup.policy -> [delete], flush.ms -> 9223372036854775807, segment.ms -> 604800000, segment.bytes -> 1073741824, retention.ms -> 604800000, message.timestamp.difference.max.ms -> 9223372036854775807, segment.index.bytes -> 10485760, flush.messages -> 9223372036854775807}. (kafka.log.LogManager)
[2018-06-28 23:18:06,786] INFO [Partition bay-0 broker=0] No checkpointed highwatermark is found for partition bay-0 (kafka.cluster.Partition)
[2018-06-28 23:18:06,786] INFO Replica loaded for partition bay-0 with initial high watermark 0 (kafka.cluster.Replica)
[2018-06-28 23:18:06,787] INFO [Partition bay-0 broker=0] bay-0 starts at Leader Epoch 0 from offset 0. Previous Leader Epoch was: -1 (kafka.cluster.Partition)
[2018-06-28 23:18:06,936] INFO Updated PartitionLeaderEpoch. New: {epoch:0, offset:0}, Current: {epoch:-1, offset-1} for Partition: bay-0. Cache now contains 0 entries. (kafka.server.epoch.LeaderEpochFileCache)
[2018-06-28 23:18:28,595] INFO Deleting index /tmp/kafka-logs/bay-0.92740590ca024e7c9059e02c7d12e623-delete/00000000000000000000.index (kafka.log.OffsetIndex)
[2018-06-28 23:18:28,611] INFO Deleting index /tmp/kafka-logs/bay-0.92740590ca024e7c9059e02c7d12e623-delete/00000000000000000000.timeindex (kafka.log.TimeIndex)
[2018-06-28 23:18:28,622] INFO Deleted log for partition bay-0 in /tmp/kafka-logs/bay-0.92740590ca024e7c9059e02c7d12e623-delete. (kafka.log.LogManager)
[2018-06-28 23:18:28,622] INFO Deleting index /tmp/kafka-logs/bay-0.ed54d490d8dc4c9f81bd55b4629f14f9-delete/00000000000000000000.index (kafka.log.OffsetIndex)
[2018-06-28 23:18:28,622] INFO Deleting index /tmp/kafka-logs/bay-0.ed54d490d8dc4c9f81bd55b4629f14f9-delete/00000000000000000000.timeindex (kafka.log.TimeIndex)
[2018-06-28 23:18:28,622] INFO Deleted log for partition bay-0 in /tmp/kafka-logs/bay-0.ed54d490d8dc4c9f81bd55b4629f14f9-delete. (kafka.log.LogManager)
