[2018-06-28 23:03:51,495] TRACE [Controller id=0] Checking need to trigger auto leader balancing (kafka.controller.KafkaController)
[2018-06-28 23:03:51,497] DEBUG [Controller id=0] Preferred replicas by broker Map(0 -> Map(__consumer_offsets-19 -> Vector(0), __consumer_offsets-30 -> Vector(0), __consumer_offsets-47 -> Vector(0), __consumer_offsets-29 -> Vector(0), __consumer_offsets-41 -> Vector(0), __consumer_offsets-39 -> Vector(0), __consumer_offsets-10 -> Vector(0), __consumer_offsets-17 -> Vector(0), __consumer_offsets-14 -> Vector(0), Labeler-0 -> Vector(0), __consumer_offsets-40 -> Vector(0), __consumer_offsets-18 -> Vector(0), __consumer_offsets-0 -> Vector(0), __consumer_offsets-26 -> Vector(0), __consumer_offsets-24 -> Vector(0), __consumer_offsets-33 -> Vector(0), __consumer_offsets-20 -> Vector(0), __consumer_offsets-21 -> Vector(0), __consumer_offsets-3 -> Vector(0), FrameFeeder-0 -> Vector(0), __consumer_offsets-22 -> Vector(0), __consumer_offsets-5 -> Vector(0), bay-0 -> Vector(0), __consumer_offsets-12 -> Vector(0), __consumer_offsets-8 -> Vector(0), Generalizer-0 -> Vector(0), __consumer_offsets-23 -> Vector(0), __consumer_offsets-15 -> Vector(0), __consumer_offsets-11 -> Vector(0), __consumer_offsets-48 -> Vector(0), __consumer_offsets-13 -> Vector(0), __consumer_offsets-49 -> Vector(0), __consumer_offsets-6 -> Vector(0), __consumer_offsets-28 -> Vector(0), __consumer_offsets-4 -> Vector(0), __consumer_offsets-37 -> Vector(0), __consumer_offsets-31 -> Vector(0), __consumer_offsets-44 -> Vector(0), __consumer_offsets-42 -> Vector(0), __consumer_offsets-34 -> Vector(0), __consumer_offsets-46 -> Vector(0), __consumer_offsets-25 -> Vector(0), __consumer_offsets-45 -> Vector(0), __consumer_offsets-27 -> Vector(0), __consumer_offsets-32 -> Vector(0), __consumer_offsets-43 -> Vector(0), __consumer_offsets-36 -> Vector(0), __consumer_offsets-35 -> Vector(0), __consumer_offsets-7 -> Vector(0), __consumer_offsets-38 -> Vector(0), __consumer_offsets-9 -> Vector(0), __consumer_offsets-1 -> Vector(0), __consumer_offsets-2 -> Vector(0), __consumer_offsets-16 -> Vector(0))) (kafka.controller.KafkaController)
[2018-06-28 23:03:51,497] DEBUG [Controller id=0] Topics not in preferred replica Map() (kafka.controller.KafkaController)
[2018-06-28 23:03:51,497] TRACE [Controller id=0] Leader imbalance ratio for broker 0 is 0.0 (kafka.controller.KafkaController)
[2018-06-28 23:08:51,497] TRACE [Controller id=0] Checking need to trigger auto leader balancing (kafka.controller.KafkaController)
[2018-06-28 23:08:51,497] DEBUG [Controller id=0] Preferred replicas by broker Map(0 -> Map(__consumer_offsets-19 -> Vector(0), __consumer_offsets-30 -> Vector(0), __consumer_offsets-47 -> Vector(0), __consumer_offsets-29 -> Vector(0), __consumer_offsets-41 -> Vector(0), __consumer_offsets-39 -> Vector(0), __consumer_offsets-10 -> Vector(0), __consumer_offsets-17 -> Vector(0), __consumer_offsets-14 -> Vector(0), Labeler-0 -> Vector(0), __consumer_offsets-40 -> Vector(0), __consumer_offsets-18 -> Vector(0), __consumer_offsets-0 -> Vector(0), __consumer_offsets-26 -> Vector(0), __consumer_offsets-24 -> Vector(0), __consumer_offsets-33 -> Vector(0), __consumer_offsets-20 -> Vector(0), __consumer_offsets-21 -> Vector(0), __consumer_offsets-3 -> Vector(0), FrameFeeder-0 -> Vector(0), __consumer_offsets-22 -> Vector(0), __consumer_offsets-5 -> Vector(0), bay-0 -> Vector(0), __consumer_offsets-12 -> Vector(0), __consumer_offsets-8 -> Vector(0), Generalizer-0 -> Vector(0), __consumer_offsets-23 -> Vector(0), __consumer_offsets-15 -> Vector(0), __consumer_offsets-11 -> Vector(0), __consumer_offsets-48 -> Vector(0), __consumer_offsets-13 -> Vector(0), __consumer_offsets-49 -> Vector(0), __consumer_offsets-6 -> Vector(0), __consumer_offsets-28 -> Vector(0), __consumer_offsets-4 -> Vector(0), __consumer_offsets-37 -> Vector(0), __consumer_offsets-31 -> Vector(0), __consumer_offsets-44 -> Vector(0), __consumer_offsets-42 -> Vector(0), __consumer_offsets-34 -> Vector(0), __consumer_offsets-46 -> Vector(0), __consumer_offsets-25 -> Vector(0), __consumer_offsets-45 -> Vector(0), __consumer_offsets-27 -> Vector(0), __consumer_offsets-32 -> Vector(0), __consumer_offsets-43 -> Vector(0), __consumer_offsets-36 -> Vector(0), __consumer_offsets-35 -> Vector(0), __consumer_offsets-7 -> Vector(0), __consumer_offsets-38 -> Vector(0), __consumer_offsets-9 -> Vector(0), __consumer_offsets-1 -> Vector(0), __consumer_offsets-2 -> Vector(0), __consumer_offsets-16 -> Vector(0))) (kafka.controller.KafkaController)
[2018-06-28 23:08:51,497] DEBUG [Controller id=0] Topics not in preferred replica Map() (kafka.controller.KafkaController)
[2018-06-28 23:08:51,497] TRACE [Controller id=0] Leader imbalance ratio for broker 0 is 0.0 (kafka.controller.KafkaController)
[2018-06-28 23:13:51,498] TRACE [Controller id=0] Checking need to trigger auto leader balancing (kafka.controller.KafkaController)
[2018-06-28 23:13:51,498] DEBUG [Controller id=0] Preferred replicas by broker Map(0 -> Map(__consumer_offsets-19 -> Vector(0), __consumer_offsets-30 -> Vector(0), __consumer_offsets-47 -> Vector(0), __consumer_offsets-29 -> Vector(0), __consumer_offsets-41 -> Vector(0), __consumer_offsets-39 -> Vector(0), __consumer_offsets-10 -> Vector(0), __consumer_offsets-17 -> Vector(0), __consumer_offsets-14 -> Vector(0), Labeler-0 -> Vector(0), __consumer_offsets-40 -> Vector(0), __consumer_offsets-18 -> Vector(0), __consumer_offsets-0 -> Vector(0), __consumer_offsets-26 -> Vector(0), __consumer_offsets-24 -> Vector(0), __consumer_offsets-33 -> Vector(0), __consumer_offsets-20 -> Vector(0), __consumer_offsets-21 -> Vector(0), __consumer_offsets-3 -> Vector(0), FrameFeeder-0 -> Vector(0), __consumer_offsets-22 -> Vector(0), __consumer_offsets-5 -> Vector(0), bay-0 -> Vector(0), __consumer_offsets-12 -> Vector(0), __consumer_offsets-8 -> Vector(0), Generalizer-0 -> Vector(0), __consumer_offsets-23 -> Vector(0), __consumer_offsets-15 -> Vector(0), __consumer_offsets-11 -> Vector(0), __consumer_offsets-48 -> Vector(0), __consumer_offsets-13 -> Vector(0), __consumer_offsets-49 -> Vector(0), __consumer_offsets-6 -> Vector(0), __consumer_offsets-28 -> Vector(0), __consumer_offsets-4 -> Vector(0), __consumer_offsets-37 -> Vector(0), __consumer_offsets-31 -> Vector(0), __consumer_offsets-44 -> Vector(0), __consumer_offsets-42 -> Vector(0), __consumer_offsets-34 -> Vector(0), __consumer_offsets-46 -> Vector(0), __consumer_offsets-25 -> Vector(0), __consumer_offsets-45 -> Vector(0), __consumer_offsets-27 -> Vector(0), __consumer_offsets-32 -> Vector(0), __consumer_offsets-43 -> Vector(0), __consumer_offsets-36 -> Vector(0), __consumer_offsets-35 -> Vector(0), __consumer_offsets-7 -> Vector(0), __consumer_offsets-38 -> Vector(0), __consumer_offsets-9 -> Vector(0), __consumer_offsets-1 -> Vector(0), __consumer_offsets-2 -> Vector(0), __consumer_offsets-16 -> Vector(0))) (kafka.controller.KafkaController)
[2018-06-28 23:13:51,498] DEBUG [Controller id=0] Topics not in preferred replica Map() (kafka.controller.KafkaController)
[2018-06-28 23:13:51,498] TRACE [Controller id=0] Leader imbalance ratio for broker 0 is 0.0 (kafka.controller.KafkaController)
[2018-06-28 23:14:58,269] DEBUG [Controller id=0] Delete topics listener fired for topics bay to be deleted (kafka.controller.KafkaController)
[2018-06-28 23:14:58,271] INFO [Controller id=0] Starting topic deletion for topics bay (kafka.controller.KafkaController)
[2018-06-28 23:14:58,273] INFO [Topic Deletion Manager 0], Handling deletion for topics bay (kafka.controller.TopicDeletionManager)
[2018-06-28 23:14:58,275] DEBUG [ReplicaStateMachine controllerId=0] Are all replicas for topic bay deleted Map([Topic=bay,Partition=0,Replica=0] -> OnlineReplica) (kafka.controller.ReplicaStateMachine)
[2018-06-28 23:14:58,277] INFO [Topic Deletion Manager 0], Deletion of topic bay (re)started (kafka.controller.TopicDeletionManager)
[2018-06-28 23:14:58,277] INFO [Topic Deletion Manager 0], Topic deletion callback for bay (kafka.controller.TopicDeletionManager)
[2018-06-28 23:14:58,280] INFO [Controller-0-to-broker-0-send-thread]: Controller 0 connected to 10.0.0.9:9092 (id: 0 rack: null) for sending state change requests (kafka.controller.RequestSendThread)
[2018-06-28 23:14:58,287] INFO [Topic Deletion Manager 0], Partition deletion callback for bay-0 (kafka.controller.TopicDeletionManager)
[2018-06-28 23:14:58,290] INFO [ReplicaStateMachine controllerId=0] Invoking state change to OfflineReplica for replicas [Topic=bay,Partition=0,Replica=0] (kafka.controller.ReplicaStateMachine)
[2018-06-28 23:14:58,294] DEBUG [Controller id=0] Removing replica 0 from ISR 0 for partition bay-0. (kafka.controller.KafkaController)
[2018-06-28 23:14:58,299] INFO [Controller id=0] Retaining last ISR 0 of partition bay-0 since unclean leader election is disabled (kafka.controller.KafkaController)
[2018-06-28 23:14:58,306] INFO [Controller id=0] New leader and ISR for partition bay-0 is {"leader":-1,"leader_epoch":2,"isr":[0]} (kafka.controller.KafkaController)
[2018-06-28 23:14:58,309] DEBUG The stop replica request (delete = true) sent to broker 0 is  (kafka.controller.ControllerBrokerRequestBatch)
[2018-06-28 23:14:58,309] DEBUG The stop replica request (delete = false) sent to broker 0 is [Topic=bay,Partition=0,Replica=0] (kafka.controller.ControllerBrokerRequestBatch)
[2018-06-28 23:14:58,319] DEBUG [Topic Deletion Manager 0], Deletion started for replicas [Topic=bay,Partition=0,Replica=0] (kafka.controller.TopicDeletionManager)
[2018-06-28 23:14:58,322] INFO [ReplicaStateMachine controllerId=0] Invoking state change to ReplicaDeletionStarted for replicas [Topic=bay,Partition=0,Replica=0] (kafka.controller.ReplicaStateMachine)
[2018-06-28 23:14:58,324] DEBUG The stop replica request (delete = true) sent to broker 0 is [Topic=bay,Partition=0,Replica=0] (kafka.controller.ControllerBrokerRequestBatch)
[2018-06-28 23:14:58,324] DEBUG The stop replica request (delete = false) sent to broker 0 is  (kafka.controller.ControllerBrokerRequestBatch)
[2018-06-28 23:14:58,414] DEBUG [Controller id=0] Delete topic callback invoked for org.apache.kafka.common.requests.StopReplicaResponse@27a442ab (kafka.controller.KafkaController)
[2018-06-28 23:14:58,416] DEBUG [Topic Deletion Manager 0], Deletion successfully completed for replicas [Topic=bay,Partition=0,Replica=0] (kafka.controller.TopicDeletionManager)
[2018-06-28 23:14:58,416] INFO [ReplicaStateMachine controllerId=0] Invoking state change to ReplicaDeletionSuccessful for replicas [Topic=bay,Partition=0,Replica=0] (kafka.controller.ReplicaStateMachine)
[2018-06-28 23:14:58,416] INFO [Topic Deletion Manager 0], Handling deletion for topics bay (kafka.controller.TopicDeletionManager)
[2018-06-28 23:14:58,417] DEBUG [ReplicaStateMachine controllerId=0] Are all replicas for topic bay deleted Map([Topic=bay,Partition=0,Replica=0] -> ReplicaDeletionSuccessful) (kafka.controller.ReplicaStateMachine)
[2018-06-28 23:14:58,417] INFO [ReplicaStateMachine controllerId=0] Invoking state change to NonExistentReplica for replicas [Topic=bay,Partition=0,Replica=0] (kafka.controller.ReplicaStateMachine)
[2018-06-28 23:14:58,418] INFO [PartitionStateMachine controllerId=0] Invoking state change to OfflinePartition for partitions bay-0 (kafka.controller.PartitionStateMachine)
[2018-06-28 23:14:58,418] INFO [PartitionStateMachine controllerId=0] Invoking state change to NonExistentPartition for partitions bay-0 (kafka.controller.PartitionStateMachine)
[2018-06-28 23:14:58,469] INFO [Topic Deletion Manager 0], Deletion of topic bay successfully completed (kafka.controller.TopicDeletionManager)
[2018-06-28 23:14:58,470] INFO [Controller id=0] New topics: [Set()], deleted topics: [Set()], new partition replica assignment [Map()] (kafka.controller.KafkaController)
[2018-06-28 23:14:58,470] DEBUG [Controller id=0] Delete topics listener fired for topics  to be deleted (kafka.controller.KafkaController)
[2018-06-28 23:15:00,337] INFO [Controller id=0] New topics: [Set(bay)], deleted topics: [Set()], new partition replica assignment [Map(bay-0 -> Vector(0))] (kafka.controller.KafkaController)
[2018-06-28 23:15:00,337] INFO [Controller id=0] New topic creation callback for bay-0 (kafka.controller.KafkaController)
[2018-06-28 23:15:00,338] INFO [Controller id=0] New partition creation callback for bay-0 (kafka.controller.KafkaController)
[2018-06-28 23:15:00,338] INFO [PartitionStateMachine controllerId=0] Invoking state change to NewPartition for partitions bay-0 (kafka.controller.PartitionStateMachine)
[2018-06-28 23:15:00,339] INFO [ReplicaStateMachine controllerId=0] Invoking state change to NewReplica for replicas [Topic=bay,Partition=0,Replica=0] (kafka.controller.ReplicaStateMachine)
[2018-06-28 23:15:00,340] INFO [PartitionStateMachine controllerId=0] Invoking state change to OnlinePartition for partitions bay-0 (kafka.controller.PartitionStateMachine)
[2018-06-28 23:15:00,341] DEBUG [PartitionStateMachine controllerId=0] Live assigned replicas for partition bay-0 are: [List(0)] (kafka.controller.PartitionStateMachine)
[2018-06-28 23:15:00,342] DEBUG [PartitionStateMachine controllerId=0] Initializing leader and isr for partition bay-0 to (Leader:0,ISR:0,LeaderEpoch:0,ControllerEpoch:21) (kafka.controller.PartitionStateMachine)
[2018-06-28 23:15:00,386] INFO [ReplicaStateMachine controllerId=0] Invoking state change to OnlineReplica for replicas [Topic=bay,Partition=0,Replica=0] (kafka.controller.ReplicaStateMachine)
[2018-06-28 23:15:03,805] DEBUG [Controller id=0] Delete topics listener fired for topics bay to be deleted (kafka.controller.KafkaController)
[2018-06-28 23:15:03,805] INFO [Controller id=0] Starting topic deletion for topics bay (kafka.controller.KafkaController)
[2018-06-28 23:15:03,805] INFO [Topic Deletion Manager 0], Handling deletion for topics bay (kafka.controller.TopicDeletionManager)
[2018-06-28 23:15:03,806] DEBUG [ReplicaStateMachine controllerId=0] Are all replicas for topic bay deleted Map([Topic=bay,Partition=0,Replica=0] -> OnlineReplica) (kafka.controller.ReplicaStateMachine)
[2018-06-28 23:15:03,806] INFO [Topic Deletion Manager 0], Deletion of topic bay (re)started (kafka.controller.TopicDeletionManager)
[2018-06-28 23:15:03,806] INFO [Topic Deletion Manager 0], Topic deletion callback for bay (kafka.controller.TopicDeletionManager)
[2018-06-28 23:15:03,807] INFO [Topic Deletion Manager 0], Partition deletion callback for bay-0 (kafka.controller.TopicDeletionManager)
[2018-06-28 23:15:03,811] INFO [ReplicaStateMachine controllerId=0] Invoking state change to OfflineReplica for replicas [Topic=bay,Partition=0,Replica=0] (kafka.controller.ReplicaStateMachine)
[2018-06-28 23:15:03,811] DEBUG [Controller id=0] Removing replica 0 from ISR 0 for partition bay-0. (kafka.controller.KafkaController)
[2018-06-28 23:15:03,813] INFO [Controller id=0] Retaining last ISR 0 of partition bay-0 since unclean leader election is disabled (kafka.controller.KafkaController)
[2018-06-28 23:15:03,817] INFO [Controller id=0] New leader and ISR for partition bay-0 is {"leader":-1,"leader_epoch":1,"isr":[0]} (kafka.controller.KafkaController)
[2018-06-28 23:15:03,818] DEBUG The stop replica request (delete = true) sent to broker 0 is  (kafka.controller.ControllerBrokerRequestBatch)
[2018-06-28 23:15:03,818] DEBUG The stop replica request (delete = false) sent to broker 0 is [Topic=bay,Partition=0,Replica=0] (kafka.controller.ControllerBrokerRequestBatch)
[2018-06-28 23:15:03,818] DEBUG [Topic Deletion Manager 0], Deletion started for replicas [Topic=bay,Partition=0,Replica=0] (kafka.controller.TopicDeletionManager)
[2018-06-28 23:15:03,818] INFO [ReplicaStateMachine controllerId=0] Invoking state change to ReplicaDeletionStarted for replicas [Topic=bay,Partition=0,Replica=0] (kafka.controller.ReplicaStateMachine)
[2018-06-28 23:15:03,818] DEBUG The stop replica request (delete = true) sent to broker 0 is [Topic=bay,Partition=0,Replica=0] (kafka.controller.ControllerBrokerRequestBatch)
[2018-06-28 23:15:03,818] DEBUG The stop replica request (delete = false) sent to broker 0 is  (kafka.controller.ControllerBrokerRequestBatch)
[2018-06-28 23:15:03,861] DEBUG [Controller id=0] Delete topic callback invoked for org.apache.kafka.common.requests.StopReplicaResponse@7ab5a417 (kafka.controller.KafkaController)
[2018-06-28 23:15:03,861] DEBUG [Topic Deletion Manager 0], Deletion successfully completed for replicas [Topic=bay,Partition=0,Replica=0] (kafka.controller.TopicDeletionManager)
[2018-06-28 23:15:03,861] INFO [ReplicaStateMachine controllerId=0] Invoking state change to ReplicaDeletionSuccessful for replicas [Topic=bay,Partition=0,Replica=0] (kafka.controller.ReplicaStateMachine)
[2018-06-28 23:15:03,861] INFO [Topic Deletion Manager 0], Handling deletion for topics bay (kafka.controller.TopicDeletionManager)
[2018-06-28 23:15:03,861] DEBUG [ReplicaStateMachine controllerId=0] Are all replicas for topic bay deleted Map([Topic=bay,Partition=0,Replica=0] -> ReplicaDeletionSuccessful) (kafka.controller.ReplicaStateMachine)
[2018-06-28 23:15:03,862] INFO [ReplicaStateMachine controllerId=0] Invoking state change to NonExistentReplica for replicas [Topic=bay,Partition=0,Replica=0] (kafka.controller.ReplicaStateMachine)
[2018-06-28 23:15:03,862] INFO [PartitionStateMachine controllerId=0] Invoking state change to OfflinePartition for partitions bay-0 (kafka.controller.PartitionStateMachine)
[2018-06-28 23:15:03,862] INFO [PartitionStateMachine controllerId=0] Invoking state change to NonExistentPartition for partitions bay-0 (kafka.controller.PartitionStateMachine)
[2018-06-28 23:15:03,898] INFO [Topic Deletion Manager 0], Deletion of topic bay successfully completed (kafka.controller.TopicDeletionManager)
[2018-06-28 23:15:03,898] INFO [Controller id=0] New topics: [Set()], deleted topics: [Set()], new partition replica assignment [Map()] (kafka.controller.KafkaController)
[2018-06-28 23:15:03,899] DEBUG [Controller id=0] Delete topics listener fired for topics  to be deleted (kafka.controller.KafkaController)
[2018-06-28 23:15:04,251] INFO [Controller id=0] Shutting down broker 0 (kafka.controller.KafkaController)
[2018-06-28 23:15:04,251] DEBUG [Controller id=0] All shutting down brokers: 0 (kafka.controller.KafkaController)
[2018-06-28 23:15:04,252] DEBUG [Controller id=0] Live brokers:  (kafka.controller.KafkaController)
[2018-06-28 23:15:04,259] TRACE [Controller id=0] All leaders = __consumer_offsets-19 -> (Leader:0,ISR:0,LeaderEpoch:4,ControllerEpoch:21),__consumer_offsets-30 -> (Leader:0,ISR:0,LeaderEpoch:4,ControllerEpoch:21),__consumer_offsets-47 -> (Leader:0,ISR:0,LeaderEpoch:4,ControllerEpoch:21),__consumer_offsets-29 -> (Leader:0,ISR:0,LeaderEpoch:4,ControllerEpoch:21),__consumer_offsets-41 -> (Leader:0,ISR:0,LeaderEpoch:4,ControllerEpoch:21),__consumer_offsets-39 -> (Leader:0,ISR:0,LeaderEpoch:4,ControllerEpoch:21),__consumer_offsets-10 -> (Leader:0,ISR:0,LeaderEpoch:4,ControllerEpoch:21),__consumer_offsets-17 -> (Leader:0,ISR:0,LeaderEpoch:4,ControllerEpoch:21),__consumer_offsets-14 -> (Leader:0,ISR:0,LeaderEpoch:4,ControllerEpoch:21),Labeler-0 -> (Leader:0,ISR:0,LeaderEpoch:4,ControllerEpoch:21),__consumer_offsets-40 -> (Leader:0,ISR:0,LeaderEpoch:4,ControllerEpoch:21),__consumer_offsets-18 -> (Leader:0,ISR:0,LeaderEpoch:4,ControllerEpoch:21),__consumer_offsets-26 -> (Leader:0,ISR:0,LeaderEpoch:4,ControllerEpoch:21),__consumer_offsets-0 -> (Leader:0,ISR:0,LeaderEpoch:4,ControllerEpoch:21),__consumer_offsets-24 -> (Leader:0,ISR:0,LeaderEpoch:4,ControllerEpoch:21),__consumer_offsets-33 -> (Leader:0,ISR:0,LeaderEpoch:4,ControllerEpoch:21),__consumer_offsets-20 -> (Leader:0,ISR:0,LeaderEpoch:4,ControllerEpoch:21),__consumer_offsets-3 -> (Leader:0,ISR:0,LeaderEpoch:4,ControllerEpoch:21),__consumer_offsets-21 -> (Leader:0,ISR:0,LeaderEpoch:4,ControllerEpoch:21),__consumer_offsets-5 -> (Leader:0,ISR:0,LeaderEpoch:4,ControllerEpoch:21),__consumer_offsets-22 -> (Leader:0,ISR:0,LeaderEpoch:4,ControllerEpoch:21),FrameFeeder-0 -> (Leader:0,ISR:0,LeaderEpoch:12,ControllerEpoch:21),__consumer_offsets-12 -> (Leader:0,ISR:0,LeaderEpoch:4,ControllerEpoch:21),__consumer_offsets-8 -> (Leader:0,ISR:0,LeaderEpoch:4,ControllerEpoch:21),Generalizer-0 -> (Leader:0,ISR:0,LeaderEpoch:4,ControllerEpoch:21),__consumer_offsets-23 -> (Leader:0,ISR:0,LeaderEpoch:4,ControllerEpoch:21),__consumer_offsets-15 -> (Leader:0,ISR:0,LeaderEpoch:4,ControllerEpoch:21),__consumer_offsets-11 -> (Leader:0,ISR:0,LeaderEpoch:4,ControllerEpoch:21),__consumer_offsets-48 -> (Leader:0,ISR:0,LeaderEpoch:4,ControllerEpoch:21),__consumer_offsets-13 -> (Leader:0,ISR:0,LeaderEpoch:4,ControllerEpoch:21),__consumer_offsets-49 -> (Leader:0,ISR:0,LeaderEpoch:4,ControllerEpoch:21),__consumer_offsets-6 -> (Leader:0,ISR:0,LeaderEpoch:4,ControllerEpoch:21),__consumer_offsets-28 -> (Leader:0,ISR:0,LeaderEpoch:4,ControllerEpoch:21),__consumer_offsets-4 -> (Leader:0,ISR:0,LeaderEpoch:4,ControllerEpoch:21),__consumer_offsets-37 -> (Leader:0,ISR:0,LeaderEpoch:4,ControllerEpoch:21),__consumer_offsets-31 -> (Leader:0,ISR:0,LeaderEpoch:4,ControllerEpoch:21),__consumer_offsets-44 -> (Leader:0,ISR:0,LeaderEpoch:4,ControllerEpoch:21),__consumer_offsets-42 -> (Leader:0,ISR:0,LeaderEpoch:4,ControllerEpoch:21),__consumer_offsets-34 -> (Leader:0,ISR:0,LeaderEpoch:4,ControllerEpoch:21),__consumer_offsets-46 -> (Leader:0,ISR:0,LeaderEpoch:4,ControllerEpoch:21),__consumer_offsets-25 -> (Leader:0,ISR:0,LeaderEpoch:4,ControllerEpoch:21),__consumer_offsets-45 -> (Leader:0,ISR:0,LeaderEpoch:4,ControllerEpoch:21),__consumer_offsets-27 -> (Leader:0,ISR:0,LeaderEpoch:4,ControllerEpoch:21),__consumer_offsets-32 -> (Leader:0,ISR:0,LeaderEpoch:4,ControllerEpoch:21),__consumer_offsets-43 -> (Leader:0,ISR:0,LeaderEpoch:4,ControllerEpoch:21),__consumer_offsets-36 -> (Leader:0,ISR:0,LeaderEpoch:4,ControllerEpoch:21),__consumer_offsets-35 -> (Leader:0,ISR:0,LeaderEpoch:4,ControllerEpoch:21),__consumer_offsets-7 -> (Leader:0,ISR:0,LeaderEpoch:4,ControllerEpoch:21),__consumer_offsets-9 -> (Leader:0,ISR:0,LeaderEpoch:4,ControllerEpoch:21),__consumer_offsets-38 -> (Leader:0,ISR:0,LeaderEpoch:4,ControllerEpoch:21),__consumer_offsets-1 -> (Leader:0,ISR:0,LeaderEpoch:4,ControllerEpoch:21),__consumer_offsets-16 -> (Leader:0,ISR:0,LeaderEpoch:4,ControllerEpoch:21),__consumer_offsets-2 -> (Leader:0,ISR:0,LeaderEpoch:4,ControllerEpoch:21) (kafka.controller.KafkaController)
[2018-06-28 23:15:06,399] INFO [controller-event-thread]: Shutting down (kafka.controller.ControllerEventManager$ControllerEventThread)
[2018-06-28 23:15:06,399] INFO [controller-event-thread]: Stopped (kafka.controller.ControllerEventManager$ControllerEventThread)
[2018-06-28 23:15:06,400] INFO [controller-event-thread]: Shutdown completed (kafka.controller.ControllerEventManager$ControllerEventThread)
[2018-06-28 23:15:06,400] DEBUG [Controller id=0] Resigning (kafka.controller.KafkaController)
[2018-06-28 23:15:06,403] DEBUG [Controller id=0] De-registering IsrChangeNotificationListener (kafka.controller.KafkaController)
[2018-06-28 23:15:06,404] DEBUG [Controller id=0] De-registering logDirEventNotificationListener (kafka.controller.KafkaController)
[2018-06-28 23:15:06,405] INFO [PartitionStateMachine controllerId=0] Stopped partition state machine (kafka.controller.PartitionStateMachine)
[2018-06-28 23:15:06,414] INFO [ReplicaStateMachine controllerId=0] Stopped replica state machine (kafka.controller.ReplicaStateMachine)
[2018-06-28 23:15:06,414] INFO [Controller-0-to-broker-0-send-thread]: Shutting down (kafka.controller.RequestSendThread)
[2018-06-28 23:15:06,414] INFO [Controller-0-to-broker-0-send-thread]: Stopped (kafka.controller.RequestSendThread)
[2018-06-28 23:15:06,420] INFO [Controller-0-to-broker-0-send-thread]: Shutdown completed (kafka.controller.RequestSendThread)
[2018-06-28 23:15:06,421] INFO [Controller id=0] Resigned (kafka.controller.KafkaController)
[2018-06-28 23:17:58,949] INFO [controller-event-thread]: Starting (kafka.controller.ControllerEventManager$ControllerEventThread)
[2018-06-28 23:17:58,980] INFO [Controller id=0] 0 successfully elected as the controller (kafka.controller.KafkaController)
[2018-06-28 23:17:58,983] INFO [Controller id=0] Starting become controller state transition (kafka.controller.KafkaController)
[2018-06-28 23:17:58,992] INFO [Controller id=0] Initialized controller epoch to 21 and zk version 20 (kafka.controller.KafkaController)
[2018-06-28 23:17:58,999] INFO [Controller id=0] Incremented epoch to 22 (kafka.controller.KafkaController)
[2018-06-28 23:17:59,005] DEBUG [Controller id=0] Registering IsrChangeNotificationListener (kafka.controller.KafkaController)
[2018-06-28 23:17:59,022] DEBUG [Controller id=0] Registering logDirEventNotificationListener (kafka.controller.KafkaController)
[2018-06-28 23:17:59,166] INFO [Controller id=0] Partitions being reassigned: Map() (kafka.controller.KafkaController)
[2018-06-28 23:17:59,168] INFO [Controller id=0] Partitions already reassigned: Set() (kafka.controller.KafkaController)
[2018-06-28 23:17:59,181] INFO [Controller id=0] Resuming reassignment of partitions: Map() (kafka.controller.KafkaController)
[2018-06-28 23:17:59,187] INFO [Controller id=0] Currently active brokers in the cluster: Set() (kafka.controller.KafkaController)
[2018-06-28 23:17:59,187] INFO [Controller id=0] Currently shutting brokers in the cluster: Set() (kafka.controller.KafkaController)
[2018-06-28 23:17:59,188] INFO [Controller id=0] Current list of topics in the cluster: Set(Generalizer, Labeler, FrameFeeder, __consumer_offsets) (kafka.controller.KafkaController)
[2018-06-28 23:17:59,204] INFO [Controller id=0] List of topics to be deleted:  (kafka.controller.KafkaController)
[2018-06-28 23:17:59,205] INFO [Controller id=0] List of topics ineligible for deletion: __consumer_offsets,Labeler,FrameFeeder,Generalizer (kafka.controller.KafkaController)
[2018-06-28 23:17:59,283] INFO [ReplicaStateMachine controllerId=0] Started replica state machine with initial state -> Map([Topic=__consumer_offsets,Partition=39,Replica=0] -> ReplicaDeletionIneligible, [Topic=__consumer_offsets,Partition=21,Replica=0] -> ReplicaDeletionIneligible, [Topic=__consumer_offsets,Partition=6,Replica=0] -> ReplicaDeletionIneligible, [Topic=__consumer_offsets,Partition=33,Replica=0] -> ReplicaDeletionIneligible, [Topic=__consumer_offsets,Partition=12,Replica=0] -> ReplicaDeletionIneligible, [Topic=__consumer_offsets,Partition=17,Replica=0] -> ReplicaDeletionIneligible, [Topic=__consumer_offsets,Partition=9,Replica=0] -> ReplicaDeletionIneligible, [Topic=__consumer_offsets,Partition=20,Replica=0] -> ReplicaDeletionIneligible, [Topic=__consumer_offsets,Partition=3,Replica=0] -> ReplicaDeletionIneligible, [Topic=__consumer_offsets,Partition=19,Replica=0] -> ReplicaDeletionIneligible, [Topic=__consumer_offsets,Partition=49,Replica=0] -> ReplicaDeletionIneligible, [Topic=__consumer_offsets,Partition=45,Replica=0] -> ReplicaDeletionIneligible, [Topic=__consumer_offsets,Partition=22,Replica=0] -> ReplicaDeletionIneligible, [Topic=FrameFeeder,Partition=0,Replica=0] -> ReplicaDeletionIneligible, [Topic=__consumer_offsets,Partition=27,Replica=0] -> ReplicaDeletionIneligible, [Topic=__consumer_offsets,Partition=32,Replica=0] -> ReplicaDeletionIneligible, [Topic=__consumer_offsets,Partition=11,Replica=0] -> ReplicaDeletionIneligible, [Topic=__consumer_offsets,Partition=42,Replica=0] -> ReplicaDeletionIneligible, [Topic=__consumer_offsets,Partition=38,Replica=0] -> ReplicaDeletionIneligible, [Topic=__consumer_offsets,Partition=48,Replica=0] -> ReplicaDeletionIneligible, [Topic=__consumer_offsets,Partition=43,Replica=0] -> ReplicaDeletionIneligible, [Topic=__consumer_offsets,Partition=8,Replica=0] -> ReplicaDeletionIneligible, [Topic=__consumer_offsets,Partition=28,Replica=0] -> ReplicaDeletionIneligible, [Topic=__consumer_offsets,Partition=2,Replica=0] -> ReplicaDeletionIneligible, [Topic=__consumer_offsets,Partition=29,Replica=0] -> ReplicaDeletionIneligible, [Topic=__consumer_offsets,Partition=36,Replica=0] -> ReplicaDeletionIneligible, [Topic=__consumer_offsets,Partition=40,Replica=0] -> ReplicaDeletionIneligible, [Topic=__consumer_offsets,Partition=16,Replica=0] -> ReplicaDeletionIneligible, [Topic=__consumer_offsets,Partition=15,Replica=0] -> ReplicaDeletionIneligible, [Topic=__consumer_offsets,Partition=1,Replica=0] -> ReplicaDeletionIneligible, [Topic=__consumer_offsets,Partition=46,Replica=0] -> ReplicaDeletionIneligible, [Topic=__consumer_offsets,Partition=44,Replica=0] -> ReplicaDeletionIneligible, [Topic=__consumer_offsets,Partition=23,Replica=0] -> ReplicaDeletionIneligible, [Topic=__consumer_offsets,Partition=4,Replica=0] -> ReplicaDeletionIneligible, [Topic=__consumer_offsets,Partition=26,Replica=0] -> ReplicaDeletionIneligible, [Topic=__consumer_offsets,Partition=30,Replica=0] -> ReplicaDeletionIneligible, [Topic=__consumer_offsets,Partition=34,Replica=0] -> ReplicaDeletionIneligible, [Topic=__consumer_offsets,Partition=37,Replica=0] -> ReplicaDeletionIneligible, [Topic=__consumer_offsets,Partition=10,Replica=0] -> ReplicaDeletionIneligible, [Topic=__consumer_offsets,Partition=18,Replica=0] -> ReplicaDeletionIneligible, [Topic=__consumer_offsets,Partition=7,Replica=0] -> ReplicaDeletionIneligible, [Topic=__consumer_offsets,Partition=31,Replica=0] -> ReplicaDeletionIneligible, [Topic=__consumer_offsets,Partition=24,Replica=0] -> ReplicaDeletionIneligible, [Topic=__consumer_offsets,Partition=0,Replica=0] -> ReplicaDeletionIneligible, [Topic=__consumer_offsets,Partition=41,Replica=0] -> ReplicaDeletionIneligible, [Topic=Generalizer,Partition=0,Replica=0] -> ReplicaDeletionIneligible, [Topic=Labeler,Partition=0,Replica=0] -> ReplicaDeletionIneligible, [Topic=__consumer_offsets,Partition=14,Replica=0] -> ReplicaDeletionIneligible, [Topic=__consumer_offsets,Partition=5,Replica=0] -> ReplicaDeletionIneligible, [Topic=__consumer_offsets,Partition=13,Replica=0] -> ReplicaDeletionIneligible, [Topic=__consumer_offsets,Partition=25,Replica=0] -> ReplicaDeletionIneligible, [Topic=__consumer_offsets,Partition=47,Replica=0] -> ReplicaDeletionIneligible, [Topic=__consumer_offsets,Partition=35,Replica=0] -> ReplicaDeletionIneligible) (kafka.controller.ReplicaStateMachine)
[2018-06-28 23:17:59,403] INFO [PartitionStateMachine controllerId=0] Started partition state machine with initial state -> Map(__consumer_offsets-19 -> OfflinePartition, __consumer_offsets-30 -> OfflinePartition, __consumer_offsets-47 -> OfflinePartition, __consumer_offsets-29 -> OfflinePartition, __consumer_offsets-41 -> OfflinePartition, __consumer_offsets-39 -> OfflinePartition, __consumer_offsets-10 -> OfflinePartition, __consumer_offsets-17 -> OfflinePartition, __consumer_offsets-14 -> OfflinePartition, Labeler-0 -> OfflinePartition, __consumer_offsets-40 -> OfflinePartition, __consumer_offsets-18 -> OfflinePartition, __consumer_offsets-0 -> OfflinePartition, __consumer_offsets-26 -> OfflinePartition, __consumer_offsets-24 -> OfflinePartition, __consumer_offsets-33 -> OfflinePartition, __consumer_offsets-20 -> OfflinePartition, __consumer_offsets-21 -> OfflinePartition, __consumer_offsets-3 -> OfflinePartition, FrameFeeder-0 -> OfflinePartition, __consumer_offsets-22 -> OfflinePartition, __consumer_offsets-5 -> OfflinePartition, __consumer_offsets-12 -> OfflinePartition, __consumer_offsets-8 -> OfflinePartition, Generalizer-0 -> OfflinePartition, __consumer_offsets-23 -> OfflinePartition, __consumer_offsets-15 -> OfflinePartition, __consumer_offsets-11 -> OfflinePartition, __consumer_offsets-48 -> OfflinePartition, __consumer_offsets-13 -> OfflinePartition, __consumer_offsets-49 -> OfflinePartition, __consumer_offsets-6 -> OfflinePartition, __consumer_offsets-28 -> OfflinePartition, __consumer_offsets-4 -> OfflinePartition, __consumer_offsets-37 -> OfflinePartition, __consumer_offsets-31 -> OfflinePartition, __consumer_offsets-44 -> OfflinePartition, __consumer_offsets-42 -> OfflinePartition, __consumer_offsets-34 -> OfflinePartition, __consumer_offsets-46 -> OfflinePartition, __consumer_offsets-25 -> OfflinePartition, __consumer_offsets-45 -> OfflinePartition, __consumer_offsets-27 -> OfflinePartition, __consumer_offsets-32 -> OfflinePartition, __consumer_offsets-43 -> OfflinePartition, __consumer_offsets-36 -> OfflinePartition, __consumer_offsets-35 -> OfflinePartition, __consumer_offsets-7 -> OfflinePartition, __consumer_offsets-38 -> OfflinePartition, __consumer_offsets-9 -> OfflinePartition, __consumer_offsets-1 -> OfflinePartition, __consumer_offsets-2 -> OfflinePartition, __consumer_offsets-16 -> OfflinePartition) (kafka.controller.PartitionStateMachine)
[2018-06-28 23:17:59,406] INFO [Controller id=0] Ready to serve as the new controller with epoch 22 (kafka.controller.KafkaController)
[2018-06-28 23:17:59,408] INFO [Controller id=0] Partitions undergoing preferred replica election:  (kafka.controller.KafkaController)
[2018-06-28 23:17:59,408] INFO [Controller id=0] Partitions that completed preferred replica election:  (kafka.controller.KafkaController)
[2018-06-28 23:17:59,409] INFO [Controller id=0] Skipping preferred replica election for partitions due to topic deletion:  (kafka.controller.KafkaController)
[2018-06-28 23:17:59,409] INFO [Controller id=0] Resuming preferred replica election for partitions:  (kafka.controller.KafkaController)
[2018-06-28 23:17:59,410] INFO [Controller id=0] Starting preferred replica leader election for partitions  (kafka.controller.KafkaController)
[2018-06-28 23:17:59,410] INFO [PartitionStateMachine controllerId=0] Invoking state change to OnlinePartition for partitions  (kafka.controller.PartitionStateMachine)
[2018-06-28 23:17:59,418] INFO [Controller id=0] Starting the controller scheduler (kafka.controller.KafkaController)
[2018-06-28 23:17:59,432] INFO [Controller id=0] Newly added brokers: 0, deleted brokers: , all live brokers: 0 (kafka.controller.KafkaController)
[2018-06-28 23:17:59,433] DEBUG [Channel manager on controller 0]: Controller 0 trying to connect to broker 0 (kafka.controller.ControllerChannelManager)
[2018-06-28 23:17:59,440] INFO [Controller id=0] New broker startup callback for 0 (kafka.controller.KafkaController)
[2018-06-28 23:17:59,448] INFO [Controller-0-to-broker-0-send-thread]: Starting (kafka.controller.RequestSendThread)
[2018-06-28 23:17:59,465] INFO [Controller-0-to-broker-0-send-thread]: Controller 0 connected to 10.0.0.9:9092 (id: 0 rack: null) for sending state change requests (kafka.controller.RequestSendThread)
[2018-06-28 23:17:59,479] INFO [ReplicaStateMachine controllerId=0] Invoking state change to OnlineReplica for replicas [Topic=__consumer_offsets,Partition=25,Replica=0],[Topic=Generalizer,Partition=0,Replica=0],[Topic=__consumer_offsets,Partition=12,Replica=0],[Topic=__consumer_offsets,Partition=31,Replica=0],[Topic=__consumer_offsets,Partition=40,Replica=0],[Topic=__consumer_offsets,Partition=35,Replica=0],[Topic=__consumer_offsets,Partition=9,Replica=0],[Topic=__consumer_offsets,Partition=43,Replica=0],[Topic=__consumer_offsets,Partition=2,Replica=0],[Topic=__consumer_offsets,Partition=11,Replica=0],[Topic=__consumer_offsets,Partition=29,Replica=0],[Topic=__consumer_offsets,Partition=30,Replica=0],[Topic=__consumer_offsets,Partition=4,Replica=0],[Topic=__consumer_offsets,Partition=42,Replica=0],[Topic=__consumer_offsets,Partition=26,Replica=0],[Topic=__consumer_offsets,Partition=34,Replica=0],[Topic=__consumer_offsets,Partition=17,Replica=0],[Topic=__consumer_offsets,Partition=37,Replica=0],[Topic=__consumer_offsets,Partition=27,Replica=0],[Topic=FrameFeeder,Partition=0,Replica=0],[Topic=__consumer_offsets,Partition=10,Replica=0],[Topic=__consumer_offsets,Partition=41,Replica=0],[Topic=__consumer_offsets,Partition=20,Replica=0],[Topic=__consumer_offsets,Partition=28,Replica=0],[Topic=Labeler,Partition=0,Replica=0],[Topic=__consumer_offsets,Partition=46,Replica=0],[Topic=__consumer_offsets,Partition=39,Replica=0],[Topic=__consumer_offsets,Partition=47,Replica=0],[Topic=__consumer_offsets,Partition=49,Replica=0],[Topic=__consumer_offsets,Partition=22,Replica=0],[Topic=__consumer_offsets,Partition=1,Replica=0],[Topic=__consumer_offsets,Partition=24,Replica=0],[Topic=__consumer_offsets,Partition=6,Replica=0],[Topic=__consumer_offsets,Partition=36,Replica=0],[Topic=__consumer_offsets,Partition=8,Replica=0],[Topic=__consumer_offsets,Partition=38,Replica=0],[Topic=__consumer_offsets,Partition=16,Replica=0],[Topic=__consumer_offsets,Partition=21,Replica=0],[Topic=__consumer_offsets,Partition=18,Replica=0],[Topic=__consumer_offsets,Partition=0,Replica=0],[Topic=__consumer_offsets,Partition=48,Replica=0],[Topic=__consumer_offsets,Partition=5,Replica=0],[Topic=__consumer_offsets,Partition=13,Replica=0],[Topic=__consumer_offsets,Partition=3,Replica=0],[Topic=__consumer_offsets,Partition=44,Replica=0],[Topic=__consumer_offsets,Partition=15,Replica=0],[Topic=__consumer_offsets,Partition=7,Replica=0],[Topic=__consumer_offsets,Partition=19,Replica=0],[Topic=__consumer_offsets,Partition=33,Replica=0],[Topic=__consumer_offsets,Partition=45,Replica=0],[Topic=__consumer_offsets,Partition=23,Replica=0],[Topic=__consumer_offsets,Partition=32,Replica=0],[Topic=__consumer_offsets,Partition=14,Replica=0] (kafka.controller.ReplicaStateMachine)
[2018-06-28 23:17:59,513] DEBUG [OfflinePartitionLeaderSelector]: Some broker in ISR is alive for __consumer_offsets-19. Select 0 from ISR 0 to be the leader. (kafka.controller.OfflinePartitionLeaderSelector)
[2018-06-28 23:17:59,513] INFO [OfflinePartitionLeaderSelector]: Selected new leader and ISR {"leader":0,"leader_epoch":5,"isr":[0]} for offline partition __consumer_offsets-19 (kafka.controller.OfflinePartitionLeaderSelector)
[2018-06-28 23:17:59,523] DEBUG [PartitionStateMachine controllerId=0] After leader election, leader cache for __consumer_offsets-19 is updated to (Leader:0,ISR:0,LeaderEpoch:5,ControllerEpoch:22) (kafka.controller.PartitionStateMachine)
[2018-06-28 23:17:59,528] DEBUG [OfflinePartitionLeaderSelector]: Some broker in ISR is alive for __consumer_offsets-30. Select 0 from ISR 0 to be the leader. (kafka.controller.OfflinePartitionLeaderSelector)
[2018-06-28 23:17:59,528] INFO [OfflinePartitionLeaderSelector]: Selected new leader and ISR {"leader":0,"leader_epoch":5,"isr":[0]} for offline partition __consumer_offsets-30 (kafka.controller.OfflinePartitionLeaderSelector)
[2018-06-28 23:17:59,533] DEBUG [PartitionStateMachine controllerId=0] After leader election, leader cache for __consumer_offsets-30 is updated to (Leader:0,ISR:0,LeaderEpoch:5,ControllerEpoch:22) (kafka.controller.PartitionStateMachine)
[2018-06-28 23:17:59,534] DEBUG [OfflinePartitionLeaderSelector]: Some broker in ISR is alive for __consumer_offsets-47. Select 0 from ISR 0 to be the leader. (kafka.controller.OfflinePartitionLeaderSelector)
[2018-06-28 23:17:59,534] INFO [OfflinePartitionLeaderSelector]: Selected new leader and ISR {"leader":0,"leader_epoch":5,"isr":[0]} for offline partition __consumer_offsets-47 (kafka.controller.OfflinePartitionLeaderSelector)
[2018-06-28 23:17:59,539] DEBUG [PartitionStateMachine controllerId=0] After leader election, leader cache for __consumer_offsets-47 is updated to (Leader:0,ISR:0,LeaderEpoch:5,ControllerEpoch:22) (kafka.controller.PartitionStateMachine)
[2018-06-28 23:17:59,540] DEBUG [OfflinePartitionLeaderSelector]: Some broker in ISR is alive for __consumer_offsets-29. Select 0 from ISR 0 to be the leader. (kafka.controller.OfflinePartitionLeaderSelector)
[2018-06-28 23:17:59,540] INFO [OfflinePartitionLeaderSelector]: Selected new leader and ISR {"leader":0,"leader_epoch":5,"isr":[0]} for offline partition __consumer_offsets-29 (kafka.controller.OfflinePartitionLeaderSelector)
[2018-06-28 23:17:59,545] DEBUG [PartitionStateMachine controllerId=0] After leader election, leader cache for __consumer_offsets-29 is updated to (Leader:0,ISR:0,LeaderEpoch:5,ControllerEpoch:22) (kafka.controller.PartitionStateMachine)
[2018-06-28 23:17:59,548] DEBUG [OfflinePartitionLeaderSelector]: Some broker in ISR is alive for __consumer_offsets-41. Select 0 from ISR 0 to be the leader. (kafka.controller.OfflinePartitionLeaderSelector)
[2018-06-28 23:17:59,548] INFO [OfflinePartitionLeaderSelector]: Selected new leader and ISR {"leader":0,"leader_epoch":5,"isr":[0]} for offline partition __consumer_offsets-41 (kafka.controller.OfflinePartitionLeaderSelector)
[2018-06-28 23:17:59,553] DEBUG [PartitionStateMachine controllerId=0] After leader election, leader cache for __consumer_offsets-41 is updated to (Leader:0,ISR:0,LeaderEpoch:5,ControllerEpoch:22) (kafka.controller.PartitionStateMachine)
[2018-06-28 23:17:59,554] DEBUG [OfflinePartitionLeaderSelector]: Some broker in ISR is alive for __consumer_offsets-39. Select 0 from ISR 0 to be the leader. (kafka.controller.OfflinePartitionLeaderSelector)
[2018-06-28 23:17:59,554] INFO [OfflinePartitionLeaderSelector]: Selected new leader and ISR {"leader":0,"leader_epoch":5,"isr":[0]} for offline partition __consumer_offsets-39 (kafka.controller.OfflinePartitionLeaderSelector)
[2018-06-28 23:17:59,559] DEBUG [PartitionStateMachine controllerId=0] After leader election, leader cache for __consumer_offsets-39 is updated to (Leader:0,ISR:0,LeaderEpoch:5,ControllerEpoch:22) (kafka.controller.PartitionStateMachine)
[2018-06-28 23:17:59,560] DEBUG [OfflinePartitionLeaderSelector]: Some broker in ISR is alive for __consumer_offsets-10. Select 0 from ISR 0 to be the leader. (kafka.controller.OfflinePartitionLeaderSelector)
[2018-06-28 23:17:59,560] INFO [OfflinePartitionLeaderSelector]: Selected new leader and ISR {"leader":0,"leader_epoch":5,"isr":[0]} for offline partition __consumer_offsets-10 (kafka.controller.OfflinePartitionLeaderSelector)
[2018-06-28 23:17:59,565] DEBUG [PartitionStateMachine controllerId=0] After leader election, leader cache for __consumer_offsets-10 is updated to (Leader:0,ISR:0,LeaderEpoch:5,ControllerEpoch:22) (kafka.controller.PartitionStateMachine)
[2018-06-28 23:17:59,565] DEBUG [OfflinePartitionLeaderSelector]: Some broker in ISR is alive for __consumer_offsets-17. Select 0 from ISR 0 to be the leader. (kafka.controller.OfflinePartitionLeaderSelector)
[2018-06-28 23:17:59,566] INFO [OfflinePartitionLeaderSelector]: Selected new leader and ISR {"leader":0,"leader_epoch":5,"isr":[0]} for offline partition __consumer_offsets-17 (kafka.controller.OfflinePartitionLeaderSelector)
[2018-06-28 23:17:59,570] DEBUG [PartitionStateMachine controllerId=0] After leader election, leader cache for __consumer_offsets-17 is updated to (Leader:0,ISR:0,LeaderEpoch:5,ControllerEpoch:22) (kafka.controller.PartitionStateMachine)
[2018-06-28 23:17:59,571] DEBUG [OfflinePartitionLeaderSelector]: Some broker in ISR is alive for __consumer_offsets-14. Select 0 from ISR 0 to be the leader. (kafka.controller.OfflinePartitionLeaderSelector)
[2018-06-28 23:17:59,571] INFO [OfflinePartitionLeaderSelector]: Selected new leader and ISR {"leader":0,"leader_epoch":5,"isr":[0]} for offline partition __consumer_offsets-14 (kafka.controller.OfflinePartitionLeaderSelector)
[2018-06-28 23:17:59,576] DEBUG [PartitionStateMachine controllerId=0] After leader election, leader cache for __consumer_offsets-14 is updated to (Leader:0,ISR:0,LeaderEpoch:5,ControllerEpoch:22) (kafka.controller.PartitionStateMachine)
[2018-06-28 23:17:59,576] DEBUG [OfflinePartitionLeaderSelector]: Some broker in ISR is alive for Labeler-0. Select 0 from ISR 0 to be the leader. (kafka.controller.OfflinePartitionLeaderSelector)
[2018-06-28 23:17:59,576] INFO [OfflinePartitionLeaderSelector]: Selected new leader and ISR {"leader":0,"leader_epoch":5,"isr":[0]} for offline partition Labeler-0 (kafka.controller.OfflinePartitionLeaderSelector)
[2018-06-28 23:17:59,583] DEBUG [PartitionStateMachine controllerId=0] After leader election, leader cache for Labeler-0 is updated to (Leader:0,ISR:0,LeaderEpoch:5,ControllerEpoch:22) (kafka.controller.PartitionStateMachine)
[2018-06-28 23:17:59,583] DEBUG [OfflinePartitionLeaderSelector]: Some broker in ISR is alive for __consumer_offsets-40. Select 0 from ISR 0 to be the leader. (kafka.controller.OfflinePartitionLeaderSelector)
[2018-06-28 23:17:59,583] INFO [OfflinePartitionLeaderSelector]: Selected new leader and ISR {"leader":0,"leader_epoch":5,"isr":[0]} for offline partition __consumer_offsets-40 (kafka.controller.OfflinePartitionLeaderSelector)
[2018-06-28 23:17:59,588] DEBUG [PartitionStateMachine controllerId=0] After leader election, leader cache for __consumer_offsets-40 is updated to (Leader:0,ISR:0,LeaderEpoch:5,ControllerEpoch:22) (kafka.controller.PartitionStateMachine)
[2018-06-28 23:17:59,589] DEBUG [OfflinePartitionLeaderSelector]: Some broker in ISR is alive for __consumer_offsets-18. Select 0 from ISR 0 to be the leader. (kafka.controller.OfflinePartitionLeaderSelector)
[2018-06-28 23:17:59,589] INFO [OfflinePartitionLeaderSelector]: Selected new leader and ISR {"leader":0,"leader_epoch":5,"isr":[0]} for offline partition __consumer_offsets-18 (kafka.controller.OfflinePartitionLeaderSelector)
[2018-06-28 23:17:59,608] DEBUG [PartitionStateMachine controllerId=0] After leader election, leader cache for __consumer_offsets-18 is updated to (Leader:0,ISR:0,LeaderEpoch:5,ControllerEpoch:22) (kafka.controller.PartitionStateMachine)
[2018-06-28 23:17:59,609] DEBUG [OfflinePartitionLeaderSelector]: Some broker in ISR is alive for __consumer_offsets-0. Select 0 from ISR 0 to be the leader. (kafka.controller.OfflinePartitionLeaderSelector)
[2018-06-28 23:17:59,609] INFO [OfflinePartitionLeaderSelector]: Selected new leader and ISR {"leader":0,"leader_epoch":5,"isr":[0]} for offline partition __consumer_offsets-0 (kafka.controller.OfflinePartitionLeaderSelector)
[2018-06-28 23:17:59,614] DEBUG [PartitionStateMachine controllerId=0] After leader election, leader cache for __consumer_offsets-0 is updated to (Leader:0,ISR:0,LeaderEpoch:5,ControllerEpoch:22) (kafka.controller.PartitionStateMachine)
[2018-06-28 23:17:59,615] DEBUG [OfflinePartitionLeaderSelector]: Some broker in ISR is alive for __consumer_offsets-26. Select 0 from ISR 0 to be the leader. (kafka.controller.OfflinePartitionLeaderSelector)
[2018-06-28 23:17:59,615] INFO [OfflinePartitionLeaderSelector]: Selected new leader and ISR {"leader":0,"leader_epoch":5,"isr":[0]} for offline partition __consumer_offsets-26 (kafka.controller.OfflinePartitionLeaderSelector)
[2018-06-28 23:17:59,621] DEBUG [PartitionStateMachine controllerId=0] After leader election, leader cache for __consumer_offsets-26 is updated to (Leader:0,ISR:0,LeaderEpoch:5,ControllerEpoch:22) (kafka.controller.PartitionStateMachine)
[2018-06-28 23:17:59,624] DEBUG [OfflinePartitionLeaderSelector]: Some broker in ISR is alive for __consumer_offsets-24. Select 0 from ISR 0 to be the leader. (kafka.controller.OfflinePartitionLeaderSelector)
[2018-06-28 23:17:59,624] INFO [OfflinePartitionLeaderSelector]: Selected new leader and ISR {"leader":0,"leader_epoch":5,"isr":[0]} for offline partition __consumer_offsets-24 (kafka.controller.OfflinePartitionLeaderSelector)
[2018-06-28 23:17:59,629] DEBUG [PartitionStateMachine controllerId=0] After leader election, leader cache for __consumer_offsets-24 is updated to (Leader:0,ISR:0,LeaderEpoch:5,ControllerEpoch:22) (kafka.controller.PartitionStateMachine)
[2018-06-28 23:17:59,629] DEBUG [OfflinePartitionLeaderSelector]: Some broker in ISR is alive for __consumer_offsets-33. Select 0 from ISR 0 to be the leader. (kafka.controller.OfflinePartitionLeaderSelector)
[2018-06-28 23:17:59,629] INFO [OfflinePartitionLeaderSelector]: Selected new leader and ISR {"leader":0,"leader_epoch":5,"isr":[0]} for offline partition __consumer_offsets-33 (kafka.controller.OfflinePartitionLeaderSelector)
[2018-06-28 23:17:59,634] DEBUG [PartitionStateMachine controllerId=0] After leader election, leader cache for __consumer_offsets-33 is updated to (Leader:0,ISR:0,LeaderEpoch:5,ControllerEpoch:22) (kafka.controller.PartitionStateMachine)
[2018-06-28 23:17:59,634] DEBUG [OfflinePartitionLeaderSelector]: Some broker in ISR is alive for __consumer_offsets-20. Select 0 from ISR 0 to be the leader. (kafka.controller.OfflinePartitionLeaderSelector)
[2018-06-28 23:17:59,635] INFO [OfflinePartitionLeaderSelector]: Selected new leader and ISR {"leader":0,"leader_epoch":5,"isr":[0]} for offline partition __consumer_offsets-20 (kafka.controller.OfflinePartitionLeaderSelector)
[2018-06-28 23:17:59,639] DEBUG [PartitionStateMachine controllerId=0] After leader election, leader cache for __consumer_offsets-20 is updated to (Leader:0,ISR:0,LeaderEpoch:5,ControllerEpoch:22) (kafka.controller.PartitionStateMachine)
[2018-06-28 23:17:59,640] DEBUG [OfflinePartitionLeaderSelector]: Some broker in ISR is alive for __consumer_offsets-21. Select 0 from ISR 0 to be the leader. (kafka.controller.OfflinePartitionLeaderSelector)
[2018-06-28 23:17:59,640] INFO [OfflinePartitionLeaderSelector]: Selected new leader and ISR {"leader":0,"leader_epoch":5,"isr":[0]} for offline partition __consumer_offsets-21 (kafka.controller.OfflinePartitionLeaderSelector)
[2018-06-28 23:17:59,644] DEBUG [PartitionStateMachine controllerId=0] After leader election, leader cache for __consumer_offsets-21 is updated to (Leader:0,ISR:0,LeaderEpoch:5,ControllerEpoch:22) (kafka.controller.PartitionStateMachine)
[2018-06-28 23:17:59,645] DEBUG [OfflinePartitionLeaderSelector]: Some broker in ISR is alive for __consumer_offsets-3. Select 0 from ISR 0 to be the leader. (kafka.controller.OfflinePartitionLeaderSelector)
[2018-06-28 23:17:59,645] INFO [OfflinePartitionLeaderSelector]: Selected new leader and ISR {"leader":0,"leader_epoch":5,"isr":[0]} for offline partition __consumer_offsets-3 (kafka.controller.OfflinePartitionLeaderSelector)
[2018-06-28 23:17:59,650] DEBUG [PartitionStateMachine controllerId=0] After leader election, leader cache for __consumer_offsets-3 is updated to (Leader:0,ISR:0,LeaderEpoch:5,ControllerEpoch:22) (kafka.controller.PartitionStateMachine)
[2018-06-28 23:17:59,651] DEBUG [OfflinePartitionLeaderSelector]: Some broker in ISR is alive for FrameFeeder-0. Select 0 from ISR 0 to be the leader. (kafka.controller.OfflinePartitionLeaderSelector)
[2018-06-28 23:17:59,651] INFO [OfflinePartitionLeaderSelector]: Selected new leader and ISR {"leader":0,"leader_epoch":13,"isr":[0]} for offline partition FrameFeeder-0 (kafka.controller.OfflinePartitionLeaderSelector)
[2018-06-28 23:17:59,655] DEBUG [PartitionStateMachine controllerId=0] After leader election, leader cache for FrameFeeder-0 is updated to (Leader:0,ISR:0,LeaderEpoch:13,ControllerEpoch:22) (kafka.controller.PartitionStateMachine)
[2018-06-28 23:17:59,656] DEBUG [OfflinePartitionLeaderSelector]: Some broker in ISR is alive for __consumer_offsets-22. Select 0 from ISR 0 to be the leader. (kafka.controller.OfflinePartitionLeaderSelector)
[2018-06-28 23:17:59,656] INFO [OfflinePartitionLeaderSelector]: Selected new leader and ISR {"leader":0,"leader_epoch":5,"isr":[0]} for offline partition __consumer_offsets-22 (kafka.controller.OfflinePartitionLeaderSelector)
[2018-06-28 23:17:59,661] DEBUG [PartitionStateMachine controllerId=0] After leader election, leader cache for __consumer_offsets-22 is updated to (Leader:0,ISR:0,LeaderEpoch:5,ControllerEpoch:22) (kafka.controller.PartitionStateMachine)
[2018-06-28 23:17:59,662] DEBUG [OfflinePartitionLeaderSelector]: Some broker in ISR is alive for __consumer_offsets-5. Select 0 from ISR 0 to be the leader. (kafka.controller.OfflinePartitionLeaderSelector)
[2018-06-28 23:17:59,662] INFO [OfflinePartitionLeaderSelector]: Selected new leader and ISR {"leader":0,"leader_epoch":5,"isr":[0]} for offline partition __consumer_offsets-5 (kafka.controller.OfflinePartitionLeaderSelector)
[2018-06-28 23:17:59,667] DEBUG [PartitionStateMachine controllerId=0] After leader election, leader cache for __consumer_offsets-5 is updated to (Leader:0,ISR:0,LeaderEpoch:5,ControllerEpoch:22) (kafka.controller.PartitionStateMachine)
[2018-06-28 23:17:59,668] DEBUG [OfflinePartitionLeaderSelector]: Some broker in ISR is alive for __consumer_offsets-12. Select 0 from ISR 0 to be the leader. (kafka.controller.OfflinePartitionLeaderSelector)
[2018-06-28 23:17:59,668] INFO [OfflinePartitionLeaderSelector]: Selected new leader and ISR {"leader":0,"leader_epoch":5,"isr":[0]} for offline partition __consumer_offsets-12 (kafka.controller.OfflinePartitionLeaderSelector)
[2018-06-28 23:17:59,672] DEBUG [PartitionStateMachine controllerId=0] After leader election, leader cache for __consumer_offsets-12 is updated to (Leader:0,ISR:0,LeaderEpoch:5,ControllerEpoch:22) (kafka.controller.PartitionStateMachine)
[2018-06-28 23:17:59,673] DEBUG [OfflinePartitionLeaderSelector]: Some broker in ISR is alive for __consumer_offsets-8. Select 0 from ISR 0 to be the leader. (kafka.controller.OfflinePartitionLeaderSelector)
[2018-06-28 23:17:59,673] INFO [OfflinePartitionLeaderSelector]: Selected new leader and ISR {"leader":0,"leader_epoch":5,"isr":[0]} for offline partition __consumer_offsets-8 (kafka.controller.OfflinePartitionLeaderSelector)
[2018-06-28 23:17:59,677] DEBUG [PartitionStateMachine controllerId=0] After leader election, leader cache for __consumer_offsets-8 is updated to (Leader:0,ISR:0,LeaderEpoch:5,ControllerEpoch:22) (kafka.controller.PartitionStateMachine)
[2018-06-28 23:17:59,678] DEBUG [OfflinePartitionLeaderSelector]: Some broker in ISR is alive for Generalizer-0. Select 0 from ISR 0 to be the leader. (kafka.controller.OfflinePartitionLeaderSelector)
[2018-06-28 23:17:59,678] INFO [OfflinePartitionLeaderSelector]: Selected new leader and ISR {"leader":0,"leader_epoch":5,"isr":[0]} for offline partition Generalizer-0 (kafka.controller.OfflinePartitionLeaderSelector)
[2018-06-28 23:17:59,683] DEBUG [PartitionStateMachine controllerId=0] After leader election, leader cache for Generalizer-0 is updated to (Leader:0,ISR:0,LeaderEpoch:5,ControllerEpoch:22) (kafka.controller.PartitionStateMachine)
[2018-06-28 23:17:59,683] DEBUG [OfflinePartitionLeaderSelector]: Some broker in ISR is alive for __consumer_offsets-23. Select 0 from ISR 0 to be the leader. (kafka.controller.OfflinePartitionLeaderSelector)
[2018-06-28 23:17:59,683] INFO [OfflinePartitionLeaderSelector]: Selected new leader and ISR {"leader":0,"leader_epoch":5,"isr":[0]} for offline partition __consumer_offsets-23 (kafka.controller.OfflinePartitionLeaderSelector)
[2018-06-28 23:17:59,692] DEBUG [PartitionStateMachine controllerId=0] After leader election, leader cache for __consumer_offsets-23 is updated to (Leader:0,ISR:0,LeaderEpoch:5,ControllerEpoch:22) (kafka.controller.PartitionStateMachine)
[2018-06-28 23:17:59,693] DEBUG [OfflinePartitionLeaderSelector]: Some broker in ISR is alive for __consumer_offsets-15. Select 0 from ISR 0 to be the leader. (kafka.controller.OfflinePartitionLeaderSelector)
[2018-06-28 23:17:59,693] INFO [OfflinePartitionLeaderSelector]: Selected new leader and ISR {"leader":0,"leader_epoch":5,"isr":[0]} for offline partition __consumer_offsets-15 (kafka.controller.OfflinePartitionLeaderSelector)
[2018-06-28 23:17:59,697] DEBUG [PartitionStateMachine controllerId=0] After leader election, leader cache for __consumer_offsets-15 is updated to (Leader:0,ISR:0,LeaderEpoch:5,ControllerEpoch:22) (kafka.controller.PartitionStateMachine)
[2018-06-28 23:17:59,698] DEBUG [OfflinePartitionLeaderSelector]: Some broker in ISR is alive for __consumer_offsets-11. Select 0 from ISR 0 to be the leader. (kafka.controller.OfflinePartitionLeaderSelector)
[2018-06-28 23:17:59,698] INFO [OfflinePartitionLeaderSelector]: Selected new leader and ISR {"leader":0,"leader_epoch":5,"isr":[0]} for offline partition __consumer_offsets-11 (kafka.controller.OfflinePartitionLeaderSelector)
[2018-06-28 23:17:59,703] DEBUG [PartitionStateMachine controllerId=0] After leader election, leader cache for __consumer_offsets-11 is updated to (Leader:0,ISR:0,LeaderEpoch:5,ControllerEpoch:22) (kafka.controller.PartitionStateMachine)
[2018-06-28 23:17:59,705] DEBUG [OfflinePartitionLeaderSelector]: Some broker in ISR is alive for __consumer_offsets-48. Select 0 from ISR 0 to be the leader. (kafka.controller.OfflinePartitionLeaderSelector)
[2018-06-28 23:17:59,705] INFO [OfflinePartitionLeaderSelector]: Selected new leader and ISR {"leader":0,"leader_epoch":5,"isr":[0]} for offline partition __consumer_offsets-48 (kafka.controller.OfflinePartitionLeaderSelector)
[2018-06-28 23:17:59,709] DEBUG [PartitionStateMachine controllerId=0] After leader election, leader cache for __consumer_offsets-48 is updated to (Leader:0,ISR:0,LeaderEpoch:5,ControllerEpoch:22) (kafka.controller.PartitionStateMachine)
[2018-06-28 23:17:59,711] DEBUG [OfflinePartitionLeaderSelector]: Some broker in ISR is alive for __consumer_offsets-13. Select 0 from ISR 0 to be the leader. (kafka.controller.OfflinePartitionLeaderSelector)
[2018-06-28 23:17:59,712] INFO [OfflinePartitionLeaderSelector]: Selected new leader and ISR {"leader":0,"leader_epoch":5,"isr":[0]} for offline partition __consumer_offsets-13 (kafka.controller.OfflinePartitionLeaderSelector)
[2018-06-28 23:17:59,723] DEBUG [PartitionStateMachine controllerId=0] After leader election, leader cache for __consumer_offsets-13 is updated to (Leader:0,ISR:0,LeaderEpoch:5,ControllerEpoch:22) (kafka.controller.PartitionStateMachine)
[2018-06-28 23:17:59,725] DEBUG [OfflinePartitionLeaderSelector]: Some broker in ISR is alive for __consumer_offsets-49. Select 0 from ISR 0 to be the leader. (kafka.controller.OfflinePartitionLeaderSelector)
[2018-06-28 23:17:59,725] INFO [OfflinePartitionLeaderSelector]: Selected new leader and ISR {"leader":0,"leader_epoch":5,"isr":[0]} for offline partition __consumer_offsets-49 (kafka.controller.OfflinePartitionLeaderSelector)
[2018-06-28 23:17:59,729] DEBUG [PartitionStateMachine controllerId=0] After leader election, leader cache for __consumer_offsets-49 is updated to (Leader:0,ISR:0,LeaderEpoch:5,ControllerEpoch:22) (kafka.controller.PartitionStateMachine)
[2018-06-28 23:17:59,730] DEBUG [OfflinePartitionLeaderSelector]: Some broker in ISR is alive for __consumer_offsets-6. Select 0 from ISR 0 to be the leader. (kafka.controller.OfflinePartitionLeaderSelector)
[2018-06-28 23:17:59,730] INFO [OfflinePartitionLeaderSelector]: Selected new leader and ISR {"leader":0,"leader_epoch":5,"isr":[0]} for offline partition __consumer_offsets-6 (kafka.controller.OfflinePartitionLeaderSelector)
[2018-06-28 23:17:59,735] DEBUG [PartitionStateMachine controllerId=0] After leader election, leader cache for __consumer_offsets-6 is updated to (Leader:0,ISR:0,LeaderEpoch:5,ControllerEpoch:22) (kafka.controller.PartitionStateMachine)
[2018-06-28 23:17:59,736] DEBUG [OfflinePartitionLeaderSelector]: Some broker in ISR is alive for __consumer_offsets-28. Select 0 from ISR 0 to be the leader. (kafka.controller.OfflinePartitionLeaderSelector)
[2018-06-28 23:17:59,736] INFO [OfflinePartitionLeaderSelector]: Selected new leader and ISR {"leader":0,"leader_epoch":5,"isr":[0]} for offline partition __consumer_offsets-28 (kafka.controller.OfflinePartitionLeaderSelector)
[2018-06-28 23:17:59,741] DEBUG [PartitionStateMachine controllerId=0] After leader election, leader cache for __consumer_offsets-28 is updated to (Leader:0,ISR:0,LeaderEpoch:5,ControllerEpoch:22) (kafka.controller.PartitionStateMachine)
[2018-06-28 23:17:59,741] DEBUG [OfflinePartitionLeaderSelector]: Some broker in ISR is alive for __consumer_offsets-4. Select 0 from ISR 0 to be the leader. (kafka.controller.OfflinePartitionLeaderSelector)
[2018-06-28 23:17:59,741] INFO [OfflinePartitionLeaderSelector]: Selected new leader and ISR {"leader":0,"leader_epoch":5,"isr":[0]} for offline partition __consumer_offsets-4 (kafka.controller.OfflinePartitionLeaderSelector)
[2018-06-28 23:17:59,750] DEBUG [PartitionStateMachine controllerId=0] After leader election, leader cache for __consumer_offsets-4 is updated to (Leader:0,ISR:0,LeaderEpoch:5,ControllerEpoch:22) (kafka.controller.PartitionStateMachine)
[2018-06-28 23:17:59,750] DEBUG [OfflinePartitionLeaderSelector]: Some broker in ISR is alive for __consumer_offsets-37. Select 0 from ISR 0 to be the leader. (kafka.controller.OfflinePartitionLeaderSelector)
[2018-06-28 23:17:59,750] INFO [OfflinePartitionLeaderSelector]: Selected new leader and ISR {"leader":0,"leader_epoch":5,"isr":[0]} for offline partition __consumer_offsets-37 (kafka.controller.OfflinePartitionLeaderSelector)
[2018-06-28 23:17:59,755] DEBUG [PartitionStateMachine controllerId=0] After leader election, leader cache for __consumer_offsets-37 is updated to (Leader:0,ISR:0,LeaderEpoch:5,ControllerEpoch:22) (kafka.controller.PartitionStateMachine)
[2018-06-28 23:17:59,755] DEBUG [OfflinePartitionLeaderSelector]: Some broker in ISR is alive for __consumer_offsets-31. Select 0 from ISR 0 to be the leader. (kafka.controller.OfflinePartitionLeaderSelector)
[2018-06-28 23:17:59,755] INFO [OfflinePartitionLeaderSelector]: Selected new leader and ISR {"leader":0,"leader_epoch":5,"isr":[0]} for offline partition __consumer_offsets-31 (kafka.controller.OfflinePartitionLeaderSelector)
[2018-06-28 23:17:59,762] DEBUG [PartitionStateMachine controllerId=0] After leader election, leader cache for __consumer_offsets-31 is updated to (Leader:0,ISR:0,LeaderEpoch:5,ControllerEpoch:22) (kafka.controller.PartitionStateMachine)
[2018-06-28 23:17:59,763] DEBUG [OfflinePartitionLeaderSelector]: Some broker in ISR is alive for __consumer_offsets-44. Select 0 from ISR 0 to be the leader. (kafka.controller.OfflinePartitionLeaderSelector)
[2018-06-28 23:17:59,763] INFO [OfflinePartitionLeaderSelector]: Selected new leader and ISR {"leader":0,"leader_epoch":5,"isr":[0]} for offline partition __consumer_offsets-44 (kafka.controller.OfflinePartitionLeaderSelector)
[2018-06-28 23:17:59,769] DEBUG [PartitionStateMachine controllerId=0] After leader election, leader cache for __consumer_offsets-44 is updated to (Leader:0,ISR:0,LeaderEpoch:5,ControllerEpoch:22) (kafka.controller.PartitionStateMachine)
[2018-06-28 23:17:59,770] DEBUG [OfflinePartitionLeaderSelector]: Some broker in ISR is alive for __consumer_offsets-42. Select 0 from ISR 0 to be the leader. (kafka.controller.OfflinePartitionLeaderSelector)
[2018-06-28 23:17:59,770] INFO [OfflinePartitionLeaderSelector]: Selected new leader and ISR {"leader":0,"leader_epoch":5,"isr":[0]} for offline partition __consumer_offsets-42 (kafka.controller.OfflinePartitionLeaderSelector)
[2018-06-28 23:17:59,774] DEBUG [PartitionStateMachine controllerId=0] After leader election, leader cache for __consumer_offsets-42 is updated to (Leader:0,ISR:0,LeaderEpoch:5,ControllerEpoch:22) (kafka.controller.PartitionStateMachine)
[2018-06-28 23:17:59,776] DEBUG [OfflinePartitionLeaderSelector]: Some broker in ISR is alive for __consumer_offsets-34. Select 0 from ISR 0 to be the leader. (kafka.controller.OfflinePartitionLeaderSelector)
[2018-06-28 23:17:59,776] INFO [OfflinePartitionLeaderSelector]: Selected new leader and ISR {"leader":0,"leader_epoch":5,"isr":[0]} for offline partition __consumer_offsets-34 (kafka.controller.OfflinePartitionLeaderSelector)
[2018-06-28 23:17:59,780] DEBUG [PartitionStateMachine controllerId=0] After leader election, leader cache for __consumer_offsets-34 is updated to (Leader:0,ISR:0,LeaderEpoch:5,ControllerEpoch:22) (kafka.controller.PartitionStateMachine)
[2018-06-28 23:17:59,781] DEBUG [OfflinePartitionLeaderSelector]: Some broker in ISR is alive for __consumer_offsets-46. Select 0 from ISR 0 to be the leader. (kafka.controller.OfflinePartitionLeaderSelector)
[2018-06-28 23:17:59,781] INFO [OfflinePartitionLeaderSelector]: Selected new leader and ISR {"leader":0,"leader_epoch":5,"isr":[0]} for offline partition __consumer_offsets-46 (kafka.controller.OfflinePartitionLeaderSelector)
[2018-06-28 23:17:59,785] DEBUG [PartitionStateMachine controllerId=0] After leader election, leader cache for __consumer_offsets-46 is updated to (Leader:0,ISR:0,LeaderEpoch:5,ControllerEpoch:22) (kafka.controller.PartitionStateMachine)
[2018-06-28 23:17:59,787] DEBUG [OfflinePartitionLeaderSelector]: Some broker in ISR is alive for __consumer_offsets-25. Select 0 from ISR 0 to be the leader. (kafka.controller.OfflinePartitionLeaderSelector)
[2018-06-28 23:17:59,787] INFO [OfflinePartitionLeaderSelector]: Selected new leader and ISR {"leader":0,"leader_epoch":5,"isr":[0]} for offline partition __consumer_offsets-25 (kafka.controller.OfflinePartitionLeaderSelector)
[2018-06-28 23:17:59,792] DEBUG [PartitionStateMachine controllerId=0] After leader election, leader cache for __consumer_offsets-25 is updated to (Leader:0,ISR:0,LeaderEpoch:5,ControllerEpoch:22) (kafka.controller.PartitionStateMachine)
[2018-06-28 23:17:59,794] DEBUG [OfflinePartitionLeaderSelector]: Some broker in ISR is alive for __consumer_offsets-45. Select 0 from ISR 0 to be the leader. (kafka.controller.OfflinePartitionLeaderSelector)
[2018-06-28 23:17:59,794] INFO [OfflinePartitionLeaderSelector]: Selected new leader and ISR {"leader":0,"leader_epoch":5,"isr":[0]} for offline partition __consumer_offsets-45 (kafka.controller.OfflinePartitionLeaderSelector)
[2018-06-28 23:17:59,799] DEBUG [PartitionStateMachine controllerId=0] After leader election, leader cache for __consumer_offsets-45 is updated to (Leader:0,ISR:0,LeaderEpoch:5,ControllerEpoch:22) (kafka.controller.PartitionStateMachine)
[2018-06-28 23:17:59,800] DEBUG [OfflinePartitionLeaderSelector]: Some broker in ISR is alive for __consumer_offsets-27. Select 0 from ISR 0 to be the leader. (kafka.controller.OfflinePartitionLeaderSelector)
[2018-06-28 23:17:59,800] INFO [OfflinePartitionLeaderSelector]: Selected new leader and ISR {"leader":0,"leader_epoch":5,"isr":[0]} for offline partition __consumer_offsets-27 (kafka.controller.OfflinePartitionLeaderSelector)
[2018-06-28 23:17:59,805] DEBUG [PartitionStateMachine controllerId=0] After leader election, leader cache for __consumer_offsets-27 is updated to (Leader:0,ISR:0,LeaderEpoch:5,ControllerEpoch:22) (kafka.controller.PartitionStateMachine)
[2018-06-28 23:17:59,806] DEBUG [OfflinePartitionLeaderSelector]: Some broker in ISR is alive for __consumer_offsets-32. Select 0 from ISR 0 to be the leader. (kafka.controller.OfflinePartitionLeaderSelector)
[2018-06-28 23:17:59,806] INFO [OfflinePartitionLeaderSelector]: Selected new leader and ISR {"leader":0,"leader_epoch":5,"isr":[0]} for offline partition __consumer_offsets-32 (kafka.controller.OfflinePartitionLeaderSelector)
[2018-06-28 23:17:59,811] DEBUG [PartitionStateMachine controllerId=0] After leader election, leader cache for __consumer_offsets-32 is updated to (Leader:0,ISR:0,LeaderEpoch:5,ControllerEpoch:22) (kafka.controller.PartitionStateMachine)
[2018-06-28 23:17:59,812] DEBUG [OfflinePartitionLeaderSelector]: Some broker in ISR is alive for __consumer_offsets-43. Select 0 from ISR 0 to be the leader. (kafka.controller.OfflinePartitionLeaderSelector)
[2018-06-28 23:17:59,812] INFO [OfflinePartitionLeaderSelector]: Selected new leader and ISR {"leader":0,"leader_epoch":5,"isr":[0]} for offline partition __consumer_offsets-43 (kafka.controller.OfflinePartitionLeaderSelector)
[2018-06-28 23:17:59,816] DEBUG [PartitionStateMachine controllerId=0] After leader election, leader cache for __consumer_offsets-43 is updated to (Leader:0,ISR:0,LeaderEpoch:5,ControllerEpoch:22) (kafka.controller.PartitionStateMachine)
[2018-06-28 23:17:59,817] DEBUG [OfflinePartitionLeaderSelector]: Some broker in ISR is alive for __consumer_offsets-36. Select 0 from ISR 0 to be the leader. (kafka.controller.OfflinePartitionLeaderSelector)
[2018-06-28 23:17:59,817] INFO [OfflinePartitionLeaderSelector]: Selected new leader and ISR {"leader":0,"leader_epoch":5,"isr":[0]} for offline partition __consumer_offsets-36 (kafka.controller.OfflinePartitionLeaderSelector)
[2018-06-28 23:17:59,821] DEBUG [PartitionStateMachine controllerId=0] After leader election, leader cache for __consumer_offsets-36 is updated to (Leader:0,ISR:0,LeaderEpoch:5,ControllerEpoch:22) (kafka.controller.PartitionStateMachine)
[2018-06-28 23:17:59,822] DEBUG [OfflinePartitionLeaderSelector]: Some broker in ISR is alive for __consumer_offsets-35. Select 0 from ISR 0 to be the leader. (kafka.controller.OfflinePartitionLeaderSelector)
[2018-06-28 23:17:59,822] INFO [OfflinePartitionLeaderSelector]: Selected new leader and ISR {"leader":0,"leader_epoch":5,"isr":[0]} for offline partition __consumer_offsets-35 (kafka.controller.OfflinePartitionLeaderSelector)
[2018-06-28 23:17:59,826] DEBUG [PartitionStateMachine controllerId=0] After leader election, leader cache for __consumer_offsets-35 is updated to (Leader:0,ISR:0,LeaderEpoch:5,ControllerEpoch:22) (kafka.controller.PartitionStateMachine)
[2018-06-28 23:17:59,827] DEBUG [OfflinePartitionLeaderSelector]: Some broker in ISR is alive for __consumer_offsets-7. Select 0 from ISR 0 to be the leader. (kafka.controller.OfflinePartitionLeaderSelector)
[2018-06-28 23:17:59,827] INFO [OfflinePartitionLeaderSelector]: Selected new leader and ISR {"leader":0,"leader_epoch":5,"isr":[0]} for offline partition __consumer_offsets-7 (kafka.controller.OfflinePartitionLeaderSelector)
[2018-06-28 23:17:59,832] DEBUG [PartitionStateMachine controllerId=0] After leader election, leader cache for __consumer_offsets-7 is updated to (Leader:0,ISR:0,LeaderEpoch:5,ControllerEpoch:22) (kafka.controller.PartitionStateMachine)
[2018-06-28 23:17:59,833] DEBUG [OfflinePartitionLeaderSelector]: Some broker in ISR is alive for __consumer_offsets-38. Select 0 from ISR 0 to be the leader. (kafka.controller.OfflinePartitionLeaderSelector)
[2018-06-28 23:17:59,833] INFO [OfflinePartitionLeaderSelector]: Selected new leader and ISR {"leader":0,"leader_epoch":5,"isr":[0]} for offline partition __consumer_offsets-38 (kafka.controller.OfflinePartitionLeaderSelector)
[2018-06-28 23:17:59,838] DEBUG [PartitionStateMachine controllerId=0] After leader election, leader cache for __consumer_offsets-38 is updated to (Leader:0,ISR:0,LeaderEpoch:5,ControllerEpoch:22) (kafka.controller.PartitionStateMachine)
[2018-06-28 23:17:59,838] DEBUG [OfflinePartitionLeaderSelector]: Some broker in ISR is alive for __consumer_offsets-9. Select 0 from ISR 0 to be the leader. (kafka.controller.OfflinePartitionLeaderSelector)
[2018-06-28 23:17:59,838] INFO [OfflinePartitionLeaderSelector]: Selected new leader and ISR {"leader":0,"leader_epoch":5,"isr":[0]} for offline partition __consumer_offsets-9 (kafka.controller.OfflinePartitionLeaderSelector)
[2018-06-28 23:17:59,843] DEBUG [PartitionStateMachine controllerId=0] After leader election, leader cache for __consumer_offsets-9 is updated to (Leader:0,ISR:0,LeaderEpoch:5,ControllerEpoch:22) (kafka.controller.PartitionStateMachine)
[2018-06-28 23:17:59,844] DEBUG [OfflinePartitionLeaderSelector]: Some broker in ISR is alive for __consumer_offsets-1. Select 0 from ISR 0 to be the leader. (kafka.controller.OfflinePartitionLeaderSelector)
[2018-06-28 23:17:59,844] INFO [OfflinePartitionLeaderSelector]: Selected new leader and ISR {"leader":0,"leader_epoch":5,"isr":[0]} for offline partition __consumer_offsets-1 (kafka.controller.OfflinePartitionLeaderSelector)
[2018-06-28 23:17:59,849] DEBUG [PartitionStateMachine controllerId=0] After leader election, leader cache for __consumer_offsets-1 is updated to (Leader:0,ISR:0,LeaderEpoch:5,ControllerEpoch:22) (kafka.controller.PartitionStateMachine)
[2018-06-28 23:17:59,850] DEBUG [OfflinePartitionLeaderSelector]: Some broker in ISR is alive for __consumer_offsets-2. Select 0 from ISR 0 to be the leader. (kafka.controller.OfflinePartitionLeaderSelector)
[2018-06-28 23:17:59,850] INFO [OfflinePartitionLeaderSelector]: Selected new leader and ISR {"leader":0,"leader_epoch":5,"isr":[0]} for offline partition __consumer_offsets-2 (kafka.controller.OfflinePartitionLeaderSelector)
[2018-06-28 23:17:59,856] DEBUG [PartitionStateMachine controllerId=0] After leader election, leader cache for __consumer_offsets-2 is updated to (Leader:0,ISR:0,LeaderEpoch:5,ControllerEpoch:22) (kafka.controller.PartitionStateMachine)
[2018-06-28 23:17:59,856] DEBUG [OfflinePartitionLeaderSelector]: Some broker in ISR is alive for __consumer_offsets-16. Select 0 from ISR 0 to be the leader. (kafka.controller.OfflinePartitionLeaderSelector)
[2018-06-28 23:17:59,856] INFO [OfflinePartitionLeaderSelector]: Selected new leader and ISR {"leader":0,"leader_epoch":5,"isr":[0]} for offline partition __consumer_offsets-16 (kafka.controller.OfflinePartitionLeaderSelector)
[2018-06-28 23:17:59,861] DEBUG [PartitionStateMachine controllerId=0] After leader election, leader cache for __consumer_offsets-16 is updated to (Leader:0,ISR:0,LeaderEpoch:5,ControllerEpoch:22) (kafka.controller.PartitionStateMachine)
[2018-06-28 23:18:04,420] TRACE [Controller id=0] Checking need to trigger auto leader balancing (kafka.controller.KafkaController)
[2018-06-28 23:18:04,422] DEBUG [Controller id=0] Preferred replicas by broker Map(0 -> Map(__consumer_offsets-19 -> Vector(0), __consumer_offsets-30 -> Vector(0), __consumer_offsets-47 -> Vector(0), __consumer_offsets-29 -> Vector(0), __consumer_offsets-41 -> Vector(0), __consumer_offsets-39 -> Vector(0), __consumer_offsets-10 -> Vector(0), __consumer_offsets-17 -> Vector(0), __consumer_offsets-14 -> Vector(0), Labeler-0 -> Vector(0), __consumer_offsets-40 -> Vector(0), __consumer_offsets-18 -> Vector(0), __consumer_offsets-0 -> Vector(0), __consumer_offsets-26 -> Vector(0), __consumer_offsets-24 -> Vector(0), __consumer_offsets-33 -> Vector(0), __consumer_offsets-20 -> Vector(0), __consumer_offsets-21 -> Vector(0), __consumer_offsets-3 -> Vector(0), FrameFeeder-0 -> Vector(0), __consumer_offsets-22 -> Vector(0), __consumer_offsets-5 -> Vector(0), __consumer_offsets-12 -> Vector(0), __consumer_offsets-8 -> Vector(0), Generalizer-0 -> Vector(0), __consumer_offsets-23 -> Vector(0), __consumer_offsets-15 -> Vector(0), __consumer_offsets-11 -> Vector(0), __consumer_offsets-48 -> Vector(0), __consumer_offsets-13 -> Vector(0), __consumer_offsets-49 -> Vector(0), __consumer_offsets-6 -> Vector(0), __consumer_offsets-28 -> Vector(0), __consumer_offsets-4 -> Vector(0), __consumer_offsets-37 -> Vector(0), __consumer_offsets-31 -> Vector(0), __consumer_offsets-44 -> Vector(0), __consumer_offsets-42 -> Vector(0), __consumer_offsets-34 -> Vector(0), __consumer_offsets-46 -> Vector(0), __consumer_offsets-25 -> Vector(0), __consumer_offsets-45 -> Vector(0), __consumer_offsets-27 -> Vector(0), __consumer_offsets-32 -> Vector(0), __consumer_offsets-43 -> Vector(0), __consumer_offsets-36 -> Vector(0), __consumer_offsets-35 -> Vector(0), __consumer_offsets-7 -> Vector(0), __consumer_offsets-38 -> Vector(0), __consumer_offsets-9 -> Vector(0), __consumer_offsets-1 -> Vector(0), __consumer_offsets-2 -> Vector(0), __consumer_offsets-16 -> Vector(0))) (kafka.controller.KafkaController)
[2018-06-28 23:18:04,424] DEBUG [Controller id=0] Topics not in preferred replica Map() (kafka.controller.KafkaController)
[2018-06-28 23:18:04,426] TRACE [Controller id=0] Leader imbalance ratio for broker 0 is 0.0 (kafka.controller.KafkaController)
[2018-06-28 23:18:06,719] INFO [Controller id=0] New topics: [Set(bay)], deleted topics: [Set()], new partition replica assignment [Map(bay-0 -> Vector(0))] (kafka.controller.KafkaController)
[2018-06-28 23:18:06,719] INFO [Controller id=0] New topic creation callback for bay-0 (kafka.controller.KafkaController)
[2018-06-28 23:18:06,720] INFO [Controller id=0] New partition creation callback for bay-0 (kafka.controller.KafkaController)
[2018-06-28 23:18:06,722] INFO [PartitionStateMachine controllerId=0] Invoking state change to NewPartition for partitions bay-0 (kafka.controller.PartitionStateMachine)
[2018-06-28 23:18:06,724] INFO [ReplicaStateMachine controllerId=0] Invoking state change to NewReplica for replicas [Topic=bay,Partition=0,Replica=0] (kafka.controller.ReplicaStateMachine)
[2018-06-28 23:18:06,725] INFO [PartitionStateMachine controllerId=0] Invoking state change to OnlinePartition for partitions bay-0 (kafka.controller.PartitionStateMachine)
[2018-06-28 23:18:06,726] DEBUG [PartitionStateMachine controllerId=0] Live assigned replicas for partition bay-0 are: [List(0)] (kafka.controller.PartitionStateMachine)
[2018-06-28 23:18:06,729] DEBUG [PartitionStateMachine controllerId=0] Initializing leader and isr for partition bay-0 to (Leader:0,ISR:0,LeaderEpoch:0,ControllerEpoch:22) (kafka.controller.PartitionStateMachine)
[2018-06-28 23:18:06,771] INFO [ReplicaStateMachine controllerId=0] Invoking state change to OnlineReplica for replicas [Topic=bay,Partition=0,Replica=0] (kafka.controller.ReplicaStateMachine)
