[2018-06-27 19:00:20,358] INFO Deleting index /tmp/kafka-logs/framefeeder-0.efcfa78d32d54c8eb525d0fc66f54199-delete/00000000000000000000.index (kafka.log.OffsetIndex)
[2018-06-27 19:00:20,359] INFO Deleting index /tmp/kafka-logs/framefeeder-0.efcfa78d32d54c8eb525d0fc66f54199-delete/00000000000000000000.timeindex (kafka.log.TimeIndex)
[2018-06-27 19:00:20,359] INFO Deleted log for partition framefeeder-0 in /tmp/kafka-logs/framefeeder-0.efcfa78d32d54c8eb525d0fc66f54199-delete. (kafka.log.LogManager)
[2018-06-27 19:05:50,875] INFO [GroupMetadataManager brokerId=0] Removed 0 expired offsets in 0 milliseconds. (kafka.coordinator.group.GroupMetadataManager)
[2018-06-27 19:07:49,636] INFO Updated PartitionLeaderEpoch. New: {epoch:0, offset:0}, Current: {epoch:-1, offset-1} for Partition: framefeeder-0. Cache now contains 0 entries. (kafka.server.epoch.LeaderEpochFileCache)
[2018-06-27 19:12:23,481] INFO [GroupMetadataManager brokerId=0] Removed 0 expired offsets in 0 milliseconds. (kafka.coordinator.group.GroupMetadataManager)
[2018-06-27 19:12:23,483] INFO [ReplicaFetcherManager on broker 0] Removed fetcher for partitions framefeeder-0 (kafka.server.ReplicaFetcherManager)
[2018-06-27 19:12:23,487] INFO [ReplicaFetcherManager on broker 0] Removed fetcher for partitions  (kafka.server.ReplicaFetcherManager)
[2018-06-27 19:12:23,488] INFO [ReplicaFetcherManager on broker 0] Removed fetcher for partitions framefeeder-0 (kafka.server.ReplicaFetcherManager)
[2018-06-27 19:12:23,509] INFO Log for partition framefeeder-0 is renamed to /tmp/kafka-logs/framefeeder-0.02350494e7214f40a5c8ccc64b379956-delete and is scheduled for deletion (kafka.log.LogManager)
[2018-06-27 19:13:20,359] INFO Deleting index /tmp/kafka-logs/framefeeder-0.02350494e7214f40a5c8ccc64b379956-delete/00000000000000000000.index (kafka.log.OffsetIndex)
[2018-06-27 19:13:20,359] INFO Deleting index /tmp/kafka-logs/framefeeder-0.02350494e7214f40a5c8ccc64b379956-delete/00000000000000000000.timeindex (kafka.log.TimeIndex)
[2018-06-27 19:13:20,359] INFO Deleted log for partition framefeeder-0 in /tmp/kafka-logs/framefeeder-0.02350494e7214f40a5c8ccc64b379956-delete. (kafka.log.LogManager)
[2018-06-27 19:13:59,371] INFO Topic creation {"version":1,"partitions":{"0":[0]}} (kafka.admin.AdminUtils$)
[2018-06-27 19:13:59,376] INFO [KafkaApi-0] Auto creation of topic framefeeder with 1 partitions and replication factor 1 is successful (kafka.server.KafkaApis)
[2018-06-27 19:13:59,404] INFO [ReplicaFetcherManager on broker 0] Removed fetcher for partitions framefeeder-0 (kafka.server.ReplicaFetcherManager)
[2018-06-27 19:13:59,407] INFO Loading producer state from offset 0 for partition framefeeder-0 with message format version 2 (kafka.log.Log)
[2018-06-27 19:13:59,407] INFO Completed load of log framefeeder-0 with 1 log segments, log start offset 0 and log end offset 0 in 1 ms (kafka.log.Log)
[2018-06-27 19:13:59,408] INFO Created log for partition [framefeeder,0] in /tmp/kafka-logs with properties {compression.type -> producer, message.format.version -> 1.0-IV0, file.delete.delay.ms -> 60000, max.message.bytes -> 1000012, min.compaction.lag.ms -> 0, message.timestamp.type -> CreateTime, min.insync.replicas -> 1, segment.jitter.ms -> 0, preallocate -> false, min.cleanable.dirty.ratio -> 0.5, index.interval.bytes -> 4096, unclean.leader.election.enable -> false, retention.bytes -> -1, delete.retention.ms -> 86400000, cleanup.policy -> [delete], flush.ms -> 9223372036854775807, segment.ms -> 604800000, segment.bytes -> 1073741824, retention.ms -> 604800000, message.timestamp.difference.max.ms -> 9223372036854775807, segment.index.bytes -> 10485760, flush.messages -> 9223372036854775807}. (kafka.log.LogManager)
[2018-06-27 19:13:59,408] INFO Replica loaded for partition framefeeder-0 with initial high watermark 0 (kafka.cluster.Replica)
[2018-06-27 19:13:59,408] INFO [Partition framefeeder-0 broker=0] framefeeder-0 starts at Leader Epoch 0 from offset 0. Previous Leader Epoch was: -1 (kafka.cluster.Partition)
[2018-06-27 19:13:59,542] INFO Updated PartitionLeaderEpoch. New: {epoch:0, offset:0}, Current: {epoch:-1, offset-1} for Partition: framefeeder-0. Cache now contains 0 entries. (kafka.server.epoch.LeaderEpochFileCache)
[2018-06-27 19:15:50,875] INFO [GroupMetadataManager brokerId=0] Removed 0 expired offsets in 0 milliseconds. (kafka.coordinator.group.GroupMetadataManager)
[2018-06-27 19:20:06,813] INFO [GroupMetadataManager brokerId=0] Removed 0 expired offsets in 0 milliseconds. (kafka.coordinator.group.GroupMetadataManager)
[2018-06-27 19:20:06,823] INFO [ReplicaFetcherManager on broker 0] Removed fetcher for partitions framefeeder-0 (kafka.server.ReplicaFetcherManager)
[2018-06-27 19:20:06,824] INFO [ReplicaFetcherManager on broker 0] Removed fetcher for partitions  (kafka.server.ReplicaFetcherManager)
[2018-06-27 19:20:06,824] INFO [ReplicaFetcherManager on broker 0] Removed fetcher for partitions framefeeder-0 (kafka.server.ReplicaFetcherManager)
[2018-06-27 19:20:06,842] INFO Log for partition framefeeder-0 is renamed to /tmp/kafka-logs/framefeeder-0.68227799ccfd4917844238e9d6452528-delete and is scheduled for deletion (kafka.log.LogManager)
[2018-06-27 19:20:20,358] INFO Deleting index /tmp/kafka-logs/framefeeder-0.68227799ccfd4917844238e9d6452528-delete/00000000000000000000.index (kafka.log.OffsetIndex)
[2018-06-27 19:20:20,358] INFO Deleting index /tmp/kafka-logs/framefeeder-0.68227799ccfd4917844238e9d6452528-delete/00000000000000000000.timeindex (kafka.log.TimeIndex)
[2018-06-27 19:20:20,359] INFO Deleted log for partition framefeeder-0 in /tmp/kafka-logs/framefeeder-0.68227799ccfd4917844238e9d6452528-delete. (kafka.log.LogManager)
[2018-06-27 19:21:04,673] INFO Topic creation {"version":1,"partitions":{"0":[0]}} (kafka.admin.AdminUtils$)
[2018-06-27 19:21:04,678] INFO [KafkaApi-0] Auto creation of topic framefeeder with 1 partitions and replication factor 1 is successful (kafka.server.KafkaApis)
[2018-06-27 19:21:04,710] INFO [ReplicaFetcherManager on broker 0] Removed fetcher for partitions framefeeder-0 (kafka.server.ReplicaFetcherManager)
[2018-06-27 19:21:04,711] INFO Loading producer state from offset 0 for partition framefeeder-0 with message format version 2 (kafka.log.Log)
[2018-06-27 19:21:04,712] INFO Completed load of log framefeeder-0 with 1 log segments, log start offset 0 and log end offset 0 in 1 ms (kafka.log.Log)
[2018-06-27 19:21:04,712] INFO Created log for partition [framefeeder,0] in /tmp/kafka-logs with properties {compression.type -> producer, message.format.version -> 1.0-IV0, file.delete.delay.ms -> 60000, max.message.bytes -> 1000012, min.compaction.lag.ms -> 0, message.timestamp.type -> CreateTime, min.insync.replicas -> 1, segment.jitter.ms -> 0, preallocate -> false, min.cleanable.dirty.ratio -> 0.5, index.interval.bytes -> 4096, unclean.leader.election.enable -> false, retention.bytes -> -1, delete.retention.ms -> 86400000, cleanup.policy -> [delete], flush.ms -> 9223372036854775807, segment.ms -> 604800000, segment.bytes -> 1073741824, retention.ms -> 604800000, message.timestamp.difference.max.ms -> 9223372036854775807, segment.index.bytes -> 10485760, flush.messages -> 9223372036854775807}. (kafka.log.LogManager)
[2018-06-27 19:21:04,712] INFO Replica loaded for partition framefeeder-0 with initial high watermark 0 (kafka.cluster.Replica)
[2018-06-27 19:21:04,713] INFO [Partition framefeeder-0 broker=0] framefeeder-0 starts at Leader Epoch 0 from offset 0. Previous Leader Epoch was: -1 (kafka.cluster.Partition)
[2018-06-27 19:21:04,827] INFO Updated PartitionLeaderEpoch. New: {epoch:0, offset:0}, Current: {epoch:-1, offset-1} for Partition: framefeeder-0. Cache now contains 0 entries. (kafka.server.epoch.LeaderEpochFileCache)
[2018-06-27 19:23:32,309] INFO [GroupMetadataManager brokerId=0] Removed 0 expired offsets in 0 milliseconds. (kafka.coordinator.group.GroupMetadataManager)
[2018-06-27 19:23:32,318] INFO [ReplicaFetcherManager on broker 0] Removed fetcher for partitions framefeeder-0 (kafka.server.ReplicaFetcherManager)
[2018-06-27 19:23:32,319] INFO [ReplicaFetcherManager on broker 0] Removed fetcher for partitions  (kafka.server.ReplicaFetcherManager)
[2018-06-27 19:23:32,319] INFO [ReplicaFetcherManager on broker 0] Removed fetcher for partitions framefeeder-0 (kafka.server.ReplicaFetcherManager)
[2018-06-27 19:23:32,338] INFO Log for partition framefeeder-0 is renamed to /tmp/kafka-logs/framefeeder-0.98bee47691b84a0d845447db4b93550b-delete and is scheduled for deletion (kafka.log.LogManager)
[2018-06-27 19:23:58,028] INFO Topic creation {"version":1,"partitions":{"0":[0]}} (kafka.admin.AdminUtils$)
[2018-06-27 19:23:58,033] INFO [KafkaApi-0] Auto creation of topic framefeeder with 1 partitions and replication factor 1 is successful (kafka.server.KafkaApis)
[2018-06-27 19:23:58,060] INFO [ReplicaFetcherManager on broker 0] Removed fetcher for partitions framefeeder-0 (kafka.server.ReplicaFetcherManager)
[2018-06-27 19:23:58,062] INFO Loading producer state from offset 0 for partition framefeeder-0 with message format version 2 (kafka.log.Log)
[2018-06-27 19:23:58,063] INFO Completed load of log framefeeder-0 with 1 log segments, log start offset 0 and log end offset 0 in 1 ms (kafka.log.Log)
[2018-06-27 19:23:58,063] INFO Created log for partition [framefeeder,0] in /tmp/kafka-logs with properties {compression.type -> producer, message.format.version -> 1.0-IV0, file.delete.delay.ms -> 60000, max.message.bytes -> 1000012, min.compaction.lag.ms -> 0, message.timestamp.type -> CreateTime, min.insync.replicas -> 1, segment.jitter.ms -> 0, preallocate -> false, min.cleanable.dirty.ratio -> 0.5, index.interval.bytes -> 4096, unclean.leader.election.enable -> false, retention.bytes -> -1, delete.retention.ms -> 86400000, cleanup.policy -> [delete], flush.ms -> 9223372036854775807, segment.ms -> 604800000, segment.bytes -> 1073741824, retention.ms -> 604800000, message.timestamp.difference.max.ms -> 9223372036854775807, segment.index.bytes -> 10485760, flush.messages -> 9223372036854775807}. (kafka.log.LogManager)
[2018-06-27 19:23:58,063] INFO Replica loaded for partition framefeeder-0 with initial high watermark 0 (kafka.cluster.Replica)
[2018-06-27 19:23:58,064] INFO [Partition framefeeder-0 broker=0] framefeeder-0 starts at Leader Epoch 0 from offset 0. Previous Leader Epoch was: -1 (kafka.cluster.Partition)
[2018-06-27 19:23:58,196] INFO Updated PartitionLeaderEpoch. New: {epoch:0, offset:0}, Current: {epoch:-1, offset-1} for Partition: framefeeder-0. Cache now contains 0 entries. (kafka.server.epoch.LeaderEpochFileCache)
[2018-06-27 19:24:20,358] INFO Deleting index /tmp/kafka-logs/framefeeder-0.98bee47691b84a0d845447db4b93550b-delete/00000000000000000000.index (kafka.log.OffsetIndex)
[2018-06-27 19:24:20,358] INFO Deleting index /tmp/kafka-logs/framefeeder-0.98bee47691b84a0d845447db4b93550b-delete/00000000000000000000.timeindex (kafka.log.TimeIndex)
[2018-06-27 19:24:20,358] INFO Deleted log for partition framefeeder-0 in /tmp/kafka-logs/framefeeder-0.98bee47691b84a0d845447db4b93550b-delete. (kafka.log.LogManager)
[2018-06-27 19:25:50,875] INFO [GroupMetadataManager brokerId=0] Removed 0 expired offsets in 0 milliseconds. (kafka.coordinator.group.GroupMetadataManager)
[2018-06-27 19:26:05,570] INFO [GroupMetadataManager brokerId=0] Removed 0 expired offsets in 0 milliseconds. (kafka.coordinator.group.GroupMetadataManager)
[2018-06-27 19:26:05,578] INFO [ReplicaFetcherManager on broker 0] Removed fetcher for partitions framefeeder-0 (kafka.server.ReplicaFetcherManager)
[2018-06-27 19:26:05,579] INFO [ReplicaFetcherManager on broker 0] Removed fetcher for partitions  (kafka.server.ReplicaFetcherManager)
[2018-06-27 19:26:05,580] INFO [ReplicaFetcherManager on broker 0] Removed fetcher for partitions framefeeder-0 (kafka.server.ReplicaFetcherManager)
[2018-06-27 19:26:05,598] INFO Log for partition framefeeder-0 is renamed to /tmp/kafka-logs/framefeeder-0.354dd97ea00842d78a7691e4e647a502-delete and is scheduled for deletion (kafka.log.LogManager)
[2018-06-27 19:26:20,358] INFO Deleting index /tmp/kafka-logs/framefeeder-0.354dd97ea00842d78a7691e4e647a502-delete/00000000000000000000.index (kafka.log.OffsetIndex)
[2018-06-27 19:26:20,358] INFO Deleting index /tmp/kafka-logs/framefeeder-0.354dd97ea00842d78a7691e4e647a502-delete/00000000000000000000.timeindex (kafka.log.TimeIndex)
[2018-06-27 19:26:20,359] INFO Deleted log for partition framefeeder-0 in /tmp/kafka-logs/framefeeder-0.354dd97ea00842d78a7691e4e647a502-delete. (kafka.log.LogManager)
[2018-06-27 19:26:27,727] INFO Topic creation {"version":1,"partitions":{"0":[0]}} (kafka.admin.AdminUtils$)
[2018-06-27 19:26:27,732] INFO [KafkaApi-0] Auto creation of topic framefeeder with 1 partitions and replication factor 1 is successful (kafka.server.KafkaApis)
[2018-06-27 19:26:27,763] INFO [ReplicaFetcherManager on broker 0] Removed fetcher for partitions framefeeder-0 (kafka.server.ReplicaFetcherManager)
[2018-06-27 19:26:27,765] INFO Loading producer state from offset 0 for partition framefeeder-0 with message format version 2 (kafka.log.Log)
[2018-06-27 19:26:27,765] INFO Completed load of log framefeeder-0 with 1 log segments, log start offset 0 and log end offset 0 in 1 ms (kafka.log.Log)
[2018-06-27 19:26:27,766] INFO Created log for partition [framefeeder,0] in /tmp/kafka-logs with properties {compression.type -> producer, message.format.version -> 1.0-IV0, file.delete.delay.ms -> 60000, max.message.bytes -> 1000012, min.compaction.lag.ms -> 0, message.timestamp.type -> CreateTime, min.insync.replicas -> 1, segment.jitter.ms -> 0, preallocate -> false, min.cleanable.dirty.ratio -> 0.5, index.interval.bytes -> 4096, unclean.leader.election.enable -> false, retention.bytes -> -1, delete.retention.ms -> 86400000, cleanup.policy -> [delete], flush.ms -> 9223372036854775807, segment.ms -> 604800000, segment.bytes -> 1073741824, retention.ms -> 604800000, message.timestamp.difference.max.ms -> 9223372036854775807, segment.index.bytes -> 10485760, flush.messages -> 9223372036854775807}. (kafka.log.LogManager)
[2018-06-27 19:26:27,766] INFO Replica loaded for partition framefeeder-0 with initial high watermark 0 (kafka.cluster.Replica)
[2018-06-27 19:26:27,766] INFO [Partition framefeeder-0 broker=0] framefeeder-0 starts at Leader Epoch 0 from offset 0. Previous Leader Epoch was: -1 (kafka.cluster.Partition)
[2018-06-27 19:26:27,888] INFO Updated PartitionLeaderEpoch. New: {epoch:0, offset:0}, Current: {epoch:-1, offset-1} for Partition: framefeeder-0. Cache now contains 0 entries. (kafka.server.epoch.LeaderEpochFileCache)
[2018-06-27 19:29:52,025] INFO [GroupMetadataManager brokerId=0] Removed 0 expired offsets in 0 milliseconds. (kafka.coordinator.group.GroupMetadataManager)
[2018-06-27 19:29:52,032] INFO [ReplicaFetcherManager on broker 0] Removed fetcher for partitions framefeeder-0 (kafka.server.ReplicaFetcherManager)
[2018-06-27 19:29:52,033] INFO [ReplicaFetcherManager on broker 0] Removed fetcher for partitions  (kafka.server.ReplicaFetcherManager)
[2018-06-27 19:29:52,033] INFO [ReplicaFetcherManager on broker 0] Removed fetcher for partitions framefeeder-0 (kafka.server.ReplicaFetcherManager)
[2018-06-27 19:29:52,419] INFO Log for partition framefeeder-0 is renamed to /tmp/kafka-logs/framefeeder-0.078b70c9046840b2b2812c62e5d99964-delete and is scheduled for deletion (kafka.log.LogManager)
[2018-06-27 19:30:14,548] INFO Topic creation {"version":1,"partitions":{"0":[0]}} (kafka.admin.AdminUtils$)
[2018-06-27 19:30:14,555] INFO [KafkaApi-0] Auto creation of topic framefeeder with 1 partitions and replication factor 1 is successful (kafka.server.KafkaApis)
[2018-06-27 19:30:14,590] INFO [ReplicaFetcherManager on broker 0] Removed fetcher for partitions framefeeder-0 (kafka.server.ReplicaFetcherManager)
[2018-06-27 19:30:14,592] INFO Loading producer state from offset 0 for partition framefeeder-0 with message format version 2 (kafka.log.Log)
[2018-06-27 19:30:14,592] INFO Completed load of log framefeeder-0 with 1 log segments, log start offset 0 and log end offset 0 in 1 ms (kafka.log.Log)
[2018-06-27 19:30:14,593] INFO Created log for partition [framefeeder,0] in /tmp/kafka-logs with properties {compression.type -> producer, message.format.version -> 1.0-IV0, file.delete.delay.ms -> 60000, max.message.bytes -> 1000012, min.compaction.lag.ms -> 0, message.timestamp.type -> CreateTime, min.insync.replicas -> 1, segment.jitter.ms -> 0, preallocate -> false, min.cleanable.dirty.ratio -> 0.5, index.interval.bytes -> 4096, unclean.leader.election.enable -> false, retention.bytes -> -1, delete.retention.ms -> 86400000, cleanup.policy -> [delete], flush.ms -> 9223372036854775807, segment.ms -> 604800000, segment.bytes -> 1073741824, retention.ms -> 604800000, message.timestamp.difference.max.ms -> 9223372036854775807, segment.index.bytes -> 10485760, flush.messages -> 9223372036854775807}. (kafka.log.LogManager)
[2018-06-27 19:30:14,593] INFO Replica loaded for partition framefeeder-0 with initial high watermark 0 (kafka.cluster.Replica)
[2018-06-27 19:30:14,593] INFO [Partition framefeeder-0 broker=0] framefeeder-0 starts at Leader Epoch 0 from offset 0. Previous Leader Epoch was: -1 (kafka.cluster.Partition)
[2018-06-27 19:30:14,697] INFO Updated PartitionLeaderEpoch. New: {epoch:0, offset:0}, Current: {epoch:-1, offset-1} for Partition: framefeeder-0. Cache now contains 0 entries. (kafka.server.epoch.LeaderEpochFileCache)
[2018-06-27 19:30:20,359] INFO Deleting index /tmp/kafka-logs/framefeeder-0.078b70c9046840b2b2812c62e5d99964-delete/00000000000000000000.index (kafka.log.OffsetIndex)
[2018-06-27 19:30:20,359] INFO Deleting index /tmp/kafka-logs/framefeeder-0.078b70c9046840b2b2812c62e5d99964-delete/00000000000000000000.timeindex (kafka.log.TimeIndex)
[2018-06-27 19:30:20,359] INFO Deleted log for partition framefeeder-0 in /tmp/kafka-logs/framefeeder-0.078b70c9046840b2b2812c62e5d99964-delete. (kafka.log.LogManager)
[2018-06-27 19:34:37,553] INFO [GroupMetadataManager brokerId=0] Removed 0 expired offsets in 0 milliseconds. (kafka.coordinator.group.GroupMetadataManager)
[2018-06-27 19:34:37,559] INFO [ReplicaFetcherManager on broker 0] Removed fetcher for partitions framefeeder-0 (kafka.server.ReplicaFetcherManager)
[2018-06-27 19:34:37,560] INFO [ReplicaFetcherManager on broker 0] Removed fetcher for partitions  (kafka.server.ReplicaFetcherManager)
[2018-06-27 19:34:37,561] INFO [ReplicaFetcherManager on broker 0] Removed fetcher for partitions framefeeder-0 (kafka.server.ReplicaFetcherManager)
[2018-06-27 19:34:37,579] INFO Log for partition framefeeder-0 is renamed to /tmp/kafka-logs/framefeeder-0.9a30fa672c5245d4a1b00fa25ba29db5-delete and is scheduled for deletion (kafka.log.LogManager)
[2018-06-27 19:34:58,979] INFO Topic creation {"version":1,"partitions":{"0":[0]}} (kafka.admin.AdminUtils$)
[2018-06-27 19:34:58,984] INFO [KafkaApi-0] Auto creation of topic framefeeder with 1 partitions and replication factor 1 is successful (kafka.server.KafkaApis)
[2018-06-27 19:34:59,013] INFO [ReplicaFetcherManager on broker 0] Removed fetcher for partitions framefeeder-0 (kafka.server.ReplicaFetcherManager)
[2018-06-27 19:34:59,019] INFO Loading producer state from offset 0 for partition framefeeder-0 with message format version 2 (kafka.log.Log)
[2018-06-27 19:34:59,019] INFO Completed load of log framefeeder-0 with 1 log segments, log start offset 0 and log end offset 0 in 1 ms (kafka.log.Log)
[2018-06-27 19:34:59,020] INFO Created log for partition [framefeeder,0] in /tmp/kafka-logs with properties {compression.type -> producer, message.format.version -> 1.0-IV0, file.delete.delay.ms -> 60000, max.message.bytes -> 1000012, min.compaction.lag.ms -> 0, message.timestamp.type -> CreateTime, min.insync.replicas -> 1, segment.jitter.ms -> 0, preallocate -> false, min.cleanable.dirty.ratio -> 0.5, index.interval.bytes -> 4096, unclean.leader.election.enable -> false, retention.bytes -> -1, delete.retention.ms -> 86400000, cleanup.policy -> [delete], flush.ms -> 9223372036854775807, segment.ms -> 604800000, segment.bytes -> 1073741824, retention.ms -> 604800000, message.timestamp.difference.max.ms -> 9223372036854775807, segment.index.bytes -> 10485760, flush.messages -> 9223372036854775807}. (kafka.log.LogManager)
[2018-06-27 19:34:59,020] INFO Replica loaded for partition framefeeder-0 with initial high watermark 0 (kafka.cluster.Replica)
[2018-06-27 19:34:59,020] INFO [Partition framefeeder-0 broker=0] framefeeder-0 starts at Leader Epoch 0 from offset 0. Previous Leader Epoch was: -1 (kafka.cluster.Partition)
[2018-06-27 19:34:59,125] INFO Updated PartitionLeaderEpoch. New: {epoch:0, offset:0}, Current: {epoch:-1, offset-1} for Partition: framefeeder-0. Cache now contains 0 entries. (kafka.server.epoch.LeaderEpochFileCache)
[2018-06-27 19:35:20,358] INFO Deleting index /tmp/kafka-logs/framefeeder-0.9a30fa672c5245d4a1b00fa25ba29db5-delete/00000000000000000000.index (kafka.log.OffsetIndex)
[2018-06-27 19:35:20,359] INFO Deleting index /tmp/kafka-logs/framefeeder-0.9a30fa672c5245d4a1b00fa25ba29db5-delete/00000000000000000000.timeindex (kafka.log.TimeIndex)
[2018-06-27 19:35:20,359] INFO Deleted log for partition framefeeder-0 in /tmp/kafka-logs/framefeeder-0.9a30fa672c5245d4a1b00fa25ba29db5-delete. (kafka.log.LogManager)
[2018-06-27 19:35:50,875] INFO [GroupMetadataManager brokerId=0] Removed 0 expired offsets in 0 milliseconds. (kafka.coordinator.group.GroupMetadataManager)
[2018-06-27 19:36:30,402] INFO [GroupMetadataManager brokerId=0] Removed 0 expired offsets in 0 milliseconds. (kafka.coordinator.group.GroupMetadataManager)
[2018-06-27 19:36:30,417] INFO [ReplicaFetcherManager on broker 0] Removed fetcher for partitions framefeeder-0 (kafka.server.ReplicaFetcherManager)
[2018-06-27 19:36:30,420] INFO [ReplicaFetcherManager on broker 0] Removed fetcher for partitions  (kafka.server.ReplicaFetcherManager)
[2018-06-27 19:36:30,421] INFO [ReplicaFetcherManager on broker 0] Removed fetcher for partitions framefeeder-0 (kafka.server.ReplicaFetcherManager)
[2018-06-27 19:36:30,449] INFO Log for partition framefeeder-0 is renamed to /tmp/kafka-logs/framefeeder-0.dbf8ab915a6d490d90a68cf1de401d24-delete and is scheduled for deletion (kafka.log.LogManager)
[2018-06-27 19:36:54,630] INFO Topic creation {"version":1,"partitions":{"0":[0]}} (kafka.admin.AdminUtils$)
[2018-06-27 19:36:54,635] INFO [KafkaApi-0] Auto creation of topic framefeeder with 1 partitions and replication factor 1 is successful (kafka.server.KafkaApis)
[2018-06-27 19:36:54,681] INFO [ReplicaFetcherManager on broker 0] Removed fetcher for partitions framefeeder-0 (kafka.server.ReplicaFetcherManager)
[2018-06-27 19:36:54,684] INFO Loading producer state from offset 0 for partition framefeeder-0 with message format version 2 (kafka.log.Log)
[2018-06-27 19:36:54,685] INFO Completed load of log framefeeder-0 with 1 log segments, log start offset 0 and log end offset 0 in 2 ms (kafka.log.Log)
[2018-06-27 19:36:54,686] INFO Created log for partition [framefeeder,0] in /tmp/kafka-logs with properties {compression.type -> producer, message.format.version -> 1.0-IV0, file.delete.delay.ms -> 60000, max.message.bytes -> 1000012, min.compaction.lag.ms -> 0, message.timestamp.type -> CreateTime, min.insync.replicas -> 1, segment.jitter.ms -> 0, preallocate -> false, min.cleanable.dirty.ratio -> 0.5, index.interval.bytes -> 4096, unclean.leader.election.enable -> false, retention.bytes -> -1, delete.retention.ms -> 86400000, cleanup.policy -> [delete], flush.ms -> 9223372036854775807, segment.ms -> 604800000, segment.bytes -> 1073741824, retention.ms -> 604800000, message.timestamp.difference.max.ms -> 9223372036854775807, segment.index.bytes -> 10485760, flush.messages -> 9223372036854775807}. (kafka.log.LogManager)
[2018-06-27 19:36:54,687] INFO Replica loaded for partition framefeeder-0 with initial high watermark 0 (kafka.cluster.Replica)
[2018-06-27 19:36:54,687] INFO [Partition framefeeder-0 broker=0] framefeeder-0 starts at Leader Epoch 0 from offset 0. Previous Leader Epoch was: -1 (kafka.cluster.Partition)
[2018-06-27 19:36:54,767] INFO Updated PartitionLeaderEpoch. New: {epoch:0, offset:0}, Current: {epoch:-1, offset-1} for Partition: framefeeder-0. Cache now contains 0 entries. (kafka.server.epoch.LeaderEpochFileCache)
[2018-06-27 19:37:20,358] INFO Deleting index /tmp/kafka-logs/framefeeder-0.dbf8ab915a6d490d90a68cf1de401d24-delete/00000000000000000000.index (kafka.log.OffsetIndex)
[2018-06-27 19:37:20,358] INFO Deleting index /tmp/kafka-logs/framefeeder-0.dbf8ab915a6d490d90a68cf1de401d24-delete/00000000000000000000.timeindex (kafka.log.TimeIndex)
[2018-06-27 19:37:20,358] INFO Deleted log for partition framefeeder-0 in /tmp/kafka-logs/framefeeder-0.dbf8ab915a6d490d90a68cf1de401d24-delete. (kafka.log.LogManager)
[2018-06-27 19:38:28,691] INFO [GroupMetadataManager brokerId=0] Removed 0 expired offsets in 0 milliseconds. (kafka.coordinator.group.GroupMetadataManager)
[2018-06-27 19:38:28,697] INFO [ReplicaFetcherManager on broker 0] Removed fetcher for partitions framefeeder-0 (kafka.server.ReplicaFetcherManager)
[2018-06-27 19:38:28,698] INFO [ReplicaFetcherManager on broker 0] Removed fetcher for partitions  (kafka.server.ReplicaFetcherManager)
[2018-06-27 19:38:28,698] INFO [ReplicaFetcherManager on broker 0] Removed fetcher for partitions framefeeder-0 (kafka.server.ReplicaFetcherManager)
[2018-06-27 19:38:28,716] INFO Log for partition framefeeder-0 is renamed to /tmp/kafka-logs/framefeeder-0.13ad3658bd634f1c9e55ca95bbeb017f-delete and is scheduled for deletion (kafka.log.LogManager)
[2018-06-27 19:39:20,358] INFO Deleting index /tmp/kafka-logs/framefeeder-0.13ad3658bd634f1c9e55ca95bbeb017f-delete/00000000000000000000.index (kafka.log.OffsetIndex)
[2018-06-27 19:39:20,358] INFO Deleting index /tmp/kafka-logs/framefeeder-0.13ad3658bd634f1c9e55ca95bbeb017f-delete/00000000000000000000.timeindex (kafka.log.TimeIndex)
[2018-06-27 19:39:20,358] INFO Deleted log for partition framefeeder-0 in /tmp/kafka-logs/framefeeder-0.13ad3658bd634f1c9e55ca95bbeb017f-delete. (kafka.log.LogManager)
[2018-06-27 19:39:49,678] INFO Topic creation {"version":1,"partitions":{"0":[0]}} (kafka.admin.AdminUtils$)
[2018-06-27 19:39:49,682] INFO [KafkaApi-0] Auto creation of topic framefeeder with 1 partitions and replication factor 1 is successful (kafka.server.KafkaApis)
[2018-06-27 19:39:49,711] INFO [ReplicaFetcherManager on broker 0] Removed fetcher for partitions framefeeder-0 (kafka.server.ReplicaFetcherManager)
[2018-06-27 19:39:49,713] INFO Loading producer state from offset 0 for partition framefeeder-0 with message format version 2 (kafka.log.Log)
[2018-06-27 19:39:49,714] INFO Completed load of log framefeeder-0 with 1 log segments, log start offset 0 and log end offset 0 in 1 ms (kafka.log.Log)
[2018-06-27 19:39:49,714] INFO Created log for partition [framefeeder,0] in /tmp/kafka-logs with properties {compression.type -> producer, message.format.version -> 1.0-IV0, file.delete.delay.ms -> 60000, max.message.bytes -> 1000012, min.compaction.lag.ms -> 0, message.timestamp.type -> CreateTime, min.insync.replicas -> 1, segment.jitter.ms -> 0, preallocate -> false, min.cleanable.dirty.ratio -> 0.5, index.interval.bytes -> 4096, unclean.leader.election.enable -> false, retention.bytes -> -1, delete.retention.ms -> 86400000, cleanup.policy -> [delete], flush.ms -> 9223372036854775807, segment.ms -> 604800000, segment.bytes -> 1073741824, retention.ms -> 604800000, message.timestamp.difference.max.ms -> 9223372036854775807, segment.index.bytes -> 10485760, flush.messages -> 9223372036854775807}. (kafka.log.LogManager)
[2018-06-27 19:39:49,714] INFO Replica loaded for partition framefeeder-0 with initial high watermark 0 (kafka.cluster.Replica)
[2018-06-27 19:39:49,714] INFO [Partition framefeeder-0 broker=0] framefeeder-0 starts at Leader Epoch 0 from offset 0. Previous Leader Epoch was: -1 (kafka.cluster.Partition)
[2018-06-27 19:39:49,813] INFO Updated PartitionLeaderEpoch. New: {epoch:0, offset:0}, Current: {epoch:-1, offset-1} for Partition: framefeeder-0. Cache now contains 0 entries. (kafka.server.epoch.LeaderEpochFileCache)
[2018-06-27 19:44:38,036] INFO [GroupMetadataManager brokerId=0] Removed 0 expired offsets in 0 milliseconds. (kafka.coordinator.group.GroupMetadataManager)
[2018-06-27 19:44:38,047] INFO [ReplicaFetcherManager on broker 0] Removed fetcher for partitions framefeeder-0 (kafka.server.ReplicaFetcherManager)
[2018-06-27 19:44:38,049] INFO [ReplicaFetcherManager on broker 0] Removed fetcher for partitions  (kafka.server.ReplicaFetcherManager)
[2018-06-27 19:44:38,049] INFO [ReplicaFetcherManager on broker 0] Removed fetcher for partitions framefeeder-0 (kafka.server.ReplicaFetcherManager)
[2018-06-27 19:44:38,066] INFO Log for partition framefeeder-0 is renamed to /tmp/kafka-logs/framefeeder-0.ef3ea6ff712d471ab618cb401ea6e8ff-delete and is scheduled for deletion (kafka.log.LogManager)
[2018-06-27 19:45:20,358] INFO Deleting index /tmp/kafka-logs/framefeeder-0.ef3ea6ff712d471ab618cb401ea6e8ff-delete/00000000000000000000.index (kafka.log.OffsetIndex)
[2018-06-27 19:45:20,358] INFO Deleting index /tmp/kafka-logs/framefeeder-0.ef3ea6ff712d471ab618cb401ea6e8ff-delete/00000000000000000000.timeindex (kafka.log.TimeIndex)
[2018-06-27 19:45:20,358] INFO Deleted log for partition framefeeder-0 in /tmp/kafka-logs/framefeeder-0.ef3ea6ff712d471ab618cb401ea6e8ff-delete. (kafka.log.LogManager)
[2018-06-27 19:45:50,875] INFO [GroupMetadataManager brokerId=0] Removed 0 expired offsets in 0 milliseconds. (kafka.coordinator.group.GroupMetadataManager)
[2018-06-27 19:46:37,478] INFO Topic creation {"version":1,"partitions":{"0":[0]}} (kafka.admin.AdminUtils$)
[2018-06-27 19:46:37,482] INFO [KafkaApi-0] Auto creation of topic framefeeder with 1 partitions and replication factor 1 is successful (kafka.server.KafkaApis)
[2018-06-27 19:46:37,520] INFO [ReplicaFetcherManager on broker 0] Removed fetcher for partitions framefeeder-0 (kafka.server.ReplicaFetcherManager)
[2018-06-27 19:46:37,522] INFO Loading producer state from offset 0 for partition framefeeder-0 with message format version 2 (kafka.log.Log)
[2018-06-27 19:46:37,522] INFO Completed load of log framefeeder-0 with 1 log segments, log start offset 0 and log end offset 0 in 1 ms (kafka.log.Log)
[2018-06-27 19:46:37,523] INFO Created log for partition [framefeeder,0] in /tmp/kafka-logs with properties {compression.type -> producer, message.format.version -> 1.0-IV0, file.delete.delay.ms -> 60000, max.message.bytes -> 1000012, min.compaction.lag.ms -> 0, message.timestamp.type -> CreateTime, min.insync.replicas -> 1, segment.jitter.ms -> 0, preallocate -> false, min.cleanable.dirty.ratio -> 0.5, index.interval.bytes -> 4096, unclean.leader.election.enable -> false, retention.bytes -> -1, delete.retention.ms -> 86400000, cleanup.policy -> [delete], flush.ms -> 9223372036854775807, segment.ms -> 604800000, segment.bytes -> 1073741824, retention.ms -> 604800000, message.timestamp.difference.max.ms -> 9223372036854775807, segment.index.bytes -> 10485760, flush.messages -> 9223372036854775807}. (kafka.log.LogManager)
[2018-06-27 19:46:37,523] INFO Replica loaded for partition framefeeder-0 with initial high watermark 0 (kafka.cluster.Replica)
[2018-06-27 19:46:37,524] INFO [Partition framefeeder-0 broker=0] framefeeder-0 starts at Leader Epoch 0 from offset 0. Previous Leader Epoch was: -1 (kafka.cluster.Partition)
[2018-06-27 19:46:37,633] INFO Updated PartitionLeaderEpoch. New: {epoch:0, offset:0}, Current: {epoch:-1, offset-1} for Partition: framefeeder-0. Cache now contains 0 entries. (kafka.server.epoch.LeaderEpochFileCache)
[2018-06-27 19:51:04,951] INFO [GroupMetadataManager brokerId=0] Removed 0 expired offsets in 0 milliseconds. (kafka.coordinator.group.GroupMetadataManager)
[2018-06-27 19:51:04,966] INFO [ReplicaFetcherManager on broker 0] Removed fetcher for partitions framefeeder-0 (kafka.server.ReplicaFetcherManager)
[2018-06-27 19:51:04,966] INFO [ReplicaFetcherManager on broker 0] Removed fetcher for partitions  (kafka.server.ReplicaFetcherManager)
[2018-06-27 19:51:04,967] INFO [ReplicaFetcherManager on broker 0] Removed fetcher for partitions framefeeder-0 (kafka.server.ReplicaFetcherManager)
[2018-06-27 19:51:04,994] INFO Log for partition framefeeder-0 is renamed to /tmp/kafka-logs/framefeeder-0.b96dbc49f49947338d1b631526447ef4-delete and is scheduled for deletion (kafka.log.LogManager)
[2018-06-27 19:51:20,358] INFO Deleting index /tmp/kafka-logs/framefeeder-0.b96dbc49f49947338d1b631526447ef4-delete/00000000000000000000.index (kafka.log.OffsetIndex)
[2018-06-27 19:51:20,358] INFO Deleting index /tmp/kafka-logs/framefeeder-0.b96dbc49f49947338d1b631526447ef4-delete/00000000000000000000.timeindex (kafka.log.TimeIndex)
[2018-06-27 19:51:20,358] INFO Deleted log for partition framefeeder-0 in /tmp/kafka-logs/framefeeder-0.b96dbc49f49947338d1b631526447ef4-delete. (kafka.log.LogManager)
[2018-06-27 19:51:35,554] INFO Topic creation {"version":1,"partitions":{"0":[0]}} (kafka.admin.AdminUtils$)
[2018-06-27 19:51:35,559] INFO [KafkaApi-0] Auto creation of topic framefeeder with 1 partitions and replication factor 1 is successful (kafka.server.KafkaApis)
[2018-06-27 19:51:35,587] INFO [ReplicaFetcherManager on broker 0] Removed fetcher for partitions framefeeder-0 (kafka.server.ReplicaFetcherManager)
[2018-06-27 19:51:35,590] INFO Loading producer state from offset 0 for partition framefeeder-0 with message format version 2 (kafka.log.Log)
[2018-06-27 19:51:35,590] INFO Completed load of log framefeeder-0 with 1 log segments, log start offset 0 and log end offset 0 in 1 ms (kafka.log.Log)
[2018-06-27 19:51:35,590] INFO Created log for partition [framefeeder,0] in /tmp/kafka-logs with properties {compression.type -> producer, message.format.version -> 1.0-IV0, file.delete.delay.ms -> 60000, max.message.bytes -> 1000012, min.compaction.lag.ms -> 0, message.timestamp.type -> CreateTime, min.insync.replicas -> 1, segment.jitter.ms -> 0, preallocate -> false, min.cleanable.dirty.ratio -> 0.5, index.interval.bytes -> 4096, unclean.leader.election.enable -> false, retention.bytes -> -1, delete.retention.ms -> 86400000, cleanup.policy -> [delete], flush.ms -> 9223372036854775807, segment.ms -> 604800000, segment.bytes -> 1073741824, retention.ms -> 604800000, message.timestamp.difference.max.ms -> 9223372036854775807, segment.index.bytes -> 10485760, flush.messages -> 9223372036854775807}. (kafka.log.LogManager)
[2018-06-27 19:51:35,591] INFO Replica loaded for partition framefeeder-0 with initial high watermark 0 (kafka.cluster.Replica)
[2018-06-27 19:51:35,591] INFO [Partition framefeeder-0 broker=0] framefeeder-0 starts at Leader Epoch 0 from offset 0. Previous Leader Epoch was: -1 (kafka.cluster.Partition)
[2018-06-27 19:51:35,731] INFO Updated PartitionLeaderEpoch. New: {epoch:0, offset:0}, Current: {epoch:-1, offset-1} for Partition: framefeeder-0. Cache now contains 0 entries. (kafka.server.epoch.LeaderEpochFileCache)
[2018-06-27 19:52:45,954] INFO [GroupMetadataManager brokerId=0] Removed 0 expired offsets in 0 milliseconds. (kafka.coordinator.group.GroupMetadataManager)
[2018-06-27 19:52:45,960] INFO [ReplicaFetcherManager on broker 0] Removed fetcher for partitions framefeeder-0 (kafka.server.ReplicaFetcherManager)
[2018-06-27 19:52:45,961] INFO [ReplicaFetcherManager on broker 0] Removed fetcher for partitions  (kafka.server.ReplicaFetcherManager)
[2018-06-27 19:52:45,962] INFO [ReplicaFetcherManager on broker 0] Removed fetcher for partitions framefeeder-0 (kafka.server.ReplicaFetcherManager)
[2018-06-27 19:52:45,984] INFO Log for partition framefeeder-0 is renamed to /tmp/kafka-logs/framefeeder-0.fcef6ddd13114f8d941fdf24f6ab837f-delete and is scheduled for deletion (kafka.log.LogManager)
[2018-06-27 19:53:07,784] INFO Topic creation {"version":1,"partitions":{"0":[0]}} (kafka.admin.AdminUtils$)
[2018-06-27 19:53:07,788] INFO [KafkaApi-0] Auto creation of topic framefeeder with 1 partitions and replication factor 1 is successful (kafka.server.KafkaApis)
[2018-06-27 19:53:07,820] INFO [ReplicaFetcherManager on broker 0] Removed fetcher for partitions framefeeder-0 (kafka.server.ReplicaFetcherManager)
[2018-06-27 19:53:07,822] INFO Loading producer state from offset 0 for partition framefeeder-0 with message format version 2 (kafka.log.Log)
[2018-06-27 19:53:07,836] INFO Completed load of log framefeeder-0 with 1 log segments, log start offset 0 and log end offset 0 in 15 ms (kafka.log.Log)
[2018-06-27 19:53:07,836] INFO Created log for partition [framefeeder,0] in /tmp/kafka-logs with properties {compression.type -> producer, message.format.version -> 1.0-IV0, file.delete.delay.ms -> 60000, max.message.bytes -> 1000012, min.compaction.lag.ms -> 0, message.timestamp.type -> CreateTime, min.insync.replicas -> 1, segment.jitter.ms -> 0, preallocate -> false, min.cleanable.dirty.ratio -> 0.5, index.interval.bytes -> 4096, unclean.leader.election.enable -> false, retention.bytes -> -1, delete.retention.ms -> 86400000, cleanup.policy -> [delete], flush.ms -> 9223372036854775807, segment.ms -> 604800000, segment.bytes -> 1073741824, retention.ms -> 604800000, message.timestamp.difference.max.ms -> 9223372036854775807, segment.index.bytes -> 10485760, flush.messages -> 9223372036854775807}. (kafka.log.LogManager)
[2018-06-27 19:53:07,836] INFO Replica loaded for partition framefeeder-0 with initial high watermark 0 (kafka.cluster.Replica)
[2018-06-27 19:53:07,836] INFO [Partition framefeeder-0 broker=0] framefeeder-0 starts at Leader Epoch 0 from offset 0. Previous Leader Epoch was: -1 (kafka.cluster.Partition)
[2018-06-27 19:53:07,915] INFO Updated PartitionLeaderEpoch. New: {epoch:0, offset:0}, Current: {epoch:-1, offset-1} for Partition: framefeeder-0. Cache now contains 0 entries. (kafka.server.epoch.LeaderEpochFileCache)
[2018-06-27 19:53:20,358] INFO Deleting index /tmp/kafka-logs/framefeeder-0.fcef6ddd13114f8d941fdf24f6ab837f-delete/00000000000000000000.index (kafka.log.OffsetIndex)
[2018-06-27 19:53:20,359] INFO Deleting index /tmp/kafka-logs/framefeeder-0.fcef6ddd13114f8d941fdf24f6ab837f-delete/00000000000000000000.timeindex (kafka.log.TimeIndex)
[2018-06-27 19:53:20,360] INFO Deleted log for partition framefeeder-0 in /tmp/kafka-logs/framefeeder-0.fcef6ddd13114f8d941fdf24f6ab837f-delete. (kafka.log.LogManager)
[2018-06-27 19:53:44,147] INFO [GroupMetadataManager brokerId=0] Removed 0 expired offsets in 0 milliseconds. (kafka.coordinator.group.GroupMetadataManager)
[2018-06-27 19:53:44,158] INFO [ReplicaFetcherManager on broker 0] Removed fetcher for partitions framefeeder-0 (kafka.server.ReplicaFetcherManager)
[2018-06-27 19:53:44,159] INFO [ReplicaFetcherManager on broker 0] Removed fetcher for partitions  (kafka.server.ReplicaFetcherManager)
[2018-06-27 19:53:44,159] INFO [ReplicaFetcherManager on broker 0] Removed fetcher for partitions framefeeder-0 (kafka.server.ReplicaFetcherManager)
[2018-06-27 19:53:44,172] INFO Log for partition framefeeder-0 is renamed to /tmp/kafka-logs/framefeeder-0.b721d7076e454a37a24d582548e00fee-delete and is scheduled for deletion (kafka.log.LogManager)
[2018-06-27 19:54:20,358] INFO Deleting index /tmp/kafka-logs/framefeeder-0.b721d7076e454a37a24d582548e00fee-delete/00000000000000000000.index (kafka.log.OffsetIndex)
[2018-06-27 19:54:20,358] INFO Deleting index /tmp/kafka-logs/framefeeder-0.b721d7076e454a37a24d582548e00fee-delete/00000000000000000000.timeindex (kafka.log.TimeIndex)
[2018-06-27 19:54:20,358] INFO Deleted log for partition framefeeder-0 in /tmp/kafka-logs/framefeeder-0.b721d7076e454a37a24d582548e00fee-delete. (kafka.log.LogManager)
[2018-06-27 19:54:44,132] INFO Topic creation {"version":1,"partitions":{"0":[0]}} (kafka.admin.AdminUtils$)
[2018-06-27 19:54:44,137] INFO [KafkaApi-0] Auto creation of topic framefeeder with 1 partitions and replication factor 1 is successful (kafka.server.KafkaApis)
[2018-06-27 19:54:44,165] INFO [ReplicaFetcherManager on broker 0] Removed fetcher for partitions framefeeder-0 (kafka.server.ReplicaFetcherManager)
[2018-06-27 19:54:44,167] INFO Loading producer state from offset 0 for partition framefeeder-0 with message format version 2 (kafka.log.Log)
[2018-06-27 19:54:44,167] INFO Completed load of log framefeeder-0 with 1 log segments, log start offset 0 and log end offset 0 in 1 ms (kafka.log.Log)
[2018-06-27 19:54:44,168] INFO Created log for partition [framefeeder,0] in /tmp/kafka-logs with properties {compression.type -> producer, message.format.version -> 1.0-IV0, file.delete.delay.ms -> 60000, max.message.bytes -> 1000012, min.compaction.lag.ms -> 0, message.timestamp.type -> CreateTime, min.insync.replicas -> 1, segment.jitter.ms -> 0, preallocate -> false, min.cleanable.dirty.ratio -> 0.5, index.interval.bytes -> 4096, unclean.leader.election.enable -> false, retention.bytes -> -1, delete.retention.ms -> 86400000, cleanup.policy -> [delete], flush.ms -> 9223372036854775807, segment.ms -> 604800000, segment.bytes -> 1073741824, retention.ms -> 604800000, message.timestamp.difference.max.ms -> 9223372036854775807, segment.index.bytes -> 10485760, flush.messages -> 9223372036854775807}. (kafka.log.LogManager)
[2018-06-27 19:54:44,168] INFO Replica loaded for partition framefeeder-0 with initial high watermark 0 (kafka.cluster.Replica)
[2018-06-27 19:54:44,168] INFO [Partition framefeeder-0 broker=0] framefeeder-0 starts at Leader Epoch 0 from offset 0. Previous Leader Epoch was: -1 (kafka.cluster.Partition)
[2018-06-27 19:55:32,156] INFO [GroupMetadataManager brokerId=0] Removed 0 expired offsets in 0 milliseconds. (kafka.coordinator.group.GroupMetadataManager)
[2018-06-27 19:55:32,162] INFO [ReplicaFetcherManager on broker 0] Removed fetcher for partitions framefeeder-0 (kafka.server.ReplicaFetcherManager)
[2018-06-27 19:55:32,163] INFO [ReplicaFetcherManager on broker 0] Removed fetcher for partitions  (kafka.server.ReplicaFetcherManager)
[2018-06-27 19:55:32,163] INFO [ReplicaFetcherManager on broker 0] Removed fetcher for partitions framefeeder-0 (kafka.server.ReplicaFetcherManager)
[2018-06-27 19:55:32,185] INFO Log for partition framefeeder-0 is renamed to /tmp/kafka-logs/framefeeder-0.64e0961aa9eb403a8df398af4d80dbda-delete and is scheduled for deletion (kafka.log.LogManager)
[2018-06-27 19:55:50,875] INFO [GroupMetadataManager brokerId=0] Removed 0 expired offsets in 0 milliseconds. (kafka.coordinator.group.GroupMetadataManager)
[2018-06-27 19:55:52,933] INFO Topic creation {"version":1,"partitions":{"0":[0]}} (kafka.admin.AdminUtils$)
[2018-06-27 19:55:52,937] INFO [KafkaApi-0] Auto creation of topic framefeeder with 1 partitions and replication factor 1 is successful (kafka.server.KafkaApis)
[2018-06-27 19:55:52,968] INFO [ReplicaFetcherManager on broker 0] Removed fetcher for partitions framefeeder-0 (kafka.server.ReplicaFetcherManager)
[2018-06-27 19:55:52,970] INFO Loading producer state from offset 0 for partition framefeeder-0 with message format version 2 (kafka.log.Log)
[2018-06-27 19:55:52,970] INFO Completed load of log framefeeder-0 with 1 log segments, log start offset 0 and log end offset 0 in 0 ms (kafka.log.Log)
[2018-06-27 19:55:52,971] INFO Created log for partition [framefeeder,0] in /tmp/kafka-logs with properties {compression.type -> producer, message.format.version -> 1.0-IV0, file.delete.delay.ms -> 60000, max.message.bytes -> 1000012, min.compaction.lag.ms -> 0, message.timestamp.type -> CreateTime, min.insync.replicas -> 1, segment.jitter.ms -> 0, preallocate -> false, min.cleanable.dirty.ratio -> 0.5, index.interval.bytes -> 4096, unclean.leader.election.enable -> false, retention.bytes -> -1, delete.retention.ms -> 86400000, cleanup.policy -> [delete], flush.ms -> 9223372036854775807, segment.ms -> 604800000, segment.bytes -> 1073741824, retention.ms -> 604800000, message.timestamp.difference.max.ms -> 9223372036854775807, segment.index.bytes -> 10485760, flush.messages -> 9223372036854775807}. (kafka.log.LogManager)
[2018-06-27 19:55:52,972] INFO Replica loaded for partition framefeeder-0 with initial high watermark 0 (kafka.cluster.Replica)
[2018-06-27 19:55:52,972] INFO [Partition framefeeder-0 broker=0] framefeeder-0 starts at Leader Epoch 0 from offset 0. Previous Leader Epoch was: -1 (kafka.cluster.Partition)
[2018-06-27 19:55:53,107] INFO Updated PartitionLeaderEpoch. New: {epoch:0, offset:0}, Current: {epoch:-1, offset-1} for Partition: framefeeder-0. Cache now contains 0 entries. (kafka.server.epoch.LeaderEpochFileCache)
[2018-06-27 19:56:20,357] INFO Deleting index /tmp/kafka-logs/framefeeder-0.64e0961aa9eb403a8df398af4d80dbda-delete/00000000000000000000.index (kafka.log.OffsetIndex)
[2018-06-27 19:56:20,357] INFO Deleting index /tmp/kafka-logs/framefeeder-0.64e0961aa9eb403a8df398af4d80dbda-delete/00000000000000000000.timeindex (kafka.log.TimeIndex)
[2018-06-27 19:56:20,357] INFO Deleted log for partition framefeeder-0 in /tmp/kafka-logs/framefeeder-0.64e0961aa9eb403a8df398af4d80dbda-delete. (kafka.log.LogManager)
